1488950263422	geckodriver	INFO	Listening on 127.0.0.1:33711
1488950264307	mozprofile::profile	INFO	Using profile path /tmp/rust_mozprofile.JxXzRDcmDxlN
1488950264308	geckodriver::marionette	INFO	Starting browser /usr/bin/firefox
1488950264336	geckodriver::marionette	INFO	Connecting to Marionette on localhost:45783
1488950269338	Marionette	INFO	Listening on port 45783
JavaScript error: http://j.adlooxtracking.com/ads/js/tfav_infectiousg_banoneinf.js, line 31: NS_ERROR_FAILURE: 
JavaScript error: http://j.adlooxtracking.com/ads/js/tfav_infectiousg_banoneinf.js, line 31: NS_ERROR_FAILURE: 
JavaScript error: http://j.adlooxtracking.com/ads/js/tfav_infectiousg_banoneinf.js, line 31: NS_ERROR_FAILURE: 
JavaScript error: http://j.adlooxtracking.com/ads/js/tfav_infectiousg_banoneinf.js, line 31: NS_ERROR_FAILURE: 
JavaScript error: http://j.adlooxtracking.com/ads/js/tfav_infectiousg_banoneinf.js, line 31: NS_ERROR_FAILURE: 
[Child 6335] ###!!! ABORT: Aborting on channel error.: file /build/firefox-z5GTBX/firefox-51.0.1+build2/ipc/glue/MessageChannel.cpp, line 2056
[Child 6335] ###!!! ABORT: Aborting on channel error.: file /build/firefox-z5GTBX/firefox-51.0.1+build2/ipc/glue/MessageChannel.cpp, line 2056

###!!! [Child][MessageChannel] Error: (msgtype=0x420003,name=PCompositable::Msg_Destroy) Channel error: cannot send/recv


###!!! [Child][MessageChannel] Error: (msgtype=0x1040003,name=PTexture::Msg_Destroy) Channel error: cannot send/recv


###!!! [Child][MessageChannel] Error: (msgtype=0x1040003,name=PTexture::Msg_Destroy) Channel error: cannot send/recv


###!!! [Child][MessageChannel] Error: (msgtype=0x420003,name=PCompositable::Msg_Destroy) Channel error: cannot send/recv


###!!! [Child][MessageChannel] Error: (msgtype=0x1040003,name=PTexture::Msg_Destroy) Channel error: cannot send/recv


###!!! [Child][MessageChannel] Error: (msgtype=0x1040003,name=PTexture::Msg_Destroy) Channel error: cannot send/recv


###!!! [Child][MessageChannel] Error: (msgtype=0x420003,name=PCompositable::Msg_Destroy) Channel error: cannot send/recv


###!!! [Child][MessageChannel] Error: (msgtype=0x1040003,name=PTexture::Msg_Destroy) Channel error: cannot send/recv


###!!! [Child][MessageChannel] Error: (msgtype=0x1040003,name=PTexture::Msg_Destroy) Channel error: cannot send/recv


###!!! [Child][MessageChannel] Error: (msgtype=0x420003,name=PCompositable::Msg_Destroy) Channel error: cannot send/recv

1488950423550	geckodriver	INFO	Listening on 127.0.0.1:50051
1488950424548	mozprofile::profile	INFO	Using profile path /tmp/rust_mozprofile.B3XcnbllU3me
1488950424549	geckodriver::marionette	INFO	Starting browser /usr/bin/firefox
1488950424552	geckodriver::marionette	INFO	Connecting to Marionette on localhost:46277
1488950425699	Marionette	INFO	Listening on port 46277
[Child 6743] ###!!! ABORT: Aborting on channel error.: file /build/firefox-z5GTBX/firefox-51.0.1+build2/ipc/glue/MessageChannel.cpp, line 2056
[Child 6743] ###!!! ABORT: Aborting on channel error.: file /build/firefox-z5GTBX/firefox-51.0.1+build2/ipc/glue/MessageChannel.cpp, line 2056

###!!! [Child][MessageChannel] Error: (msgtype=0x420003,name=PCompositable::Msg_Destroy) Channel error: cannot send/recv


###!!! [Child][MessageChannel] Error: (msgtype=0x420003,name=PCompositable::Msg_Destroy) Channel error: cannot send/recv


###!!! [Child][MessageChannel] Error: (msgtype=0x1040003,name=PTexture::Msg_Destroy) Channel error: cannot send/recv


###!!! [Child][MessageChannel] Error: (msgtype=0x1040003,name=PTexture::Msg_Destroy) Channel error: cannot send/recv


###!!! [Child][MessageChannel] Error: (msgtype=0x420003,name=PCompositable::Msg_Destroy) Channel error: cannot send/recv


###!!! [Child][MessageChannel] Error: (msgtype=0x1040003,name=PTexture::Msg_Destroy) Channel error: cannot send/recv


###!!! [Child][MessageChannel] Error: (msgtype=0x1040003,name=PTexture::Msg_Destroy) Channel error: cannot send/recv


###!!! [Child][MessageChannel] Error: (msgtype=0x420003,name=PCompositable::Msg_Destroy) Channel error: cannot send/recv


###!!! [Child][MessageChannel] Error: (msgtype=0x1040003,name=PTexture::Msg_Destroy) Channel error: cannot send/recv


###!!! [Child][MessageChannel] Error: (msgtype=0x1040003,name=PTexture::Msg_Destroy) Channel error: cannot send/recv

1488950513678	geckodriver	INFO	Listening on 127.0.0.1:60480
1488950514677	mozprofile::profile	INFO	Using profile path /tmp/rust_mozprofile.tr8sKlL7mVMc
1488950514679	geckodriver::marionette	INFO	Starting browser /usr/bin/firefox
1488950514684	geckodriver::marionette	INFO	Connecting to Marionette on localhost:38645
1488950515826	Marionette	INFO	Listening on port 38645
JavaScript error: http://j.adlooxtracking.com/ads/js/tfav_infectiousg_banoneinf.js, line 31: NS_ERROR_FAILURE: 
JavaScript error: http://j.adlooxtracking.com/ads/js/tfav_infectiousg_banoneinf.js, line 31: NS_ERROR_FAILURE: 
JavaScript error: http://j.adlooxtracking.com/ads/js/tfav_infectiousg_banoneinf.js, line 31: NS_ERROR_FAILURE: 
JavaScript error: http://j.adlooxtracking.com/ads/js/tfav_infectiousg_banoneinf.js, line 31: NS_ERROR_FAILURE: 
JavaScript error: http://j.adlooxtracking.com/ads/js/tfav_infectiousg_banoneinf.js, line 31: NS_ERROR_FAILURE: 
JavaScript error: http://j.adlooxtracking.com/ads/js/tfav_infectiousg_banoneinf.js, line 31: NS_ERROR_FAILURE: 
JavaScript error: http://j.adlooxtracking.com/ads/js/tfav_infectiousg_banoneinf.js, line 31: NS_ERROR_FAILURE: 
JavaScript error: http://j.adlooxtracking.com/ads/js/tfav_infectiousg_banoneinf.js, line 31: NS_ERROR_FAILURE: 
JavaScript error: http://j.adlooxtracking.com/ads/js/tfav_infectiousg_banoneinf.js, line 31: NS_ERROR_FAILURE: 
JavaScript error: http://j.adlooxtracking.com/ads/js/tfav_infectiousg_banoneinf.js, line 31: NS_ERROR_FAILURE: 
JavaScript error: http://j.adlooxtracking.com/ads/js/tfav_infectiousg_banoneinf.js, line 31: NS_ERROR_FAILURE: 
JavaScript error: http://j.adlooxtracking.com/ads/js/tfav_infectiousg_banoneinf.js, line 31: NS_ERROR_FAILURE: 
JavaScript error: http://j.adlooxtracking.com/ads/js/tfav_infectiousg_banoneinf.js, line 31: NS_ERROR_FAILURE: 
JavaScript error: http://j.adlooxtracking.com/ads/js/tfav_infectiousg_banoneinf.js, line 31: NS_ERROR_FAILURE: 
JavaScript error: http://j.adlooxtracking.com/ads/js/tfav_infectiousg_banoneinf.js, line 31: NS_ERROR_FAILURE: 
JavaScript error: http://j.adlooxtracking.com/ads/js/tfav_infectiousg_banoneinf.js, line 31: NS_ERROR_FAILURE: 
JavaScript error: http://j.adlooxtracking.com/ads/js/tfav_infectiousg_banoneinf.js, line 31: NS_ERROR_FAILURE: 
JavaScript error: http://j.adlooxtracking.com/ads/js/tfav_infectiousg_banoneinf.js, line 31: NS_ERROR_FAILURE: 
JavaScript error: http://j.adlooxtracking.com/ads/js/tfav_infectiousg_banoneinf.js, line 31: NS_ERROR_FAILURE: 
JavaScript error: http://j.adlooxtracking.com/ads/js/tfav_infectiousg_banoneinf.js, line 31: NS_ERROR_FAILURE: 
JavaScript error: http://j.adlooxtracking.com/ads/js/tfav_infectiousg_banoneinf.js, line 31: NS_ERROR_FAILURE: 
JavaScript error: http://j.adlooxtracking.com/ads/js/tfav_infectiousg_banoneinf.js, line 31: NS_ERROR_FAILURE: 
JavaScript error: http://j.adlooxtracking.com/ads/js/tfav_infectiousg_banoneinf.js, line 31: NS_ERROR_FAILURE: 
JavaScript error: http://j.adlooxtracking.com/ads/js/tfav_infectiousg_banoneinf.js, line 31: NS_ERROR_FAILURE: 
JavaScript error: http://j.adlooxtracking.com/ads/js/tfav_infectiousg_banoneinf.js, line 31: NS_ERROR_FAILURE: 
JavaScript error: http://j.adlooxtracking.com/ads/js/tfav_infectiousg_banoneinf.js, line 31: NS_ERROR_FAILURE: 
JavaScript error: http://j.adlooxtracking.com/ads/js/tfav_infectiousg_banoneinf.js, line 31: NS_ERROR_FAILURE: 
JavaScript error: http://j.adlooxtracking.com/ads/js/tfav_infectiousg_banoneinf.js, line 31: NS_ERROR_FAILURE: 
JavaScript error: http://j.adlooxtracking.com/ads/js/tfav_infectiousg_banoneinf.js, line 31: NS_ERROR_FAILURE: 
JavaScript error: http://j.adlooxtracking.com/ads/js/tfav_infectiousg_banoneinf.js, line 31: NS_ERROR_FAILURE: 
JavaScript error: http://j.adlooxtracking.com/ads/js/tfav_infectiousg_banoneinf.js, line 31: NS_ERROR_FAILURE: 
JavaScript error: http://j.adlooxtracking.com/ads/js/tfav_infectiousg_banoneinf.js, line 31: NS_ERROR_FAILURE: 
JavaScript error: http://j.adlooxtracking.com/ads/js/tfav_infectiousg_banoneinf.js, line 31: NS_ERROR_FAILURE: 
JavaScript error: http://j.adlooxtracking.com/ads/js/tfav_infectiousg_banoneinf.js, line 31: NS_ERROR_FAILURE: 
JavaScript error: http://j.adlooxtracking.com/ads/js/tfav_infectiousg_banoneinf.js, line 31: NS_ERROR_FAILURE: 
JavaScript error: http://j.adlooxtracking.com/ads/js/tfav_infectiousg_banoneinf.js, line 31: NS_ERROR_FAILURE: 
JavaScript error: http://j.adlooxtracking.com/ads/js/tfav_infectiousg_banoneinf.js, line 31: NS_ERROR_FAILURE: 
JavaScript error: http://j.adlooxtracking.com/ads/js/tfav_infectiousg_banoneinf.js, line 31: NS_ERROR_FAILURE: 
JavaScript error: http://j.adlooxtracking.com/ads/js/tfav_infectiousg_banoneinf.js, line 31: NS_ERROR_FAILURE: 
JavaScript error: http://j.adlooxtracking.com/ads/js/tfav_infectiousg_banoneinf.js, line 31: NS_ERROR_FAILURE: 
JavaScript error: http://j.adlooxtracking.com/ads/js/tfav_infectiousg_banoneinf.js, line 31: NS_ERROR_FAILURE: 
JavaScript error: http://j.adlooxtracking.com/ads/js/tfav_infectiousg_banoneinf.js, line 31: NS_ERROR_FAILURE: 
JavaScript error: http://j.adlooxtracking.com/ads/js/tfav_infectiousg_banoneinf.js, line 31: NS_ERROR_FAILURE: 
JavaScript error: http://j.adlooxtracking.com/ads/js/tfav_infectiousg_banoneinf.js, line 31: NS_ERROR_FAILURE: 
JavaScript error: http://j.adlooxtracking.com/ads/js/tfav_infectiousg_banoneinf.js, line 31: NS_ERROR_FAILURE: 
JavaScript error: http://j.adlooxtracking.com/ads/js/tfav_infectiousg_banoneinf.js, line 31: NS_ERROR_FAILURE: 
JavaScript error: http://j.adlooxtracking.com/ads/js/tfav_infectiousg_banoneinf.js, line 31: NS_ERROR_FAILURE: 
JavaScript error: http://j.adlooxtracking.com/ads/js/tfav_infectiousg_banoneinf.js, line 31: NS_ERROR_FAILURE: 
JavaScript error: http://j.adlooxtracking.com/ads/js/tfav_infectiousg_banoneinf.js, line 31: NS_ERROR_FAILURE: 
JavaScript error: http://j.adlooxtracking.com/ads/js/tfav_infectiousg_banoneinf.js, line 31: NS_ERROR_FAILURE: 
JavaScript error: http://j.adlooxtracking.com/ads/js/tfav_infectiousg_banoneinf.js, line 31: NS_ERROR_FAILURE: 
JavaScript error: http://j.adlooxtracking.com/ads/js/tfav_infectiousg_banoneinf.js, line 31: NS_ERROR_FAILURE: 
JavaScript error: http://j.adlooxtracking.com/ads/js/tfav_infectiousg_banoneinf.js, line 31: NS_ERROR_FAILURE: 
JavaScript error: http://j.adlooxtracking.com/ads/js/tfav_infectiousg_banoneinf.js, line 31: NS_ERROR_FAILURE: 
JavaScript error: http://j.adlooxtracking.com/ads/js/tfav_infectiousg_banoneinf.js, line 31: NS_ERROR_FAILURE: 
JavaScript error: http://j.adlooxtracking.com/ads/js/tfav_infectiousg_banoneinf.js, line 31: NS_ERROR_FAILURE: 
JavaScript error: http://j.adlooxtracking.com/ads/js/tfav_infectiousg_banoneinf.js, line 31: NS_ERROR_FAILURE: 
JavaScript error: http://j.adlooxtracking.com/ads/js/tfav_infectiousg_banoneinf.js, line 31: NS_ERROR_FAILURE: 
JavaScript error: http://j.adlooxtracking.com/ads/js/tfav_infectiousg_banoneinf.js, line 31: NS_ERROR_FAILURE: 
JavaScript error: http://j.adlooxtracking.com/ads/js/tfav_infectiousg_banoneinf.js, line 31: NS_ERROR_FAILURE: 
JavaScript error: http://j.adlooxtracking.com/ads/js/tfav_infectiousg_banoneinf.js, line 31: NS_ERROR_FAILURE: 
JavaScript error: http://j.adlooxtracking.com/ads/js/tfav_infectiousg_banoneinf.js, line 31: NS_ERROR_FAILURE: 
JavaScript error: http://j.adlooxtracking.com/ads/js/tfav_infectiousg_banoneinf.js, line 31: NS_ERROR_FAILURE: 
JavaScript error: http://j.adlooxtracking.com/ads/js/tfav_infectiousg_banoneinf.js, line 31: NS_ERROR_FAILURE: 
JavaScript error: http://j.adlooxtracking.com/ads/js/tfav_infectiousg_banoneinf.js, line 31: NS_ERROR_FAILURE: 
JavaScript error: http://j.adlooxtracking.com/ads/js/tfav_infectiousg_banoneinf.js, line 31: NS_ERROR_FAILURE: 
JavaScript error: http://j.adlooxtracking.com/ads/js/tfav_infectiousg_banoneinf.js, line 31: NS_ERROR_FAILURE: 
JavaScript error: http://j.adlooxtracking.com/ads/js/tfav_infectiousg_banoneinf.js, line 31: NS_ERROR_FAILURE: 
JavaScript error: http://j.adlooxtracking.com/ads/js/tfav_infectiousg_banoneinf.js, line 31: NS_ERROR_FAILURE: 
JavaScript error: http://j.adlooxtracking.com/ads/js/tfav_infectiousg_banoneinf.js, line 31: NS_ERROR_FAILURE: 
JavaScript error: http://j.adlooxtracking.com/ads/js/tfav_infectiousg_banoneinf.js, line 31: NS_ERROR_FAILURE: 
JavaScript error: http://j.adlooxtracking.com/ads/js/tfav_infectiousg_banoneinf.js, line 31: NS_ERROR_FAILURE: 
JavaScript error: http://j.adlooxtracking.com/ads/js/tfav_infectiousg_banoneinf.js, line 31: NS_ERROR_FAILURE: 
JavaScript error: http://j.adlooxtracking.com/ads/js/tfav_infectiousg_banoneinf.js, line 31: NS_ERROR_FAILURE: 
JavaScript error: http://j.adlooxtracking.com/ads/js/tfav_infectiousg_banoneinf.js, line 31: NS_ERROR_FAILURE: 
JavaScript error: http://j.adlooxtracking.com/ads/js/tfav_infectiousg_banoneinf.js, line 31: NS_ERROR_FAILURE: 
JavaScript error: http://j.adlooxtracking.com/ads/js/tfav_infectiousg_banoneinf.js, line 31: NS_ERROR_FAILURE: 
JavaScript error: http://j.adlooxtracking.com/ads/js/tfav_infectiousg_banoneinf.js, line 31: NS_ERROR_FAILURE: 
JavaScript error: http://j.adlooxtracking.com/ads/js/tfav_infectiousg_banoneinf.js, line 31: NS_ERROR_FAILURE: 
JavaScript error: http://j.adlooxtracking.com/ads/js/tfav_infectiousg_banoneinf.js, line 31: NS_ERROR_FAILURE: 
JavaScript error: http://j.adlooxtracking.com/ads/js/tfav_infectiousg_banoneinf.js, line 31: NS_ERROR_FAILURE: 
JavaScript error: http://j.adlooxtracking.com/ads/js/tfav_infectiousg_banoneinf.js, line 31: NS_ERROR_FAILURE: 
JavaScript error: http://j.adlooxtracking.com/ads/js/tfav_infectiousg_banoneinf.js, line 31: NS_ERROR_FAILURE: 
JavaScript error: http://j.adlooxtracking.com/ads/js/tfav_infectiousg_banoneinf.js, line 31: NS_ERROR_FAILURE: 
JavaScript error: http://j.adlooxtracking.com/ads/js/tfav_infectiousg_banoneinf.js, line 31: NS_ERROR_FAILURE: 
JavaScript error: http://j.adlooxtracking.com/ads/js/tfav_infectiousg_banoneinf.js, line 31: NS_ERROR_FAILURE: 
JavaScript error: http://j.adlooxtracking.com/ads/js/tfav_infectiousg_banoneinf.js, line 31: NS_ERROR_FAILURE: 
JavaScript error: http://j.adlooxtracking.com/ads/js/tfav_infectiousg_banoneinf.js, line 31: NS_ERROR_FAILURE: 
JavaScript error: http://j.adlooxtracking.com/ads/js/tfav_infectiousg_banoneinf.js, line 31: NS_ERROR_FAILURE: 
JavaScript error: http://j.adlooxtracking.com/ads/js/tfav_infectiousg_banoneinf.js, line 31: NS_ERROR_FAILURE: 
JavaScript error: http://j.adlooxtracking.com/ads/js/tfav_infectiousg_banoneinf.js, line 31: NS_ERROR_FAILURE: 
JavaScript error: http://j.adlooxtracking.com/ads/js/tfav_infectiousg_banoneinf.js, line 31: NS_ERROR_FAILURE: 
JavaScript error: http://j.adlooxtracking.com/ads/js/tfav_infectiousg_banoneinf.js, line 31: NS_ERROR_FAILURE: 
JavaScript error: http://j.adlooxtracking.com/ads/js/tfav_infectiousg_banoneinf.js, line 31: NS_ERROR_FAILURE: 
JavaScript error: http://j.adlooxtracking.com/ads/js/tfav_infectiousg_banoneinf.js, line 31: NS_ERROR_FAILURE: 
[Child 6913] ###!!! ABORT: Aborting on channel error.: file /build/firefox-z5GTBX/firefox-51.0.1+build2/ipc/glue/MessageChannel.cpp, line 2056
[Child 6913] ###!!! ABORT: Aborting on channel error.: file /build/firefox-z5GTBX/firefox-51.0.1+build2/ipc/glue/MessageChannel.cpp, line 2056
###!!! [Child][MessageChannel] Error: (msgtype=0x1040003,name=PTexture::Msg_Destroy) Channel error: cannot send/recv


###!!! [Child][MessageChannel] Error: (msgtype=0x1040003,name=PTexture::Msg_Destroy) Channel error: cannot send/recv


###!!! [Child][MessageChannel] Error: (msgtype=0x420003,name=PCompositable::Msg_Destroy) Channel error: cannot send/recv


###!!! [Child][MessageChannel] Error: (msgtype=0x420003,name=PCompositable::Msg_Destroy) Channel error: cannot send/recv


###!!! [Child][MessageChannel] Error: (msgtype=0x1040003,name=PTexture::Msg_Destroy) Channel error: cannot send/recv


###!!! [Child][MessageChannel] Error: (msgtype=0x1040003,name=PTexture::Msg_Destroy) Channel error: cannot send/recv


###!!! [Child][MessageChannel] Error: (msgtype=0x420003,name=PCompositable::Msg_Destroy) Channel error: cannot send/recv


###!!! [Child][MessageChannel] Error: (msgtype=0x1040003,name=PTexture::Msg_Destroy) Channel error: cannot send/recv


###!!! [Child][MessageChannel] Error: (msgtype=0x1040003,name=PTexture::Msg_Destroy) Channel error: cannot send/recv


###!!! [Child][MessageChannel] Error: (msgtype=0x420003,name=PCompositable::Msg_Destroy) Channel error: cannot send/recv


###!!! [Child][MessageChannel] Error: (msgtype=0x1040003,name=PTexture::Msg_Destroy) Channel error: cannot send/recv


###!!! [Child][MessageChannel] Error: (msgtype=0x1040003,name=PTexture::Msg_Destroy) Channel error: cannot send/recv


###!!! [Child][MessageChannel] Error: (msgtype=0x420003,name=PCompositable::Msg_Destroy) Channel error: cannot send/recv


###!!! [Child][MessageChannel] Error: (msgtype=0x420003,name=PCompositable::Msg_Destroy) Channel error: cannot send/recv


1488951362996	geckodriver	INFO	Listening on 127.0.0.1:45281
1488951363998	mozprofile::profile	INFO	Using profile path /tmp/rust_mozprofile.qY832oeOcXaK
1488951363999	geckodriver::marionette	INFO	Starting browser /usr/bin/firefox
1488951364005	geckodriver::marionette	INFO	Connecting to Marionette on localhost:39658
1488951365437	Marionette	INFO	Listening on port 39658
JavaScript error: http://j.adlooxtracking.com/ads/js/tfav_infectiousg_banoneinf.js, line 31: NS_ERROR_FAILURE: 
JavaScript error: http://j.adlooxtracking.com/ads/js/tfav_infectiousg_banoneinf.js, line 31: NS_ERROR_FAILURE: 
JavaScript error: http://j.adlooxtracking.com/ads/js/tfav_infectiousg_banoneinf.js, line 31: NS_ERROR_FAILURE: 
JavaScript error: http://j.adlooxtracking.com/ads/js/tfav_infectiousg_banoneinf.js, line 31: NS_ERROR_FAILURE: 
JavaScript error: http://j.adlooxtracking.com/ads/js/tfav_infectiousg_banoneinf.js, line 31: NS_ERROR_FAILURE: 
JavaScript error: http://j.adlooxtracking.com/ads/js/tfav_infectiousg_banoneinf.js, line 31: NS_ERROR_FAILURE: 
JavaScript error: http://j.adlooxtracking.com/ads/js/tfav_infectiousg_banoneinf.js, line 31: NS_ERROR_FAILURE: 
JavaScript error: http://j.adlooxtracking.com/ads/js/tfav_infectiousg_banoneinf.js, line 31: NS_ERROR_FAILURE: 
JavaScript error: http://j.adlooxtracking.com/ads/js/tfav_infectiousg_banoneinf.js, line 31: NS_ERROR_FAILURE: 
JavaScript error: http://j.adlooxtracking.com/ads/js/tfav_infectiousg_banoneinf.js, line 31: NS_ERROR_FAILURE: 
JavaScript error: http://j.adlooxtracking.com/ads/js/tfav_infectiousg_banoneinf.js, line 31: NS_ERROR_FAILURE: 
JavaScript error: http://j.adlooxtracking.com/ads/js/tfav_infectiousg_banoneinf.js, line 31: NS_ERROR_FAILURE: 
JavaScript error: http://j.adlooxtracking.com/ads/js/tfav_infectiousg_banoneinf.js, line 31: NS_ERROR_FAILURE: 
JavaScript error: http://j.adlooxtracking.com/ads/js/tfav_infectiousg_banoneinf.js, line 31: NS_ERROR_FAILURE: 
JavaScript error: http://j.adlooxtracking.com/ads/js/tfav_infectiousg_banoneinf.js, line 31: NS_ERROR_FAILURE: 
JavaScript error: http://j.adlooxtracking.com/ads/js/tfav_infectiousg_banoneinf.js, line 31: NS_ERROR_FAILURE: 
JavaScript error: http://j.adlooxtracking.com/ads/js/tfav_infectiousg_banoneinf.js, line 31: NS_ERROR_FAILURE: 
JavaScript error: http://j.adlooxtracking.com/ads/js/tfav_infectiousg_banoneinf.js, line 31: NS_ERROR_FAILURE: 
JavaScript error: http://j.adlooxtracking.com/ads/js/tfav_infectiousg_banoneinf.js, line 31: NS_ERROR_FAILURE: 
JavaScript error: http://j.adlooxtracking.com/ads/js/tfav_infectiousg_banoneinf.js, line 31: NS_ERROR_FAILURE: 
JavaScript error: http://j.adlooxtracking.com/ads/js/tfav_infectiousg_banoneinf.js, line 31: NS_ERROR_FAILURE: 
JavaScript error: http://j.adlooxtracking.com/ads/js/tfav_infectiousg_banoneinf.js, line 31: NS_ERROR_FAILURE: 
JavaScript error: http://j.adlooxtracking.com/ads/js/tfav_infectiousg_banoneinf.js, line 31: NS_ERROR_FAILURE: 
JavaScript error: http://j.adlooxtracking.com/ads/js/tfav_infectiousg_banoneinf.js, line 31: NS_ERROR_FAILURE: 
JavaScript error: http://j.adlooxtracking.com/ads/js/tfav_infectiousg_banoneinf.js, line 31: NS_ERROR_FAILURE: 
JavaScript error: http://j.adlooxtracking.com/ads/js/tfav_infectiousg_banoneinf.js, line 31: NS_ERROR_FAILURE: 
JavaScript error: http://j.adlooxtracking.com/ads/js/tfav_infectiousg_banoneinf.js, line 31: NS_ERROR_FAILURE: 
JavaScript error: http://j.adlooxtracking.com/ads/js/tfav_infectiousg_banoneinf.js, line 31: NS_ERROR_FAILURE: 
JavaScript error: http://j.adlooxtracking.com/ads/js/tfav_infectiousg_banoneinf.js, line 31: NS_ERROR_FAILURE: 
JavaScript error: http://j.adlooxtracking.com/ads/js/tfav_infectiousg_banoneinf.js, line 31: NS_ERROR_FAILURE: 
JavaScript error: http://j.adlooxtracking.com/ads/js/tfav_infectiousg_banoneinf.js, line 31: NS_ERROR_FAILURE: 
1488952542680	geckodriver	INFO	Listening on 127.0.0.1:39994
1488952542694	geckodriver	INFO	Listening on 127.0.0.1:50949
1488952543678	mozprofile::profile	INFO	Using profile path /tmp/rust_mozprofile.4ISZCIhKWUIP
1488952543678	geckodriver::marionette	INFO	Starting browser /usr/bin/firefox
1488952543681	geckodriver::marionette	INFO	Connecting to Marionette on localhost:40794
1488952543692	mozprofile::profile	INFO	Using profile path /tmp/rust_mozprofile.UW0jxAQrkKUE
1488952543695	geckodriver::marionette	INFO	Starting browser /usr/bin/firefox
1488952543700	geckodriver::marionette	INFO	Connecting to Marionette on localhost:40056
1488952544115	addons.manager	DEBUG	Application has been upgraded
1488952544143	addons.manager	DEBUG	Loaded provider scope for resource://gre/modules/addons/XPIProvider.jsm: ["XPIProvider"]
1488952544146	addons.manager	DEBUG	Loaded provider scope for resource://gre/modules/LightweightThemeManager.jsm: ["LightweightThemeManager"]
1488952544154	addons.manager	DEBUG	Loaded provider scope for resource://gre/modules/addons/GMPProvider.jsm
1488952544157	addons.manager	DEBUG	Loaded provider scope for resource://gre/modules/addons/PluginProvider.jsm
1488952544159	addons.manager	DEBUG	Starting provider: XPIProvider
1488952544159	addons.xpi	DEBUG	startup
1488952544160	addons.xpi	INFO	SystemAddonInstallLocation directory is missing
1488952544161	addons.xpi	INFO	Mapping e10srollout@mozilla.org to /usr/lib/firefox/browser/features/e10srollout@mozilla.org.xpi
1488952544162	addons.xpi	INFO	Mapping webcompat@mozilla.org to /usr/lib/firefox/browser/features/webcompat@mozilla.org.xpi
1488952544163	addons.xpi	INFO	Mapping firefox@getpocket.com to /usr/lib/firefox/browser/features/firefox@getpocket.com.xpi
1488952544163	addons.xpi	INFO	Mapping aushelper@mozilla.org to /usr/lib/firefox/browser/features/aushelper@mozilla.org.xpi
1488952544164	addons.xpi	INFO	Mapping {972ce4c6-7e08-4474-a285-3208198ce6fd} to /usr/lib/firefox/browser/extensions/{972ce4c6-7e08-4474-a285-3208198ce6fd}.xpi
1488952544165	addons.xpi	DEBUG	checkForChanges
1488952544166	addons.xpi	DEBUG	Loaded add-on state from prefs: {}
1488952544168	addons.xpi	DEBUG	New add-on e10srollout@mozilla.org in app-system-defaults
1488952544169	addons.xpi	DEBUG	getModTime: Recursive scan of e10srollout@mozilla.org
1488952544170	addons.xpi	DEBUG	New add-on webcompat@mozilla.org in app-system-defaults
1488952544170	addons.xpi	DEBUG	getModTime: Recursive scan of webcompat@mozilla.org
1488952544171	addons.xpi	DEBUG	New add-on firefox@getpocket.com in app-system-defaults
1488952544172	addons.xpi	DEBUG	getModTime: Recursive scan of firefox@getpocket.com
1488952544172	addons.xpi	DEBUG	New add-on aushelper@mozilla.org in app-system-defaults
1488952544173	addons.xpi	DEBUG	getModTime: Recursive scan of aushelper@mozilla.org
1488952544173	addons.xpi	DEBUG	New add-on {972ce4c6-7e08-4474-a285-3208198ce6fd} in app-global
1488952544174	addons.xpi	DEBUG	getModTime: Recursive scan of {972ce4c6-7e08-4474-a285-3208198ce6fd}
1488952544175	addons.xpi	DEBUG	getInstallState changed: true, state: {"app-system-defaults":{"e10srollout@mozilla.org":{"d":"/usr/lib/firefox/browser/features/e10srollout@mozilla.org.xpi","st":1485985012000},"webcompat@mozilla.org":{"d":"/usr/lib/firefox/browser/features/webcompat@mozilla.org.xpi","st":1485985013000},"firefox@getpocket.com":{"d":"/usr/lib/firefox/browser/features/firefox@getpocket.com.xpi","st":1485985013000},"aushelper@mozilla.org":{"d":"/usr/lib/firefox/browser/features/aushelper@mozilla.org.xpi","st":1485985012000}},"app-global":{"{972ce4c6-7e08-4474-a285-3208198ce6fd}":{"d":"/usr/lib/firefox/browser/extensions/{972ce4c6-7e08-4474-a285-3208198ce6fd}.xpi","st":1485985012000}}}
1488952544186	addons.xpi-utils	DEBUG	Opening XPI database /tmp/rust_mozprofile.UW0jxAQrkKUE/extensions.json
1488952544187	addons.xpi-utils	DEBUG	New add-on e10srollout@mozilla.org installed in app-system-defaults
*** Blocklist::_loadBlocklistFromFile: blocklist is disabled
1488952544204	DeferredSave.extensions.json	DEBUG	Save changes
1488952544205	addons.xpi-utils	DEBUG	New add-on webcompat@mozilla.org installed in app-system-defaults
1488952544210	DeferredSave.extensions.json	DEBUG	Starting timer
1488952544213	DeferredSave.extensions.json	DEBUG	Save changes
1488952544213	addons.xpi-utils	DEBUG	New add-on firefox@getpocket.com installed in app-system-defaults
1488952544224	DeferredSave.extensions.json	DEBUG	Save changes
1488952544224	addons.xpi-utils	DEBUG	New add-on aushelper@mozilla.org installed in app-system-defaults
1488952544233	DeferredSave.extensions.json	DEBUG	Save changes
1488952544235	addons.xpi-utils	DEBUG	New add-on {972ce4c6-7e08-4474-a285-3208198ce6fd} installed in app-global
1488952544242	DeferredSave.extensions.json	DEBUG	Save changes
1488952544242	addons.manager	DEBUG	Registering startup change 'installed' for e10srollout@mozilla.org
1488952544256	addons.xpi	DEBUG	Loading bootstrap scope from /usr/lib/firefox/browser/features/e10srollout@mozilla.org.xpi
1488952544264	addons.xpi	DEBUG	Calling bootstrap method install on e10srollout@mozilla.org version 1.7
1488952544265	addons.xpi-utils	DEBUG	Make addon app-system-defaults:e10srollout@mozilla.org visible
1488952544266	DeferredSave.extensions.json	DEBUG	Save changes
1488952544266	addons.manager	DEBUG	Registering startup change 'installed' for webcompat@mozilla.org
1488952544267	addons.xpi	DEBUG	Loading bootstrap scope from /usr/lib/firefox/browser/features/webcompat@mozilla.org.xpi
1488952544269	addons.xpi	DEBUG	Calling bootstrap method install on webcompat@mozilla.org version 1.0
1488952544269	addons.xpi-utils	DEBUG	Make addon app-system-defaults:webcompat@mozilla.org visible
1488952544270	DeferredSave.extensions.json	DEBUG	Save changes
1488952544271	addons.manager	DEBUG	Registering startup change 'installed' for firefox@getpocket.com
1488952544272	addons.xpi	DEBUG	Loading bootstrap scope from /usr/lib/firefox/browser/features/firefox@getpocket.com.xpi
1488952544278	addons.xpi	DEBUG	Calling bootstrap method install on firefox@getpocket.com version 1.0.5
1488952544278	addons.xpi-utils	DEBUG	Make addon app-system-defaults:firefox@getpocket.com visible
1488952544278	DeferredSave.extensions.json	DEBUG	Save changes
1488952544279	addons.manager	DEBUG	Registering startup change 'installed' for aushelper@mozilla.org
1488952544279	addons.xpi	DEBUG	Loading bootstrap scope from /usr/lib/firefox/browser/features/aushelper@mozilla.org.xpi
1488952544283	addons.xpi	DEBUG	Calling bootstrap method install on aushelper@mozilla.org version 1.0
1488952544283	addons.xpi-utils	DEBUG	Make addon app-system-defaults:aushelper@mozilla.org visible
1488952544284	DeferredSave.extensions.json	DEBUG	Save changes
1488952544284	addons.xpi-utils	DEBUG	Make addon app-global:{972ce4c6-7e08-4474-a285-3208198ce6fd} visible
1488952544285	DeferredSave.extensions.json	DEBUG	Save changes
1488952544285	addons.xpi	DEBUG	Updating XPIState for {"id":"e10srollout@mozilla.org","syncGUID":"{63f03be0-f31a-4b3b-928f-7d7d92bb5787}","location":"app-system-defaults","version":"1.7","type":"extension","internalName":null,"updateURL":null,"updateKey":null,"optionsURL":null,"optionsType":null,"aboutURL":null,"icons":{},"iconURL":null,"icon64URL":null,"defaultLocale":{"name":"Multi-process staged rollout","description":"Staged rollout of Firefox multi-process feature.","creator":null,"homepageURL":null},"visible":true,"active":true,"userDisabled":false,"appDisabled":false,"descriptor":"/usr/lib/firefox/browser/features/e10srollout@mozilla.org.xpi","installDate":1485985012000,"updateDate":1485985012000,"applyBackgroundUpdates":1,"bootstrap":true,"skinnable":false,"size":6997,"sourceURI":null,"releaseNotesURI":null,"softDisabled":false,"foreignInstall":false,"hasBinaryComponents":false,"strictCompatibility":false,"locales":[],"targetApplications":[{"id":"{ec8030f7-c20a-464f-9b0e-13a3a9e97384}","minVersion":"51.0.1","maxVersion":"51.*"}],"targetPlatforms":[],"multiprocessCompatible":true,"seen":true,"dependencies":[],"hasEmbeddedWebExtension":false,"mpcOptedOut":false}
1488952544285	addons.xpi	DEBUG	getModTime: Recursive scan of e10srollout@mozilla.org
1488952544286	addons.xpi	DEBUG	Updating XPIState for {"id":"webcompat@mozilla.org","syncGUID":"{26083855-84a0-4f49-ad47-17ef8732ef7d}","location":"app-system-defaults","version":"1.0","type":"extension","internalName":null,"updateURL":null,"updateKey":null,"optionsURL":null,"optionsType":null,"aboutURL":null,"icons":{},"iconURL":null,"icon64URL":null,"defaultLocale":{"name":"Web Compat","description":"Urgent post-release fixes for web compatibility.","creator":null,"homepageURL":null},"visible":true,"active":true,"userDisabled":false,"appDisabled":false,"descriptor":"/usr/lib/firefox/browser/features/webcompat@mozilla.org.xpi","installDate":1485985013000,"updateDate":1485985013000,"applyBackgroundUpdates":1,"bootstrap":true,"skinnable":false,"size":1570,"sourceURI":null,"releaseNotesURI":null,"softDisabled":false,"foreignInstall":false,"hasBinaryComponents":false,"strictCompatibility":false,"locales":[],"targetApplications":[{"id":"{ec8030f7-c20a-464f-9b0e-13a3a9e97384}","minVersion":"51.0.1","maxVersion":"51.*"}],"targetPlatforms":[],"multiprocessCompatible":true,"seen":true,"dependencies":[],"hasEmbeddedWebExtension":false,"mpcOptedOut":false}
1488952544286	addons.xpi	DEBUG	getModTime: Recursive scan of webcompat@mozilla.org
1488952544287	addons.xpi	DEBUG	Updating XPIState for {"id":"firefox@getpocket.com","syncGUID":"{3bf1577c-dc6c-44c3-bd20-8f7e4c8ffe2e}","location":"app-system-defaults","version":"1.0.5","type":"extension","internalName":null,"updateURL":null,"updateKey":null,"optionsURL":null,"optionsType":null,"aboutURL":null,"icons":{},"iconURL":null,"icon64URL":null,"defaultLocale":{"name":"Pocket","description":"When you find something you want to view later, put it in Pocket.","creator":null,"homepageURL":null},"visible":true,"active":true,"userDisabled":false,"appDisabled":false,"descriptor":"/usr/lib/firefox/browser/features/firefox@getpocket.com.xpi","installDate":1485985013000,"updateDate":1485985013000,"applyBackgroundUpdates":1,"bootstrap":true,"skinnable":false,"size":921011,"sourceURI":null,"releaseNotesURI":null,"softDisabled":false,"foreignInstall":false,"hasBinaryComponents":false,"strictCompatibility":false,"locales":[],"targetApplications":[{"id":"{ec8030f7-c20a-464f-9b0e-13a3a9e97384}","minVersion":"51.0.1","maxVersion":"51.*"}],"targetPlatforms":[],"multiprocessCompatible":true,"seen":true,"dependencies":[],"hasEmbeddedWebExtension":false,"mpcOptedOut":false}
1488952544287	addons.xpi	DEBUG	getModTime: Recursive scan of firefox@getpocket.com
1488952544287	addons.xpi	DEBUG	Updating XPIState for {"id":"aushelper@mozilla.org","syncGUID":"{92f02580-9568-4dd1-89f7-6367cb473ae1}","location":"app-system-defaults","version":"1.0","type":"extension","internalName":null,"updateURL":null,"updateKey":null,"optionsURL":null,"optionsType":null,"aboutURL":null,"icons":{},"iconURL":null,"icon64URL":null,"defaultLocale":{"name":"Application Update Service Helper","description":"Sets value(s) in the update url based on custom checks.","creator":null,"homepageURL":null},"visible":true,"active":true,"userDisabled":false,"appDisabled":false,"descriptor":"/usr/lib/firefox/browser/features/aushelper@mozilla.org.xpi","installDate":1485985012000,"updateDate":1485985012000,"applyBackgroundUpdates":1,"bootstrap":true,"skinnable":false,"size":5975,"sourceURI":null,"releaseNotesURI":null,"softDisabled":false,"foreignInstall":false,"hasBinaryComponents":false,"strictCompatibility":false,"locales":[],"targetApplications":[{"id":"{ec8030f7-c20a-464f-9b0e-13a3a9e97384}","minVersion":"51.0.1","maxVersion":"51.*"}],"targetPlatforms":[],"multiprocessCompatible":true,"seen":true,"dependencies":[],"hasEmbeddedWebExtension":false,"mpcOptedOut":false}
1488952544287	addons.xpi	DEBUG	getModTime: Recursive scan of aushelper@mozilla.org
1488952544288	addons.xpi	DEBUG	Updating XPIState for {"id":"{972ce4c6-7e08-4474-a285-3208198ce6fd}","syncGUID":"{4f73d44c-37d9-41b0-a050-a0e828f36a76}","location":"app-global","version":"51.0.1","type":"theme","internalName":"classic/1.0","updateURL":null,"updateKey":null,"optionsURL":null,"optionsType":null,"aboutURL":null,"icons":{"32":"icon.png","48":"icon.png"},"iconURL":null,"icon64URL":null,"defaultLocale":{"name":"Default","description":"The default theme.","creator":"Mozilla","homepageURL":null,"contributors":["Mozilla Contributors"]},"visible":true,"active":true,"userDisabled":false,"appDisabled":false,"descriptor":"/usr/lib/firefox/browser/extensions/{972ce4c6-7e08-4474-a285-3208198ce6fd}.xpi","installDate":1485985012000,"updateDate":1485985012000,"applyBackgroundUpdates":1,"skinnable":true,"size":4932,"sourceURI":null,"releaseNotesURI":null,"softDisabled":false,"foreignInstall":false,"hasBinaryComponents":false,"strictCompatibility":true,"locales":[],"targetApplications":[{"id":"{ec8030f7-c20a-464f-9b0e-13a3a9e97384}","minVersion":"51.0.1","maxVersion":"51.0.1"}],"targetPlatforms":[],"seen":true,"dependencies":[],"hasEmbeddedWebExtension":false}
1488952544288	addons.xpi	DEBUG	getModTime: Recursive scan of {972ce4c6-7e08-4474-a285-3208198ce6fd}
1488952544290	DeferredSave.extensions.json	DEBUG	Save changes
1488952544290	addons.xpi	DEBUG	Updating database with changes to installed add-ons
1488952544290	addons.xpi-utils	DEBUG	Updating add-on states
1488952544291	addons.xpi-utils	DEBUG	Writing add-ons list
1488952544294	addons.xpi	DEBUG	Registering manifest for /usr/lib/firefox/browser/features/aushelper@mozilla.org.xpi
1488952544294	addons.xpi	DEBUG	Calling bootstrap method startup on aushelper@mozilla.org version 1.0
1488952544296	addons.xpi	DEBUG	Registering manifest for /usr/lib/firefox/browser/features/e10srollout@mozilla.org.xpi
1488952544297	addons.xpi	DEBUG	Calling bootstrap method startup on e10srollout@mozilla.org version 1.7
1488952544298	addons.xpi	DEBUG	Registering manifest for /usr/lib/firefox/browser/features/firefox@getpocket.com.xpi
1488952544299	addons.xpi	DEBUG	Calling bootstrap method startup on firefox@getpocket.com version 1.0.5
1488952544302	addons.xpi	DEBUG	Registering manifest for /usr/lib/firefox/browser/features/webcompat@mozilla.org.xpi
1488952544303	addons.xpi	DEBUG	Calling bootstrap method startup on webcompat@mozilla.org version 1.0
1488952544306	addons.manager	DEBUG	Registering shutdown blocker for XPIProvider
1488952544306	addons.manager	DEBUG	Provider finished startup: XPIProvider
1488952544306	addons.manager	DEBUG	Starting provider: LightweightThemeManager
1488952544306	addons.manager	DEBUG	Registering shutdown blocker for LightweightThemeManager
1488952544307	addons.manager	DEBUG	Provider finished startup: LightweightThemeManager
1488952544307	addons.manager	DEBUG	Starting provider: GMPProvider
1488952544318	addons.manager	DEBUG	Registering shutdown blocker for GMPProvider
1488952544318	addons.manager	DEBUG	Provider finished startup: GMPProvider
1488952544318	addons.manager	DEBUG	Starting provider: PluginProvider
1488952544319	addons.manager	DEBUG	Registering shutdown blocker for PluginProvider
1488952544319	addons.manager	DEBUG	Provider finished startup: PluginProvider
1488952544320	addons.manager	DEBUG	Completed startup sequence
1488952544883	Marionette	INFO	Listening on port 40056
1488952545076	Marionette	INFO	Listening on port 40794
1488952546583	addons.manager	DEBUG	Starting provider: <unnamed-provider>
1488952546583	addons.manager	DEBUG	Registering shutdown blocker for <unnamed-provider>
1488952546584	addons.manager	DEBUG	Provider finished startup: <unnamed-provider>
1488952546610	addons.manager	DEBUG	Starting provider: PreviousExperimentProvider
1488952546610	addons.manager	DEBUG	Registering shutdown blocker for PreviousExperimentProvider
1488952546612	addons.manager	DEBUG	Provider finished startup: PreviousExperimentProvider
1488952546619	DeferredSave.extensions.json	DEBUG	Starting write
1488952546794	DeferredSave.extensions.json	DEBUG	Write succeeded
1488952546796	addons.xpi-utils	DEBUG	XPI Database saved, setting schema version preference to 19

###!!! [Child][MessageChannel] Error: (msgtype=0x4A011D,name=PContent::Msg_AsyncMessage) Channel closing: too late to send/recv, messages will be lost

JavaScript error: chrome://global/content/process-content.js, line 71: NS_ERROR_UNEXPECTED: Component returned failure code: 0x8000ffff (NS_ERROR_UNEXPECTED) [nsIMessageSender.sendAsyncMessage]

###!!! [Child][MessageChannel] Error: (msgtype=0x4A011D,name=PContent::Msg_AsyncMessage) Channel closing: too late to send/recv, messages will be lost

JavaScript error: chrome://global/content/process-content.js, line 71: NS_ERROR_UNEXPECTED: Component returned failure code: 0x8000ffff (NS_ERROR_UNEXPECTED) [nsIMessageSender.sendAsyncMessage]

###!!! [Child][MessageChannel] Error: (msgtype=0x4A011D,name=PContent::Msg_AsyncMessage) Channel closing: too late to send/recv, messages will be lost

JavaScript error: chrome://global/content/process-content.js, line 71: NS_ERROR_UNEXPECTED: Component returned failure code: 0x8000ffff (NS_ERROR_UNEXPECTED) [nsIMessageSender.sendAsyncMessage]

###!!! [Child][MessageChannel] Error: (msgtype=0x4A011D,name=PContent::Msg_AsyncMessage) Channel closing: too late to send/recv, messages will be lost

JavaScript error: chrome://global/content/process-content.js, line 71: NS_ERROR_UNEXPECTED: Component returned failure code: 0x8000ffff (NS_ERROR_UNEXPECTED) [nsIMessageSender.sendAsyncMessage]

###!!! [Child][MessageChannel] Error: (msgtype=0x4A011D,name=PContent::Msg_AsyncMessage) Channel closing: too late to send/recv, messages will be lost

JavaScript error: chrome://global/content/process-content.js, line 71: NS_ERROR_UNEXPECTED: Component returned failure code: 0x8000ffff (NS_ERROR_UNEXPECTED) [nsIMessageSender.sendAsyncMessage]

###!!! [Child][MessageChannel] Error: (msgtype=0x4A011D,name=PContent::Msg_AsyncMessage) Channel closing: too late to send/recv, messages will be lost

JavaScript error: chrome://global/content/process-content.js, line 71: NS_ERROR_UNEXPECTED: Component returned failure code: 0x8000ffff (NS_ERROR_UNEXPECTED) [nsIMessageSender.sendAsyncMessage]

###!!! [Child][MessageChannel] Error: (msgtype=0x4A011D,name=PContent::Msg_AsyncMessage) Channel closing: too late to send/recv, messages will be lost

JavaScript error: chrome://global/content/process-content.js, line 71: NS_ERROR_UNEXPECTED: Component returned failure code: 0x8000ffff (NS_ERROR_UNEXPECTED) [nsIMessageSender.sendAsyncMessage]

###!!! [Child][MessageChannel] Error: (msgtype=0x4A011D,name=PContent::Msg_AsyncMessage) Channel closing: too late to send/recv, messages will be lost

JavaScript error: chrome://global/content/process-content.js, line 71: NS_ERROR_UNEXPECTED: Component returned failure code: 0x8000ffff (NS_ERROR_UNEXPECTED) [nsIMessageSender.sendAsyncMessage]

###!!! [Child][MessageChannel] Error: (msgtype=0x4A011D,name=PContent::Msg_AsyncMessage) Channel closing: too late to send/recv, messages will be lost

JavaScript error: chrome://global/content/process-content.js, line 71: NS_ERROR_UNEXPECTED: Component returned failure code: 0x8000ffff (NS_ERROR_UNEXPECTED) [nsIMessageSender.sendAsyncMessage]

###!!! [Child][MessageChannel] Error: (msgtype=0x4A011D,name=PContent::Msg_AsyncMessage) Channel closing: too late to send/recv, messages will be lost

JavaScript error: chrome://global/content/process-content.js, line 71: NS_ERROR_UNEXPECTED: Component returned failure code: 0x8000ffff (NS_ERROR_UNEXPECTED) [nsIMessageSender.sendAsyncMessage]

###!!! [Child][MessageChannel] Error: (msgtype=0x4A011D,name=PContent::Msg_AsyncMessage) Channel closing: too late to send/recv, messages will be lost

JavaScript error: chrome://global/content/process-content.js, line 71: NS_ERROR_UNEXPECTED: Component returned failure code: 0x8000ffff (NS_ERROR_UNEXPECTED) [nsIMessageSender.sendAsyncMessage]

###!!! [Child][MessageChannel] Error: (msgtype=0x4A011D,name=PContent::Msg_AsyncMessage) Channel closing: too late to send/recv, messages will be lost

JavaScript error: chrome://global/content/process-content.js, line 71: NS_ERROR_UNEXPECTED: Component returned failure code: 0x8000ffff (NS_ERROR_UNEXPECTED) [nsIMessageSender.sendAsyncMessage]

###!!! [Child][MessageChannel] Error: (msgtype=0x4A011D,name=PContent::Msg_AsyncMessage) Channel closing: too late to send/recv, messages will be lost

JavaScript error: chrome://global/content/process-content.js, line 71: NS_ERROR_UNEXPECTED: Component returned failure code: 0x8000ffff (NS_ERROR_UNEXPECTED) [nsIMessageSender.sendAsyncMessage]

###!!! [Child][MessageChannel] Error: (msgtype=0x4A011D,name=PContent::Msg_AsyncMessage) Channel closing: too late to send/recv, messages will be lost

JavaScript error: chrome://global/content/process-content.js, line 71: NS_ERROR_UNEXPECTED: Component returned failure code: 0x8000ffff (NS_ERROR_UNEXPECTED) [nsIMessageSender.sendAsyncMessage]

###!!! [Child][MessageChannel] Error: (msgtype=0x4A011D,name=PContent::Msg_AsyncMessage) Channel closing: too late to send/recv, messages will be lost

JavaScript error: chrome://global/content/process-content.js, line 71: NS_ERROR_UNEXPECTED: Component returned failure code: 0x8000ffff (NS_ERROR_UNEXPECTED) [nsIMessageSender.sendAsyncMessage]

###!!! [Child][MessageChannel] Error: (msgtype=0x4A011D,name=PContent::Msg_AsyncMessage) Channel closing: too late to send/recv, messages will be lost

JavaScript error: chrome://global/content/process-content.js, line 71: NS_ERROR_UNEXPECTED: Component returned failure code: 0x8000ffff (NS_ERROR_UNEXPECTED) [nsIMessageSender.sendAsyncMessage]

###!!! [Child][MessageChannel] Error: (msgtype=0x4A011D,name=PContent::Msg_AsyncMessage) Channel closing: too late to send/recv, messages will be lost

JavaScript error: chrome://global/content/process-content.js, line 71: NS_ERROR_UNEXPECTED: Component returned failure code: 0x8000ffff (NS_ERROR_UNEXPECTED) [nsIMessageSender.sendAsyncMessage]

###!!! [Child][MessageChannel] Error: (msgtype=0x4A011D,name=PContent::Msg_AsyncMessage) Channel closing: too late to send/recv, messages will be lost

JavaScript error: chrome://global/content/process-content.js, line 71: NS_ERROR_UNEXPECTED: Component returned failure code: 0x8000ffff (NS_ERROR_UNEXPECTED) [nsIMessageSender.sendAsyncMessage]

###!!! [Child][MessageChannel] Error: (msgtype=0x4A011D,name=PContent::Msg_AsyncMessage) Channel closing: too late to send/recv, messages will be lost

JavaScript error: chrome://global/content/process-content.js, line 71: NS_ERROR_UNEXPECTED: Component returned failure code: 0x8000ffff (NS_ERROR_UNEXPECTED) [nsIMessageSender.sendAsyncMessage]

###!!! [Child][MessageChannel] Error: (msgtype=0x4A011D,name=PContent::Msg_AsyncMessage) Channel closing: too late to send/recv, messages will be lost

JavaScript error: chrome://global/content/process-content.js, line 71: NS_ERROR_UNEXPECTED: Component returned failure code: 0x8000ffff (NS_ERROR_UNEXPECTED) [nsIMessageSender.sendAsyncMessage]

###!!! [Child][MessageChannel] Error: (msgtype=0x4A011D,name=PContent::Msg_AsyncMessage) Channel closing: too late to send/recv, messages will be lost

JavaScript error: chrome://global/content/process-content.js, line 71: NS_ERROR_UNEXPECTED: Component returned failure code: 0x8000ffff (NS_ERROR_UNEXPECTED) [nsIMessageSender.sendAsyncMessage]

###!!! [Child][MessageChannel] Error: (msgtype=0x4A011D,name=PContent::Msg_AsyncMessage) Channel closing: too late to send/recv, messages will be lost

JavaScript error: chrome://global/content/process-content.js, line 71: NS_ERROR_UNEXPECTED: Component returned failure code: 0x8000ffff (NS_ERROR_UNEXPECTED) [nsIMessageSender.sendAsyncMessage]

###!!! [Child][MessageChannel] Error: (msgtype=0x4A011D,name=PContent::Msg_AsyncMessage) Channel closing: too late to send/recv, messages will be lost

JavaScript error: chrome://global/content/process-content.js, line 71: NS_ERROR_UNEXPECTED: Component returned failure code: 0x8000ffff (NS_ERROR_UNEXPECTED) [nsIMessageSender.sendAsyncMessage]

###!!! [Child][MessageChannel] Error: (msgtype=0x4A011D,name=PContent::Msg_AsyncMessage) Channel closing: too late to send/recv, messages will be lost

JavaScript error: chrome://global/content/process-content.js, line 71: NS_ERROR_UNEXPECTED: Component returned failure code: 0x8000ffff (NS_ERROR_UNEXPECTED) [nsIMessageSender.sendAsyncMessage]

###!!! [Child][MessageChannel] Error: (msgtype=0x4A011D,name=PContent::Msg_AsyncMessage) Channel closing: too late to send/recv, messages will be lost

JavaScript error: chrome://global/content/process-content.js, line 71: NS_ERROR_UNEXPECTED: Component returned failure code: 0x8000ffff (NS_ERROR_UNEXPECTED) [nsIMessageSender.sendAsyncMessage]

###!!! [Child][MessageChannel] Error: (msgtype=0x4A011D,name=PContent::Msg_AsyncMessage) Channel closing: too late to send/recv, messages will be lost

JavaScript error: chrome://global/content/process-content.js, line 71: NS_ERROR_UNEXPECTED: Component returned failure code: 0x8000ffff (NS_ERROR_UNEXPECTED) [nsIMessageSender.sendAsyncMessage]

###!!! [Child][MessageChannel] Error: (msgtype=0x4A011D,name=PContent::Msg_AsyncMessage) Channel closing: too late to send/recv, messages will be lost

JavaScript error: chrome://global/content/process-content.js, line 71: NS_ERROR_UNEXPECTED: Component returned failure code: 0x8000ffff (NS_ERROR_UNEXPECTED) [nsIMessageSender.sendAsyncMessage]

###!!! [Child][MessageChannel] Error: (msgtype=0x4A011D,name=PContent::Msg_AsyncMessage) Channel closing: too late to send/recv, messages will be lost

JavaScript error: chrome://global/content/process-content.js, line 71: NS_ERROR_UNEXPECTED: Component returned failure code: 0x8000ffff (NS_ERROR_UNEXPECTED) [nsIMessageSender.sendAsyncMessage]

###!!! [Child][MessageChannel] Error: (msgtype=0x4A011D,name=PContent::Msg_AsyncMessage) Channel closing: too late to send/recv, messages will be lost

JavaScript error: chrome://global/content/process-content.js, line 71: NS_ERROR_UNEXPECTED: Component returned failure code: 0x8000ffff (NS_ERROR_UNEXPECTED) [nsIMessageSender.sendAsyncMessage]

###!!! [Child][MessageChannel] Error: (msgtype=0x4A011D,name=PContent::Msg_AsyncMessage) Channel closing: too late to send/recv, messages will be lost

JavaScript error: chrome://global/content/process-content.js, line 71: NS_ERROR_UNEXPECTED: Component returned failure code: 0x8000ffff (NS_ERROR_UNEXPECTED) [nsIMessageSender.sendAsyncMessage]

###!!! [Child][MessageChannel] Error: (msgtype=0x4A011D,name=PContent::Msg_AsyncMessage) Channel closing: too late to send/recv, messages will be lost

JavaScript error: chrome://global/content/process-content.js, line 71: NS_ERROR_UNEXPECTED: Component returned failure code: 0x8000ffff (NS_ERROR_UNEXPECTED) [nsIMessageSender.sendAsyncMessage]

###!!! [Child][MessageChannel] Error: (msgtype=0x2E0045,name=PBrowser::Msg___delete__) Channel closing: too late to send/recv, messages will be lost


###!!! [Child][OnMaybeDequeueOne] Error: Channel closing: too late to send/recv, messages will be lost


###!!! [Child][OnMaybeDequeueOne] Error: Channel closing: too late to send/recv, messages will be lost


###!!! [Child][OnMaybeDequeueOne] Error: Channel closing: too late to send/recv, messages will be lost


###!!! [Child][MessageChannel] Error: (msgtype=0x4A00C3,name=PContent::Msg_ConsoleMessage) Channel closing: too late to send/recv, messages will be lost


(firefox:8395): GLib-GObject-CRITICAL **: g_type_add_interface_static: assertion 'g_type_parent (interface_type) == G_TYPE_INTERFACE' failed

(firefox:8395): GLib-GObject-CRITICAL **: g_type_add_interface_static: assertion 'g_type_parent (interface_type) == G_TYPE_INTERFACE' failed

(firefox:8395): GLib-GObject-CRITICAL **: g_type_add_interface_static: assertion 'g_type_parent (interface_type) == G_TYPE_INTERFACE' failed

(firefox:8395): GLib-GObject-CRITICAL **: g_type_add_interface_static: assertion 'g_type_parent (interface_type) == G_TYPE_INTERFACE' failed

(firefox:8395): GLib-GObject-CRITICAL **: g_type_add_interface_static: assertion 'g_type_parent (interface_type) == G_TYPE_INTERFACE' failed

(firefox:8395): GLib-GObject-CRITICAL **: g_type_add_interface_static: assertion 'g_type_parent (interface_type) == G_TYPE_INTERFACE' failed
JavaScript error: http://j.adlooxtracking.com/ads/js/tfav_infectiousg_banoneinf.js, line 31: NS_ERROR_FAILURE: 
JavaScript error: http://j.adlooxtracking.com/ads/js/tfav_infectiousg_banoneinf.js, line 31: NS_ERROR_FAILURE: 
JavaScript error: http://j.adlooxtracking.com/ads/js/tfav_infectiousg_banoneinf.js, line 31: NS_ERROR_FAILURE: 
JavaScript error: http://j.adlooxtracking.com/ads/js/tfav_infectiousg_banoneinf.js, line 31: NS_ERROR_FAILURE: 
JavaScript error: http://j.adlooxtracking.com/ads/js/tfav_infectiousg_banoneinf.js, line 31: NS_ERROR_FAILURE: 
JavaScript error: http://j.adlooxtracking.com/ads/js/tfav_infectiousg_banoneinf.js, line 31: NS_ERROR_FAILURE: 
JavaScript error: http://j.adlooxtracking.com/ads/js/tfav_infectiousg_banoneinf.js, line 31: NS_ERROR_FAILURE: 
JavaScript error: http://j.adlooxtracking.com/ads/js/tfav_infectiousg_banoneinf.js, line 31: NS_ERROR_FAILURE: 
JavaScript error: http://j.adlooxtracking.com/ads/js/tfav_infectiousg_banoneinf.js, line 31: NS_ERROR_FAILURE: 
JavaScript error: http://j.adlooxtracking.com/ads/js/tfav_infectiousg_banoneinf.js, line 31: NS_ERROR_FAILURE: 
JavaScript error: http://j.adlooxtracking.com/ads/js/tfav_infectiousg_banoneinf.js, line 31: NS_ERROR_FAILURE: 
JavaScript error: http://j.adlooxtracking.com/ads/js/tfav_infectiousg_banoneinf.js, line 31: NS_ERROR_FAILURE: 
JavaScript error: http://j.adlooxtracking.com/ads/js/tfav_infectiousg_banoneinf.js, line 31: NS_ERROR_FAILURE: 
JavaScript error: http://j.adlooxtracking.com/ads/js/tfav_infectiousg_banoneinf.js, line 31: NS_ERROR_FAILURE: 
JavaScript error: http://j.adlooxtracking.com/ads/js/tfav_infectiousg_banoneinf.js, line 31: NS_ERROR_FAILURE: 
JavaScript error: http://j.adlooxtracking.com/ads/js/tfav_infectiousg_banoneinf.js, line 31: NS_ERROR_FAILURE: 
JavaScript error: http://j.adlooxtracking.com/ads/js/tfav_infectiousg_banoneinf.js, line 31: NS_ERROR_FAILURE: 
JavaScript error: http://j.adlooxtracking.com/ads/js/tfav_infectiousg_banoneinf.js, line 31: NS_ERROR_FAILURE: 
JavaScript error: http://j.adlooxtracking.com/ads/js/tfav_infectiousg_banoneinf.js, line 31: NS_ERROR_FAILURE: 
JavaScript error: http://j.adlooxtracking.com/ads/js/tfav_infectiousg_banoneinf.js, line 31: NS_ERROR_FAILURE: 
JavaScript error: http://j.adlooxtracking.com/ads/js/tfav_infectiousg_banoneinf.js, line 31: NS_ERROR_FAILURE: 
JavaScript error: http://j.adlooxtracking.com/ads/js/tfav_infectiousg_banoneinf.js, line 31: NS_ERROR_FAILURE: 
JavaScript error: http://j.adlooxtracking.com/ads/js/tfav_infectiousg_banoneinf.js, line 31: NS_ERROR_FAILURE: 
JavaScript error: http://j.adlooxtracking.com/ads/js/tfav_infectiousg_banoneinf.js, line 31: NS_ERROR_FAILURE: 
JavaScript error: http://j.adlooxtracking.com/ads/js/tfav_infectiousg_banoneinf.js, line 31: NS_ERROR_FAILURE: 
JavaScript error: http://j.adlooxtracking.com/ads/js/tfav_infectiousg_banoneinf.js, line 31: NS_ERROR_FAILURE: 
JavaScript error: http://j.adlooxtracking.com/ads/js/tfav_infectiousg_banoneinf.js, line 31: NS_ERROR_FAILURE: 
1488952608595	addons.productaddons	INFO	sending request to: https://aus5.mozilla.org/update/3/GMP/51.0.1/20170201180315/Linux_x86_64-gcc3/null/release-cck- ubuntu/Linux%204.4.0-57-generic%20(GTK%203.18.9%2Clibpulse%208.0.0)/canonical/1.0/update.xml
1488952609506	addons.productaddons	INFO	Completed downloading document
1488952610456	addons.productaddons	INFO	downloadXHR File download. status=200
1488952610462	addons.productaddons	INFO	Downloaded file will be saved to /tmp/tmpaddon
JavaScript error: http://j.adlooxtracking.com/ads/js/tfav_infectiousg_banoneinf.js, line 31: NS_ERROR_FAILURE: 
JavaScript error: http://j.adlooxtracking.com/ads/js/tfav_infectiousg_banoneinf.js, line 31: NS_ERROR_FAILURE: 
JavaScript error: http://j.adlooxtracking.com/ads/js/tfav_infectiousg_banoneinf.js, line 31: NS_ERROR_FAILURE: 
JavaScript error: http://j.adlooxtracking.com/ads/js/tfav_infectiousg_banoneinf.js, line 31: NS_ERROR_FAILURE: 
JavaScript error: http://j.adlooxtracking.com/ads/js/tfav_infectiousg_banoneinf.js, line 31: NS_ERROR_FAILURE: 
JavaScript error: http://j.adlooxtracking.com/ads/js/tfav_infectiousg_banoneinf.js, line 31: NS_ERROR_FAILURE: 
JavaScript error: http://j.adlooxtracking.com/ads/js/tfav_infectiousg_banoneinf.js, line 31: NS_ERROR_FAILURE: 
JavaScript error: http://j.adlooxtracking.com/ads/js/tfav_infectiousg_banoneinf.js, line 31: NS_ERROR_FAILURE: 
JavaScript error: http://j.adlooxtracking.com/ads/js/tfav_infectiousg_banoneinf.js, line 31: NS_ERROR_FAILURE: 
JavaScript error: http://j.adlooxtracking.com/ads/js/tfav_infectiousg_banoneinf.js, line 31: NS_ERROR_FAILURE: 
JavaScript error: http://j.adlooxtracking.com/ads/js/tfav_infectiousg_banoneinf.js, line 31: NS_ERROR_FAILURE: 
JavaScript error: http://j.adlooxtracking.com/ads/js/tfav_infectiousg_banoneinf.js, line 31: NS_ERROR_FAILURE: 
JavaScript error: http://j.adlooxtracking.com/ads/js/tfav_infectiousg_banoneinf.js, line 31: NS_ERROR_FAILURE: 
JavaScript error: http://j.adlooxtracking.com/ads/js/tfav_infectiousg_banoneinf.js, line 31: NS_ERROR_FAILURE: 
JavaScript error: http://j.adlooxtracking.com/ads/js/tfav_infectiousg_banoneinf.js, line 31: NS_ERROR_FAILURE: 
JavaScript error: http://j.adlooxtracking.com/ads/js/tfav_infectiousg_banoneinf.js, line 31: NS_ERROR_FAILURE: 
JavaScript error: http://j.adlooxtracking.com/ads/js/tfav_infectiousg_banoneinf.js, line 31: NS_ERROR_FAILURE: 
JavaScript error: http://j.adlooxtracking.com/ads/js/tfav_infectiousg_banoneinf.js, line 31: NS_ERROR_FAILURE: 
JavaScript error: http://j.adlooxtracking.com/ads/js/tfav_infectiousg_banoneinf.js, line 31: NS_ERROR_FAILURE: 
JavaScript error: http://j.adlooxtracking.com/ads/js/tfav_infectiousg_banoneinf.js, line 31: NS_ERROR_FAILURE: 
JavaScript error: http://j.adlooxtracking.com/ads/js/tfav_infectiousg_banoneinf.js, line 31: NS_ERROR_FAILURE: 
JavaScript error: http://j.adlooxtracking.com/ads/js/tfav_infectiousg_banoneinf.js, line 31: NS_ERROR_FAILURE: 
JavaScript error: http://j.adlooxtracking.com/ads/js/tfav_infectiousg_banoneinf.js, line 31: NS_ERROR_FAILURE: 
JavaScript error: http://j.adlooxtracking.com/ads/js/tfav_infectiousg_banoneinf.js, line 31: NS_ERROR_FAILURE: 
JavaScript error: http://j.adlooxtracking.com/ads/js/tfav_infectiousg_banoneinf.js, line 31: NS_ERROR_FAILURE: 
JavaScript error: http://j.adlooxtracking.com/ads/js/tfav_infectiousg_banoneinf.js, line 31: NS_ERROR_FAILURE: 
JavaScript error: http://j.adlooxtracking.com/ads/js/tfav_infectiousg_banoneinf.js, line 31: NS_ERROR_FAILURE: 
JavaScript error: http://j.adlooxtracking.com/ads/js/tfav_infectiousg_banoneinf.js, line 31: NS_ERROR_FAILURE: 
JavaScript error: http://j.adlooxtracking.com/ads/js/tfav_infectiousg_banoneinf.js, line 31: NS_ERROR_FAILURE: 
JavaScript error: http://j.adlooxtracking.com/ads/js/tfav_infectiousg_banoneinf.js, line 31: NS_ERROR_FAILURE: 
JavaScript error: http://j.adlooxtracking.com/ads/js/tfav_infectiousg_banoneinf.js, line 31: NS_ERROR_FAILURE: 
JavaScript error: http://j.adlooxtracking.com/ads/js/tfav_infectiousg_banoneinf.js, line 31: NS_ERROR_FAILURE: 
JavaScript error: http://j.adlooxtracking.com/ads/js/tfav_infectiousg_banoneinf.js, line 31: NS_ERROR_FAILURE: 
JavaScript error: http://j.adlooxtracking.com/ads/js/tfav_infectiousg_banoneinf.js, line 31: NS_ERROR_FAILURE: 
JavaScript error: http://j.adlooxtracking.com/ads/js/tfav_infectiousg_banoneinf.js, line 31: NS_ERROR_FAILURE: 
JavaScript error: http://j.adlooxtracking.com/ads/js/tfav_infectiousg_banoneinf.js, line 31: NS_ERROR_FAILURE: 
JavaScript error: http://j.adlooxtracking.com/ads/js/tfav_infectiousg_banoneinf.js, line 31: NS_ERROR_FAILURE: 
JavaScript error: http://j.adlooxtracking.com/ads/js/tfav_infectiousg_banoneinf.js, line 31: NS_ERROR_FAILURE: 
JavaScript error: http://j.adlooxtracking.com/ads/js/tfav_infectiousg_banoneinf.js, line 31: NS_ERROR_FAILURE: 
JavaScript error: http://j.adlooxtracking.com/ads/js/tfav_infectiousg_banoneinf.js, line 31: NS_ERROR_FAILURE: 
JavaScript error: http://j.adlooxtracking.com/ads/js/tfav_infectiousg_banoneinf.js, line 31: NS_ERROR_FAILURE: 
JavaScript error: http://j.adlooxtracking.com/ads/js/tfav_infectiousg_banoneinf.js, line 31: NS_ERROR_FAILURE: 
JavaScript error: http://j.adlooxtracking.com/ads/js/tfav_infectiousg_banoneinf.js, line 31: NS_ERROR_FAILURE: 
JavaScript error: http://j.adlooxtracking.com/ads/js/tfav_infectiousg_banoneinf.js, line 31: NS_ERROR_FAILURE: 
JavaScript error: http://j.adlooxtracking.com/ads/js/tfav_infectiousg_banoneinf.js, line 31: NS_ERROR_FAILURE: 
JavaScript error: http://j.adlooxtracking.com/ads/js/tfav_infectiousg_banoneinf.js, line 31: NS_ERROR_FAILURE: 
JavaScript error: http://j.adlooxtracking.com/ads/js/tfav_infectiousg_banoneinf.js, line 31: NS_ERROR_FAILURE: 
JavaScript error: http://j.adlooxtracking.com/ads/js/tfav_infectiousg_banoneinf.js, line 31: NS_ERROR_FAILURE: 
JavaScript error: http://j.adlooxtracking.com/ads/js/tfav_infectiousg_banoneinf.js, line 31: NS_ERROR_FAILURE: 
JavaScript error: http://j.adlooxtracking.com/ads/js/tfav_infectiousg_banoneinf.js, line 31: NS_ERROR_FAILURE: 
JavaScript error: http://j.adlooxtracking.com/ads/js/tfav_infectiousg_banoneinf.js, line 31: NS_ERROR_FAILURE: 
JavaScript error: http://j.adlooxtracking.com/ads/js/tfav_infectiousg_banoneinf.js, line 31: NS_ERROR_FAILURE: 
JavaScript error: http://j.adlooxtracking.com/ads/js/tfav_infectiousg_banoneinf.js, line 31: NS_ERROR_FAILURE: 
JavaScript error: http://j.adlooxtracking.com/ads/js/tfav_infectiousg_banoneinf.js, line 31: NS_ERROR_FAILURE: 
JavaScript error: http://j.adlooxtracking.com/ads/js/tfav_infectiousg_banoneinf.js, line 31: NS_ERROR_FAILURE: 
JavaScript error: http://j.adlooxtracking.com/ads/js/tfav_infectiousg_banoneinf.js, line 31: NS_ERROR_FAILURE: 
JavaScript error: http://j.adlooxtracking.com/ads/js/tfav_infectiousg_banoneinf.js, line 31: NS_ERROR_FAILURE: 
JavaScript error: http://j.adlooxtracking.com/ads/js/tfav_infectiousg_banoneinf.js, line 31: NS_ERROR_FAILURE: 
JavaScript error: http://j.adlooxtracking.com/ads/js/tfav_infectiousg_banoneinf.js, line 31: NS_ERROR_FAILURE: 
JavaScript error: http://j.adlooxtracking.com/ads/js/tfav_infectiousg_banoneinf.js, line 31: NS_ERROR_FAILURE: 
JavaScript error: http://j.adlooxtracking.com/ads/js/tfav_infectiousg_banoneinf.js, line 31: NS_ERROR_FAILURE: 
JavaScript error: http://j.adlooxtracking.com/ads/js/tfav_infectiousg_banoneinf.js, line 31: NS_ERROR_FAILURE: 
JavaScript error: http://j.adlooxtracking.com/ads/js/tfav_infectiousg_banoneinf.js, line 31: NS_ERROR_FAILURE: 
JavaScript error: http://j.adlooxtracking.com/ads/js/tfav_infectiousg_banoneinf.js, line 31: NS_ERROR_FAILURE: 
JavaScript error: http://j.adlooxtracking.com/ads/js/tfav_infectiousg_banoneinf.js, line 31: NS_ERROR_FAILURE: 
JavaScript error: http://j.adlooxtracking.com/ads/js/tfav_infectiousg_banoneinf.js, line 31: NS_ERROR_FAILURE: 
JavaScript error: http://j.adlooxtracking.com/ads/js/tfav_infectiousg_banoneinf.js, line 31: NS_ERROR_FAILURE: 
JavaScript error: http://j.adlooxtracking.com/ads/js/tfav_infectiousg_banoneinf.js, line 31: NS_ERROR_FAILURE: 
JavaScript error: http://j.adlooxtracking.com/ads/js/tfav_infectiousg_banoneinf.js, line 31: NS_ERROR_FAILURE: 
JavaScript error: http://j.adlooxtracking.com/ads/js/tfav_infectiousg_banoneinf.js, line 31: NS_ERROR_FAILURE: 
JavaScript error: http://j.adlooxtracking.com/ads/js/tfav_infectiousg_banoneinf.js, line 31: NS_ERROR_FAILURE: 
JavaScript error: http://j.adlooxtracking.com/ads/js/tfav_infectiousg_banoneinf.js, line 31: NS_ERROR_FAILURE: 
JavaScript error: http://j.adlooxtracking.com/ads/js/tfav_infectiousg_banoneinf.js, line 31: NS_ERROR_FAILURE: 
JavaScript error: , line 0: Error: Permission denied to access property "href"
JavaScript error: http://cdn.advanseads.com/dnaFiles/js/html_render_v4.min.js?v=1481205962177, line 1: Error: Permission denied to access property "href"
JavaScript error: http://cdn.advanseads.com/dnaFiles/js/html_render_v4.min.js?v=1481205962177, line 1: Error: Permission denied to access property "href"
JavaScript error: http://cdn.advanseads.com/dnaFiles/js/html_render_v4.min.js?v=1481205962105, line 1: Error: Permission denied to access property "href"
JavaScript error: http://cdn.advanseads.com/dnaFiles/js/html_render_v4.min.js?v=1481205962177, line 1: Error: Permission denied to access property "href"
JavaScript error: http://cdn.advanseads.com/dnaFiles/js/html_render_v4.min.js?v=1481205962177, line 1: Error: Permission denied to access property "href"
JavaScript error: http://cdn.advanseads.com/dnaFiles/js/html_render_v4.min.js?v=1481205962105, line 1: Error: Permission denied to access property "href"
JavaScript error: http://cdn.advanseads.com/dnaFiles/js/html_render_v4.min.js?v=1481205962177, line 1: Error: Permission denied to access property "href"
JavaScript error: http://cdn.advanseads.com/dnaFiles/js/html_render_v4.min.js?v=1481205962177, line 1: Error: Permission denied to access property "href"
JavaScript error: http://cdn.advanseads.com/dnaFiles/js/html_render_v4.min.js?v=1481205962177, line 1: Error: Permission denied to access property "href"
JavaScript error: http://cdn.advanseads.com/dnaFiles/js/html_render_v4.min.js?v=1481205962177, line 1: Error: Permission denied to access property "href"
JavaScript error: http://cdn.advanseads.com/dnaFiles/js/html_render_v4.min.js?v=1481205962105, line 1: Error: Permission denied to access property "href"
JavaScript error: http://cdn.advanseads.com/dnaFiles/js/html_render_v4.min.js?v=1481205962105, line 1: Error: Permission denied to access property "href"
JavaScript error: http://cdn.advanseads.com/dnaFiles/js/html_render_v4.min.js?v=1481205962177, line 1: Error: Permission denied to access property "href"
JavaScript error: http://cdn.advanseads.com/dnaFiles/js/html_render_v4.min.js?v=1481205962177, line 1: Error: Permission denied to access property "href"
JavaScript error: http://cdn.advanseads.com/dnaFiles/js/html_render_v4.min.js?v=1481205962177, line 1: Error: Permission denied to access property "href"
JavaScript error: http://cdn.advanseads.com/dnaFiles/js/html_render_v4.min.js?v=1481205962105, line 1: Error: Permission denied to access property "href"
JavaScript error: http://cdn.advanseads.com/dnaFiles/js/html_render_v4.min.js?v=1481205962177, line 1: Error: Permission denied to access property "href"
JavaScript error: http://cdn.advanseads.com/dnaFiles/js/html_render_v4.min.js?v=1481205962177, line 1: Error: Permission denied to access property "href"
JavaScript error: http://cdn.advanseads.com/dnaFiles/js/html_render_v4.min.js?v=1481205962177, line 1: Error: Permission denied to access property "href"
JavaScript error: http://cdn.advanseads.com/dnaFiles/js/html_render_v4.min.js?v=1481205962105, line 1: Error: Permission denied to access property "href"
JavaScript error: http://cdn.advanseads.com/dnaFiles/js/html_render_v4.min.js?v=1481205962177, line 1: Error: Permission denied to access property "href"
JavaScript error: http://cdn.advanseads.com/dnaFiles/js/html_render_v4.min.js?v=1481205962105, line 1: Error: Permission denied to access property "href"
JavaScript error: http://cdn.advanseads.com/dnaFiles/js/html_render_v4.min.js?v=1481205962177, line 1: Error: Permission denied to access property "href"
JavaScript error: https://www.dice.com/jobs/sort-date-limit-30-startPage-20-limit-120-jobs, line 1: ReferenceError: errorImg is not defined
JavaScript error: https://www.dice.com/jobs/sort-date-limit-30-startPage-20-limit-120-jobs, line 1: ReferenceError: errorImg is not defined
JavaScript error: https://www.dice.com/jobs/sort-date-limit-30-startPage-20-limit-120-jobs, line 1: ReferenceError: errorImg is not defined
JavaScript error: https://www.dice.com/jobs/sort-date-limit-30-startPage-20-limit-120-jobs, line 1: ReferenceError: errorImg is not defined
JavaScript error: https://www.dice.com/jobs/sort-date-limit-30-startPage-20-limit-120-jobs, line 1: ReferenceError: errorImg is not defined
JavaScript error: https://www.dice.com/jobs/sort-date-limit-30-startPage-20-limit-120-jobs, line 1: ReferenceError: errorImg is not defined
JavaScript error: https://www.dice.com/jobs/sort-date-limit-30-startPage-20-limit-120-jobs, line 1: ReferenceError: errorImg is not defined
JavaScript error: https://www.dice.com/jobs/sort-date-limit-30-startPage-20-limit-120-jobs, line 1: ReferenceError: errorImg is not defined
JavaScript error: https://www.dice.com/jobs/sort-date-limit-30-startPage-20-limit-120-jobs, line 1: ReferenceError: errorImg is not defined
JavaScript error: https://www.dice.com/jobs/sort-date-limit-30-startPage-20-limit-120-jobs, line 1: ReferenceError: errorImg is not defined
JavaScript error: https://www.dice.com/jobs/sort-date-limit-30-startPage-20-limit-120-jobs, line 1: ReferenceError: errorImg is not defined
JavaScript error: https://www.dice.com/jobs/sort-date-limit-30-startPage-20-limit-120-jobs, line 1: ReferenceError: errorImg is not defined
JavaScript error: https://www.dice.com/jobs/sort-date-limit-30-startPage-20-limit-120-jobs, line 1: ReferenceError: errorImg is not defined
JavaScript error: https://www.dice.com/jobs/sort-date-limit-30-startPage-20-limit-120-jobs, line 1: ReferenceError: errorImg is not defined
JavaScript error: https://www.dice.com/jobs/sort-date-limit-30-startPage-20-limit-120-jobs, line 1: ReferenceError: errorImg is not defined
JavaScript error: https://www.dice.com/jobs/sort-date-limit-30-startPage-20-limit-120-jobs, line 1: ReferenceError: errorImg is not defined
JavaScript error: https://www.dice.com/jobs/sort-date-limit-30-startPage-20-limit-120-jobs, line 1: ReferenceError: errorImg is not defined
JavaScript error: https://www.dice.com/jobs/sort-date-limit-30-startPage-20-limit-120-jobs, line 1: ReferenceError: errorImg is not defined
JavaScript error: https://www.dice.com/jobs/sort-date-limit-30-startPage-20-limit-120-jobs, line 1: ReferenceError: errorImg is not defined
JavaScript error: https://www.dice.com/jobs/sort-date-limit-30-startPage-20-limit-120-jobs, line 1: ReferenceError: errorImg is not defined
JavaScript error: https://www.dice.com/jobs/sort-date-limit-30-startPage-20-limit-120-jobs, line 1: ReferenceError: errorImg is not defined
JavaScript error: https://www.dice.com/jobs/sort-date-limit-30-startPage-20-limit-120-jobs, line 1: ReferenceError: errorImg is not defined
JavaScript error: http://cdn.advanseads.com/dnaFiles/js/html_render_v4.min.js?v=1481205962177, line 1: Error: Permission denied to access property "href"
JavaScript error: http://cdn.advanseads.com/dnaFiles/js/html_render_v4.min.js?v=1481205962177, line 1: Error: Permission denied to access property "href"
JavaScript error: http://cdn.advanseads.com/dnaFiles/js/html_render_v4.min.js?v=1481205962105, line 1: Error: Permission denied to access property "href"
JavaScript error: http://cdn.advanseads.com/dnaFiles/js/html_render_v4.min.js?v=1481205962177, line 1: Error: Permission denied to access property "href"
JavaScript error: http://cdn.advanseads.com/dnaFiles/js/html_render_v4.min.js?v=1481205962177, line 1: Error: Permission denied to access property "href"
JavaScript error: http://cdn.advanseads.com/dnaFiles/js/html_render_v4.min.js?v=1481205962105, line 1: Error: Permission denied to access property "href"
JavaScript error: https://www.dice.com/jobs/sort-date-limit-30-startPage-22-limit-120-jobs, line 1: ReferenceError: errorImg is not defined
JavaScript error: https://www.dice.com/jobs/sort-date-limit-30-startPage-22-limit-120-jobs, line 1: ReferenceError: errorImg is not defined
JavaScript error: https://www.dice.com/jobs/sort-date-limit-30-startPage-22-limit-120-jobs, line 1: ReferenceError: errorImg is not defined
JavaScript error: https://www.dice.com/jobs/sort-date-limit-30-startPage-22-limit-120-jobs, line 1: ReferenceError: errorImg is not defined
JavaScript error: https://www.dice.com/jobs/sort-date-limit-30-startPage-22-limit-120-jobs, line 1: ReferenceError: errorImg is not defined
JavaScript error: https://www.dice.com/jobs/sort-date-limit-30-startPage-22-limit-120-jobs, line 1: ReferenceError: errorImg is not defined
JavaScript error: https://www.dice.com/jobs/sort-date-limit-30-startPage-22-limit-120-jobs, line 1: ReferenceError: errorImg is not defined
JavaScript error: https://www.dice.com/jobs/sort-date-limit-30-startPage-22-limit-120-jobs, line 1: ReferenceError: errorImg is not defined
JavaScript error: https://www.dice.com/jobs/sort-date-limit-30-startPage-22-limit-120-jobs, line 1: ReferenceError: errorImg is not defined
JavaScript error: https://www.dice.com/jobs/sort-date-limit-30-startPage-22-limit-120-jobs, line 1: ReferenceError: errorImg is not defined
JavaScript error: https://www.dice.com/jobs/sort-date-limit-30-startPage-22-limit-120-jobs, line 1: ReferenceError: errorImg is not defined
JavaScript error: https://www.dice.com/jobs/sort-date-limit-30-startPage-22-limit-120-jobs, line 1: ReferenceError: errorImg is not defined
JavaScript error: https://www.dice.com/jobs/sort-date-limit-30-startPage-22-limit-120-jobs, line 1: ReferenceError: errorImg is not defined
JavaScript error: https://www.dice.com/jobs/sort-date-limit-30-startPage-22-limit-120-jobs, line 1: ReferenceError: errorImg is not defined
JavaScript error: https://www.dice.com/jobs/sort-date-limit-30-startPage-22-limit-120-jobs, line 1: ReferenceError: errorImg is not defined
JavaScript error: https://www.dice.com/jobs/sort-date-limit-30-startPage-22-limit-120-jobs, line 1: ReferenceError: errorImg is not defined
JavaScript error: http://cdn.advanseads.com/dnaFiles/js/html_render_v4.min.js?v=1481205962105, line 1: Error: Permission denied to access property "href"
JavaScript error: http://cdn.advanseads.com/dnaFiles/js/html_render_v4.min.js?v=1481205962177, line 1: Error: Permission denied to access property "href"
JavaScript error: http://cdn.advanseads.com/dnaFiles/js/html_render_v4.min.js?v=1481205962177, line 1: Error: Permission denied to access property "href"
JavaScript error: http://cdn.advanseads.com/dnaFiles/js/html_render_v4.min.js?v=1481205962177, line 1: Error: Permission denied to access property "href"
JavaScript error: http://cdn.advanseads.com/dnaFiles/js/html_render_v4.min.js?v=1481205962177, line 1: Error: Permission denied to access property "href"
JavaScript error: http://cdn.advanseads.com/dnaFiles/js/html_render_v4.min.js?v=1481205962105, line 1: Error: Permission denied to access property "href"
JavaScript error: http://cdn.advanseads.com/dnaFiles/js/html_render_v4.min.js?v=1481205962177, line 1: Error: Permission denied to access property "href"
JavaScript error: http://cdn.advanseads.com/dnaFiles/js/html_render_v4.min.js?v=1481205962105, line 1: Error: Permission denied to access property "href"
JavaScript error: http://cdn.advanseads.com/dnaFiles/js/html_render_v4.min.js?v=1481205962177, line 1: Error: Permission denied to access property "href"
JavaScript error: http://cdn.advanseads.com/dnaFiles/js/html_render_v4.min.js?v=1481205962105, line 1: Error: Permission denied to access property "href"
JavaScript error: http://cdn.advanseads.com/dnaFiles/js/html_render_v4.min.js?v=1481205962177, line 1: Error: Permission denied to access property "href"
JavaScript error: http://cdn.advanseads.com/dnaFiles/js/html_render_v4.min.js?v=1481205962177, line 1: Error: Permission denied to access property "href"
JavaScript error: https://www.dice.com/jobs/sort-date-limit-30-startPage-25-limit-120-jobs, line 1: ReferenceError: errorImg is not defined
JavaScript error: https://www.dice.com/jobs/sort-date-limit-30-startPage-25-limit-120-jobs, line 1: ReferenceError: errorImg is not defined
JavaScript error: https://www.dice.com/jobs/sort-date-limit-30-startPage-25-limit-120-jobs, line 1: ReferenceError: errorImg is not defined
JavaScript error: https://www.dice.com/jobs/sort-date-limit-30-startPage-25-limit-120-jobs, line 1: ReferenceError: errorImg is not defined
JavaScript error: https://www.dice.com/jobs/sort-date-limit-30-startPage-25-limit-120-jobs, line 1: ReferenceError: errorImg is not defined
JavaScript error: https://www.dice.com/jobs/sort-date-limit-30-startPage-25-limit-120-jobs, line 1: ReferenceError: errorImg is not defined
JavaScript error: https://www.dice.com/jobs/sort-date-limit-30-startPage-25-limit-120-jobs, line 1: ReferenceError: errorImg is not defined
JavaScript error: https://www.dice.com/jobs/sort-date-limit-30-startPage-25-limit-120-jobs, line 1: ReferenceError: errorImg is not defined
JavaScript error: https://www.dice.com/jobs/sort-date-limit-30-startPage-25-limit-120-jobs, line 1: ReferenceError: errorImg is not defined
JavaScript error: https://www.dice.com/jobs/sort-date-limit-30-startPage-25-limit-120-jobs, line 1: ReferenceError: errorImg is not defined
JavaScript error: https://www.dice.com/jobs/sort-date-limit-30-startPage-25-limit-120-jobs, line 1: ReferenceError: errorImg is not defined
JavaScript error: https://www.dice.com/jobs/sort-date-limit-30-startPage-25-limit-120-jobs, line 1: ReferenceError: errorImg is not defined
JavaScript error: https://www.dice.com/jobs/sort-date-limit-30-startPage-25-limit-120-jobs, line 1: ReferenceError: errorImg is not defined
JavaScript error: https://www.dice.com/jobs/sort-date-limit-30-startPage-25-limit-120-jobs, line 1: ReferenceError: errorImg is not defined
JavaScript error: http://cdn.advanseads.com/dnaFiles/js/html_render_v4.min.js?v=1481205962105, line 1: Error: Permission denied to access property "href"
JavaScript error: http://cdn.advanseads.com/dnaFiles/js/html_render_v4.min.js?v=1481205962177, line 1: Error: Permission denied to access property "href"
JavaScript error: http://cdn.advanseads.com/dnaFiles/js/html_render_v4.min.js?v=1481205962177, line 1: Error: Permission denied to access property "href"
1488953024747	addons.manager	INFO	Skipping background update check
JavaScript error: https://www.dice.com/jobs/sort-date-limit-30-startPage-26-limit-120-jobs, line 1: ReferenceError: errorImg is not defined
JavaScript error: https://www.dice.com/jobs/sort-date-limit-30-startPage-26-limit-120-jobs, line 1: ReferenceError: errorImg is not defined
JavaScript error: https://www.dice.com/jobs/sort-date-limit-30-startPage-26-limit-120-jobs, line 1: ReferenceError: errorImg is not defined
JavaScript error: https://www.dice.com/jobs/sort-date-limit-30-startPage-26-limit-120-jobs, line 1: ReferenceError: errorImg is not defined
JavaScript error: https://www.dice.com/jobs/sort-date-limit-30-startPage-26-limit-120-jobs, line 1: ReferenceError: errorImg is not defined
JavaScript error: https://www.dice.com/jobs/sort-date-limit-30-startPage-26-limit-120-jobs, line 1: ReferenceError: errorImg is not defined
JavaScript error: https://www.dice.com/jobs/sort-date-limit-30-startPage-26-limit-120-jobs, line 1: ReferenceError: errorImg is not defined
JavaScript error: https://www.dice.com/jobs/sort-date-limit-30-startPage-26-limit-120-jobs, line 1: ReferenceError: errorImg is not defined
JavaScript error: http://cdn.advanseads.com/dnaFiles/js/html_render_v4.min.js?v=1481205962177, line 1: Error: Permission denied to access property "href"
JavaScript error: http://cdn.advanseads.com/dnaFiles/js/html_render_v4.min.js?v=1481205962105, line 1: Error: Permission denied to access property "href"
JavaScript error: http://cdn.advanseads.com/dnaFiles/js/html_render_v4.min.js?v=1481205962177, line 1: Error: Permission denied to access property "href"
JavaScript error: http://cdn.advanseads.com/dnaFiles/js/html_render_v4.min.js?v=1481205962177, line 1: Error: Permission denied to access property "href"
JavaScript error: http://cdn.advanseads.com/dnaFiles/js/html_render_v4.min.js?v=1481205962177, line 1: Error: Permission denied to access property "href"
JavaScript error: http://cdn.advanseads.com/dnaFiles/js/html_render_v4.min.js?v=1481205962105, line 1: Error: Permission denied to access property "href"
JavaScript error: http://cdn.advanseads.com/dnaFiles/js/html_render_v4.min.js?v=1481205962105, line 1: Error: Permission denied to access property "href"
JavaScript error: http://cdn.advanseads.com/dnaFiles/js/html_render_v4.min.js?v=1481205962177, line 1: Error: Permission denied to access property "href"
JavaScript error: http://cdn.advanseads.com/dnaFiles/js/html_render_v4.min.js?v=1481205962177, line 1: Error: Permission denied to access property "href"
JavaScript error: https://www.dice.com/jobs/sort-date-limit-30-startPage-28-limit-120-jobs, line 1: ReferenceError: errorImg is not defined
JavaScript error: https://www.dice.com/jobs/sort-date-limit-30-startPage-28-limit-120-jobs, line 1: ReferenceError: errorImg is not defined
JavaScript error: https://www.dice.com/jobs/sort-date-limit-30-startPage-28-limit-120-jobs, line 1: ReferenceError: errorImg is not defined
JavaScript error: https://www.dice.com/jobs/sort-date-limit-30-startPage-28-limit-120-jobs, line 1: ReferenceError: errorImg is not defined
JavaScript error: https://www.dice.com/jobs/sort-date-limit-30-startPage-28-limit-120-jobs, line 1: ReferenceError: errorImg is not defined
JavaScript error: https://www.dice.com/jobs/sort-date-limit-30-startPage-28-limit-120-jobs, line 1: ReferenceError: errorImg is not defined
JavaScript error: http://cdn.advanseads.com/dnaFiles/js/html_render_v4.min.js?v=1481205962105, line 1: Error: Permission denied to access property "href"
JavaScript error: http://cdn.advanseads.com/dnaFiles/js/html_render_v4.min.js?v=1481205962177, line 1: Error: Permission denied to access property "href"
JavaScript error: http://cdn.advanseads.com/dnaFiles/js/html_render_v4.min.js?v=1481205962177, line 1: Error: Permission denied to access property "href"
JavaScript error: https://www.dice.com/jobs/sort-date-limit-30-startPage-29-limit-120-jobs, line 1: ReferenceError: errorImg is not defined
JavaScript error: https://www.dice.com/jobs/sort-date-limit-30-startPage-29-limit-120-jobs, line 1: ReferenceError: errorImg is not defined
JavaScript error: https://www.dice.com/jobs/sort-date-limit-30-startPage-29-limit-120-jobs, line 1: ReferenceError: errorImg is not defined
JavaScript error: https://www.dice.com/jobs/sort-date-limit-30-startPage-29-limit-120-jobs, line 1: ReferenceError: errorImg is not defined
JavaScript error: https://www.dice.com/jobs/sort-date-limit-30-startPage-29-limit-120-jobs, line 1: ReferenceError: errorImg is not defined
JavaScript error: https://www.dice.com/jobs/sort-date-limit-30-startPage-29-limit-120-jobs, line 1: ReferenceError: errorImg is not defined
JavaScript error: https://www.dice.com/jobs/sort-date-limit-30-startPage-29-limit-120-jobs, line 1: ReferenceError: errorImg is not defined
JavaScript error: https://www.dice.com/jobs/sort-date-limit-30-startPage-29-limit-120-jobs, line 1: ReferenceError: errorImg is not defined
JavaScript error: http://cdn.advanseads.com/dnaFiles/js/html_render_v4.min.js?v=1481205962177, line 1: Error: Permission denied to access property "href"
JavaScript error: http://cdn.advanseads.com/dnaFiles/js/html_render_v4.min.js?v=1481205962177, line 1: Error: Permission denied to access property "href"
JavaScript error: http://cdn.advanseads.com/dnaFiles/js/html_render_v4.min.js?v=1481205962105, line 1: Error: Permission denied to access property "href"
JavaScript error: http://cdn.advanseads.com/dnaFiles/js/html_render_v4.min.js?v=1481205962105, line 1: Error: Permission denied to access property "href"
JavaScript error: http://cdn.advanseads.com/dnaFiles/js/html_render_v4.min.js?v=1481205962177, line 1: Error: Permission denied to access property "href"
JavaScript error: http://cdn.advanseads.com/dnaFiles/js/html_render_v4.min.js?v=1481205962177, line 1: Error: Permission denied to access property "href"
JavaScript error: http://cdn.advanseads.com/dnaFiles/js/html_render_v4.min.js?v=1481205962177, line 1: Error: Permission denied to access property "href"
JavaScript error: http://cdn.advanseads.com/dnaFiles/js/html_render_v4.min.js?v=1481205962105, line 1: Error: Permission denied to access property "href"
JavaScript error: http://cdn.advanseads.com/dnaFiles/js/html_render_v4.min.js?v=1481205962177, line 1: Error: Permission denied to access property "href"
JavaScript error: http://cdn.advanseads.com/dnaFiles/js/html_render_v4.min.js?v=1481205962177, line 1: Error: Permission denied to access property "href"
JavaScript error: http://cdn.advanseads.com/dnaFiles/js/html_render_v4.min.js?v=1481205962105, line 1: Error: Permission denied to access property "href"
JavaScript error: http://cdn.advanseads.com/dnaFiles/js/html_render_v4.min.js?v=1481205962177, line 1: Error: Permission denied to access property "href"
JavaScript error: https://www.dice.com/jobs/sort-date-limit-30-startPage-32-limit-120-jobs, line 1: ReferenceError: errorImg is not defined
JavaScript error: https://www.dice.com/jobs/sort-date-limit-30-startPage-32-limit-120-jobs, line 1: ReferenceError: errorImg is not defined
JavaScript error: https://www.dice.com/jobs/sort-date-limit-30-startPage-32-limit-120-jobs, line 1: ReferenceError: errorImg is not defined
JavaScript error: https://www.dice.com/jobs/sort-date-limit-30-startPage-32-limit-120-jobs, line 1: ReferenceError: errorImg is not defined
JavaScript error: https://www.dice.com/jobs/sort-date-limit-30-startPage-32-limit-120-jobs, line 1: ReferenceError: errorImg is not defined
JavaScript error: https://www.dice.com/jobs/sort-date-limit-30-startPage-32-limit-120-jobs, line 1: ReferenceError: errorImg is not defined
JavaScript error: https://www.dice.com/jobs/sort-date-limit-30-startPage-32-limit-120-jobs, line 1: ReferenceError: errorImg is not defined
JavaScript error: https://www.dice.com/jobs/sort-date-limit-30-startPage-32-limit-120-jobs, line 1: ReferenceError: errorImg is not defined
JavaScript error: https://www.dice.com/jobs/sort-date-limit-30-startPage-32-limit-120-jobs, line 1: ReferenceError: errorImg is not defined
JavaScript error: https://www.dice.com/jobs/sort-date-limit-30-startPage-32-limit-120-jobs, line 1: ReferenceError: errorImg is not defined
JavaScript error: https://www.dice.com/jobs/sort-date-limit-30-startPage-32-limit-120-jobs, line 1: ReferenceError: errorImg is not defined
JavaScript error: https://www.dice.com/jobs/sort-date-limit-30-startPage-32-limit-120-jobs, line 1: ReferenceError: errorImg is not defined
JavaScript error: http://cdn.advanseads.com/dnaFiles/js/html_render_v4.min.js?v=1481205962105, line 1: Error: Permission denied to access property "href"
JavaScript error: http://cdn.advanseads.com/dnaFiles/js/html_render_v4.min.js?v=1481205962177, line 1: Error: Permission denied to access property "href"
JavaScript error: http://cdn.advanseads.com/dnaFiles/js/html_render_v4.min.js?v=1481205962177, line 1: Error: Permission denied to access property "href"
JavaScript error: http://cdn.advanseads.com/dnaFiles/js/html_render_v4.min.js?v=1481205962105, line 1: Error: Permission denied to access property "href"
JavaScript error: http://cdn.advanseads.com/dnaFiles/js/html_render_v4.min.js?v=1481205962105, line 1: Error: Permission denied to access property "href"
JavaScript error: http://cdn.advanseads.com/dnaFiles/js/html_render_v4.min.js?v=1481205962105, line 1: Error: Permission denied to access property "href"
JavaScript error: https://www.dice.com/jobs/sort-date-limit-30-startPage-36-limit-120-jobs, line 1: ReferenceError: errorImg is not defined
JavaScript error: https://www.dice.com/jobs/sort-date-limit-30-startPage-36-limit-120-jobs, line 1: ReferenceError: errorImg is not defined
JavaScript error: https://www.dice.com/jobs/sort-date-limit-30-startPage-36-limit-120-jobs, line 1: ReferenceError: errorImg is not defined
JavaScript error: https://www.dice.com/jobs/sort-date-limit-30-startPage-36-limit-120-jobs, line 1: ReferenceError: errorImg is not defined
JavaScript error: https://www.dice.com/jobs/sort-date-limit-30-startPage-36-limit-120-jobs, line 1: ReferenceError: errorImg is not defined
JavaScript error: https://www.dice.com/jobs/sort-date-limit-30-startPage-36-limit-120-jobs, line 1: ReferenceError: errorImg is not defined
JavaScript error: https://www.dice.com/jobs/sort-date-limit-30-startPage-36-limit-120-jobs, line 1: ReferenceError: errorImg is not defined
JavaScript error: https://www.dice.com/jobs/sort-date-limit-30-startPage-36-limit-120-jobs, line 1: ReferenceError: errorImg is not defined
JavaScript error: https://www.dice.com/jobs/sort-date-limit-30-startPage-36-limit-120-jobs, line 1: ReferenceError: errorImg is not defined
JavaScript error: https://www.dice.com/jobs/sort-date-limit-30-startPage-36-limit-120-jobs, line 1: ReferenceError: errorImg is not defined
JavaScript error: http://cdn.advanseads.com/dnaFiles/js/html_render_v4.min.js?v=1481205962105, line 1: Error: Permission denied to access property "href"
JavaScript error: http://cdn.advanseads.com/dnaFiles/js/html_render_v4.min.js?v=1481205962105, line 1: Error: Permission denied to access property "href"
JavaScript error: https://www.dice.com/jobs/sort-date-limit-30-startPage-37-limit-120-jobs, line 1: ReferenceError: errorImg is not defined
JavaScript error: https://www.dice.com/jobs/sort-date-limit-30-startPage-37-limit-120-jobs, line 1: ReferenceError: errorImg is not defined
JavaScript error: https://www.dice.com/jobs/sort-date-limit-30-startPage-37-limit-120-jobs, line 1: ReferenceError: errorImg is not defined
JavaScript error: https://www.dice.com/jobs/sort-date-limit-30-startPage-37-limit-120-jobs, line 1: ReferenceError: errorImg is not defined
JavaScript error: https://www.dice.com/jobs/sort-date-limit-30-startPage-37-limit-120-jobs, line 1: ReferenceError: errorImg is not defined
JavaScript error: https://www.dice.com/jobs/sort-date-limit-30-startPage-37-limit-120-jobs, line 1: ReferenceError: errorImg is not defined
JavaScript error: https://www.dice.com/jobs/sort-date-limit-30-startPage-37-limit-120-jobs, line 1: ReferenceError: errorImg is not defined
JavaScript error: https://www.dice.com/jobs/sort-date-limit-30-startPage-37-limit-120-jobs, line 1: ReferenceError: errorImg is not defined
JavaScript error: https://www.dice.com/jobs/sort-date-limit-30-startPage-37-limit-120-jobs, line 1: ReferenceError: errorImg is not defined
JavaScript error: https://www.dice.com/jobs/sort-date-limit-30-startPage-37-limit-120-jobs, line 1: ReferenceError: errorImg is not defined
JavaScript error: https://www.dice.com/jobs/sort-date-limit-30-startPage-37-limit-120-jobs, line 1: ReferenceError: errorImg is not defined
JavaScript error: https://www.dice.com/jobs/sort-date-limit-30-startPage-37-limit-120-jobs, line 1: ReferenceError: errorImg is not defined
JavaScript error: http://cdn.advanseads.com/dnaFiles/js/html_render_v4.min.js?v=1481205962105, line 1: Error: Permission denied to access property "href"
JavaScript error: http://cdn.advanseads.com/dnaFiles/js/html_render_v4.min.js?v=1481205962105, line 1: Error: Permission denied to access property "href"
JavaScript error: https://www.dice.com/jobs/sort-date-limit-30-startPage-38-limit-120-jobs, line 1: ReferenceError: errorImg is not defined
JavaScript error: https://www.dice.com/jobs/sort-date-limit-30-startPage-38-limit-120-jobs, line 1: ReferenceError: errorImg is not defined
JavaScript error: https://www.dice.com/jobs/sort-date-limit-30-startPage-38-limit-120-jobs, line 1: ReferenceError: errorImg is not defined
JavaScript error: https://www.dice.com/jobs/sort-date-limit-30-startPage-38-limit-120-jobs, line 1: ReferenceError: errorImg is not defined
JavaScript error: https://www.dice.com/jobs/sort-date-limit-30-startPage-38-limit-120-jobs, line 1: ReferenceError: errorImg is not defined
JavaScript error: https://www.dice.com/jobs/sort-date-limit-30-startPage-38-limit-120-jobs, line 1: ReferenceError: errorImg is not defined
JavaScript error: https://www.dice.com/jobs/sort-date-limit-30-startPage-38-limit-120-jobs, line 1: ReferenceError: errorImg is not defined
JavaScript error: https://www.dice.com/jobs/sort-date-limit-30-startPage-38-limit-120-jobs, line 1: ReferenceError: errorImg is not defined
JavaScript error: https://www.dice.com/jobs/sort-date-limit-30-startPage-38-limit-120-jobs, line 1: ReferenceError: errorImg is not defined
JavaScript error: https://www.dice.com/jobs/sort-date-limit-30-startPage-38-limit-120-jobs, line 1: ReferenceError: errorImg is not defined
1488953264787	DeferredSave.extensions.json	DEBUG	Save changes
1488953264789	DeferredSave.extensions.json	DEBUG	Starting timer
1488953264817	DeferredSave.extensions.json	DEBUG	Starting write
1488953264825	DeferredSave.extensions.json	DEBUG	Write succeeded
JavaScript error: https://www.dice.com/jobs/sort-date-limit-30-startPage-39-limit-120-jobs, line 1: ReferenceError: errorImg is not defined
JavaScript error: https://www.dice.com/jobs/sort-date-limit-30-startPage-39-limit-120-jobs, line 1: ReferenceError: errorImg is not defined
JavaScript error: https://www.dice.com/jobs/sort-date-limit-30-startPage-39-limit-120-jobs, line 1: ReferenceError: errorImg is not defined
JavaScript error: https://www.dice.com/jobs/sort-date-limit-30-startPage-39-limit-120-jobs, line 1: ReferenceError: errorImg is not defined
JavaScript error: https://www.dice.com/jobs/sort-date-limit-30-startPage-39-limit-120-jobs, line 1: ReferenceError: errorImg is not defined
JavaScript error: https://www.dice.com/jobs/sort-date-limit-30-startPage-39-limit-120-jobs, line 1: ReferenceError: errorImg is not defined
JavaScript error: https://www.dice.com/jobs/sort-date-limit-30-startPage-39-limit-120-jobs, line 1: ReferenceError: errorImg is not defined
JavaScript error: https://www.dice.com/jobs/sort-date-limit-30-startPage-39-limit-120-jobs, line 1: ReferenceError: errorImg is not defined
JavaScript error: https://www.dice.com/jobs/sort-date-limit-30-startPage-39-limit-120-jobs, line 1: ReferenceError: errorImg is not defined
JavaScript error: https://www.dice.com/jobs/sort-date-limit-30-startPage-39-limit-120-jobs, line 1: ReferenceError: errorImg is not defined
JavaScript error: https://www.dice.com/jobs/sort-date-limit-30-startPage-39-limit-120-jobs, line 1: ReferenceError: errorImg is not defined
JavaScript error: https://www.dice.com/jobs/sort-date-limit-30-startPage-39-limit-120-jobs, line 1: ReferenceError: errorImg is not defined
JavaScript error: https://www.dice.com/jobs/sort-date-limit-30-startPage-39-limit-120-jobs, line 1: ReferenceError: errorImg is not defined
JavaScript error: https://www.dice.com/jobs/sort-date-limit-30-startPage-39-limit-120-jobs, line 1: ReferenceError: errorImg is not defined
JavaScript error: http://cdn.advanseads.com/dnaFiles/js/html_render_v4.min.js?v=1481205962105, line 1: Error: Permission denied to access property "href"
JavaScript error: http://cdn.advanseads.com/dnaFiles/js/html_render_v4.min.js?v=1481205962105, line 1: Error: Permission denied to access property "href"
JavaScript error: http://cdn.advanseads.com/dnaFiles/js/html_render_v4.min.js?v=1481205962105, line 1: Error: Permission denied to access property "href"
JavaScript error: http://cdn.advanseads.com/dnaFiles/js/html_render_v4.min.js?v=1481205962105, line 1: Error: Permission denied to access property "href"
JavaScript error: https://www.dice.com/jobs/sort-date-limit-30-startPage-42-limit-120-jobs, line 1: ReferenceError: errorImg is not defined
JavaScript error: https://www.dice.com/jobs/sort-date-limit-30-startPage-42-limit-120-jobs, line 1: ReferenceError: errorImg is not defined
JavaScript error: https://www.dice.com/jobs/sort-date-limit-30-startPage-42-limit-120-jobs, line 1: ReferenceError: errorImg is not defined
JavaScript error: https://www.dice.com/jobs/sort-date-limit-30-startPage-42-limit-120-jobs, line 1: ReferenceError: errorImg is not defined
JavaScript error: https://www.dice.com/jobs/sort-date-limit-30-startPage-42-limit-120-jobs, line 1: ReferenceError: errorImg is not defined
JavaScript error: https://www.dice.com/jobs/sort-date-limit-30-startPage-42-limit-120-jobs, line 1: ReferenceError: errorImg is not defined
JavaScript error: https://www.dice.com/jobs/sort-date-limit-30-startPage-42-limit-120-jobs, line 1: ReferenceError: errorImg is not defined
JavaScript error: https://www.dice.com/jobs/sort-date-limit-30-startPage-42-limit-120-jobs, line 1: ReferenceError: errorImg is not defined
JavaScript error: https://www.dice.com/jobs/sort-date-limit-30-startPage-42-limit-120-jobs, line 1: ReferenceError: errorImg is not defined
JavaScript error: https://www.dice.com/jobs/sort-date-limit-30-startPage-42-limit-120-jobs, line 1: ReferenceError: errorImg is not defined
JavaScript error: https://www.dice.com/jobs/sort-date-limit-30-startPage-42-limit-120-jobs, line 1: ReferenceError: errorImg is not defined
JavaScript error: https://www.dice.com/jobs/sort-date-limit-30-startPage-42-limit-120-jobs, line 1: ReferenceError: errorImg is not defined
JavaScript error: https://www.dice.com/jobs/sort-date-limit-30-startPage-42-limit-120-jobs, line 1: ReferenceError: errorImg is not defined
JavaScript error: https://www.dice.com/jobs/sort-date-limit-30-startPage-42-limit-120-jobs, line 1: ReferenceError: errorImg is not defined
JavaScript error: https://www.dice.com/jobs/sort-date-limit-30-startPage-42-limit-120-jobs, line 1: ReferenceError: errorImg is not defined
JavaScript error: https://www.dice.com/jobs/sort-date-limit-30-startPage-42-limit-120-jobs, line 1: ReferenceError: errorImg is not defined
JavaScript error: https://www.dice.com/jobs/sort-date-limit-30-startPage-42-limit-120-jobs, line 1: ReferenceError: errorImg is not defined
JavaScript error: https://www.dice.com/jobs/sort-date-limit-30-startPage-42-limit-120-jobs, line 1: ReferenceError: errorImg is not defined
JavaScript error: https://www.dice.com/jobs/sort-date-limit-30-startPage-42-limit-120-jobs, line 1: ReferenceError: errorImg is not defined
JavaScript error: https://www.dice.com/jobs/sort-date-limit-30-startPage-42-limit-120-jobs, line 1: ReferenceError: errorImg is not defined
JavaScript error: https://www.dice.com/jobs/sort-date-limit-30-startPage-42-limit-120-jobs, line 1: ReferenceError: errorImg is not defined
JavaScript error: https://www.dice.com/jobs/sort-date-limit-30-startPage-42-limit-120-jobs, line 1: ReferenceError: errorImg is not defined
JavaScript error: http://cdn.advanseads.com/dnaFiles/js/html_render_v4.min.js?v=1481205962105, line 1: Error: Permission denied to access property "href"
JavaScript error: https://www.dice.com/jobs/sort-date-limit-30-startPage-43-limit-120-jobs, line 1: ReferenceError: errorImg is not defined
JavaScript error: https://www.dice.com/jobs/sort-date-limit-30-startPage-43-limit-120-jobs, line 1: ReferenceError: errorImg is not defined
JavaScript error: https://www.dice.com/jobs/sort-date-limit-30-startPage-43-limit-120-jobs, line 1: ReferenceError: errorImg is not defined
JavaScript error: https://www.dice.com/jobs/sort-date-limit-30-startPage-43-limit-120-jobs, line 1: ReferenceError: errorImg is not defined
JavaScript error: https://www.dice.com/jobs/sort-date-limit-30-startPage-43-limit-120-jobs, line 1: ReferenceError: errorImg is not defined
JavaScript error: https://www.dice.com/jobs/sort-date-limit-30-startPage-43-limit-120-jobs, line 1: ReferenceError: errorImg is not defined
JavaScript error: https://www.dice.com/jobs/sort-date-limit-30-startPage-43-limit-120-jobs, line 1: ReferenceError: errorImg is not defined
JavaScript error: https://www.dice.com/jobs/sort-date-limit-30-startPage-43-limit-120-jobs, line 1: ReferenceError: errorImg is not defined
JavaScript error: http://cdn.advanseads.com/dnaFiles/js/html_render_v4.min.js?v=1481205962105, line 1: Error: Permission denied to access property "href"
JavaScript error: http://cdn.advanseads.com/dnaFiles/js/html_render_v4.min.js?v=1481205962105, line 1: Error: Permission denied to access property "href"
JavaScript error: https://www.dice.com/jobs/sort-date-limit-30-startPage-45-limit-120-jobs, line 1: ReferenceError: errorImg is not defined
JavaScript error: https://www.dice.com/jobs/sort-date-limit-30-startPage-45-limit-120-jobs, line 1: ReferenceError: errorImg is not defined
JavaScript error: https://www.dice.com/jobs/sort-date-limit-30-startPage-45-limit-120-jobs, line 1: ReferenceError: errorImg is not defined
JavaScript error: https://www.dice.com/jobs/sort-date-limit-30-startPage-45-limit-120-jobs, line 1: ReferenceError: errorImg is not defined
JavaScript error: https://www.dice.com/jobs/sort-date-limit-30-startPage-45-limit-120-jobs, line 1: ReferenceError: errorImg is not defined
JavaScript error: https://www.dice.com/jobs/sort-date-limit-30-startPage-45-limit-120-jobs, line 1: ReferenceError: errorImg is not defined
JavaScript error: https://www.dice.com/jobs/sort-date-limit-30-startPage-45-limit-120-jobs, line 1: ReferenceError: errorImg is not defined
JavaScript error: https://www.dice.com/jobs/sort-date-limit-30-startPage-45-limit-120-jobs, line 1: ReferenceError: errorImg is not defined
JavaScript error: https://www.dice.com/jobs/sort-date-limit-30-startPage-45-limit-120-jobs, line 1: ReferenceError: errorImg is not defined
JavaScript error: https://www.dice.com/jobs/sort-date-limit-30-startPage-45-limit-120-jobs, line 1: ReferenceError: errorImg is not defined
JavaScript error: http://cdn.advanseads.com/dnaFiles/js/html_render_v4.min.js?v=1481205962105, line 1: Error: Permission denied to access property "href"
JavaScript error: http://cdn.advanseads.com/dnaFiles/js/html_render_v4.min.js?v=1481205962105, line 1: Error: Permission denied to access property "href"
[NPAPI 8688] ###!!! ABORT: Aborting on channel error.: file /build/firefox-z5GTBX/firefox-51.0.1+build2/ipc/glue/MessageChannel.cpp, line 2056
[NPAPI 8688] ###!!! ABORT: Aborting on channel error.: file /build/firefox-z5GTBX/firefox-51.0.1+build2/ipc/glue/MessageChannel.cpp, line 2056
[Child 8534] ###!!! ABORT: Aborting on channel error.: file /build/firefox-z5GTBX/firefox-51.0.1+build2/ipc/glue/MessageChannel.cpp, line 2056
[Child 8534] ###!!! ABORT: Aborting on channel error.: file /build/firefox-z5GTBX/firefox-51.0.1+build2/ipc/glue/MessageChannel.cpp, line 2056
[Child 8514] ###!!! ABORT: Aborting on channel error.: file /build/firefox-z5GTBX/firefox-51.0.1+build2/ipc/glue/MessageChannel.cpp, line 2056
[Child 8514] ###!!! ABORT: Aborting on channel error.: file /build/firefox-z5GTBX/firefox-51.0.1+build2/ipc/glue/MessageChannel.cpp, line 2056
1488953873234	geckodriver	INFO	Listening on 127.0.0.1:44663
1488953873238	geckodriver	INFO	Listening on 127.0.0.1:49186
1488953873262	geckodriver	INFO	Listening on 127.0.0.1:50976
1488953874234	mozprofile::profile	INFO	Using profile path /tmp/rust_mozprofile.ZHp9ooGduH5j
1488953874234	mozprofile::profile	INFO	Using profile path /tmp/rust_mozprofile.w6jebai1VMqW
1488953874235	geckodriver::marionette	INFO	Starting browser /usr/bin/firefox
1488953874237	mozprofile::profile	INFO	Using profile path /tmp/rust_mozprofile.YNvtBPp49krp
1488953874237	geckodriver::marionette	INFO	Starting browser /usr/bin/firefox
1488953874237	geckodriver::marionette	INFO	Connecting to Marionette on localhost:34087
1488953874237	geckodriver::marionette	INFO	Starting browser /usr/bin/firefox
1488953874240	geckodriver::marionette	INFO	Connecting to Marionette on localhost:34782
1488953874277	geckodriver::marionette	INFO	Connecting to Marionette on localhost:37609
1488953874929	addons.manager	DEBUG	Application has been upgraded
1488953874980	addons.manager	DEBUG	Loaded provider scope for resource://gre/modules/addons/XPIProvider.jsm: ["XPIProvider"]
1488953874986	addons.manager	DEBUG	Loaded provider scope for resource://gre/modules/LightweightThemeManager.jsm: ["LightweightThemeManager"]
1488953874998	addons.manager	DEBUG	Loaded provider scope for resource://gre/modules/addons/GMPProvider.jsm
1488953875004	addons.manager	DEBUG	Loaded provider scope for resource://gre/modules/addons/PluginProvider.jsm
1488953875006	addons.manager	DEBUG	Starting provider: XPIProvider
1488953875007	addons.xpi	DEBUG	startup
1488953875009	addons.xpi	INFO	SystemAddonInstallLocation directory is missing
1488953875011	addons.xpi	INFO	Mapping e10srollout@mozilla.org to /usr/lib/firefox/browser/features/e10srollout@mozilla.org.xpi
1488953875012	addons.xpi	INFO	Mapping webcompat@mozilla.org to /usr/lib/firefox/browser/features/webcompat@mozilla.org.xpi
1488953875013	addons.xpi	INFO	Mapping firefox@getpocket.com to /usr/lib/firefox/browser/features/firefox@getpocket.com.xpi
1488953875014	addons.xpi	INFO	Mapping aushelper@mozilla.org to /usr/lib/firefox/browser/features/aushelper@mozilla.org.xpi
1488953875015	addons.xpi	INFO	Mapping {972ce4c6-7e08-4474-a285-3208198ce6fd} to /usr/lib/firefox/browser/extensions/{972ce4c6-7e08-4474-a285-3208198ce6fd}.xpi
1488953875017	addons.xpi	DEBUG	checkForChanges
1488953875019	addons.xpi	DEBUG	Loaded add-on state from prefs: {}
1488953875022	addons.xpi	DEBUG	New add-on e10srollout@mozilla.org in app-system-defaults
1488953875023	addons.xpi	DEBUG	getModTime: Recursive scan of e10srollout@mozilla.org
1488953875025	addons.xpi	DEBUG	New add-on webcompat@mozilla.org in app-system-defaults
1488953875026	addons.xpi	DEBUG	getModTime: Recursive scan of webcompat@mozilla.org
1488953875027	addons.xpi	DEBUG	New add-on firefox@getpocket.com in app-system-defaults
1488953875028	addons.xpi	DEBUG	getModTime: Recursive scan of firefox@getpocket.com
1488953875030	addons.xpi	DEBUG	New add-on aushelper@mozilla.org in app-system-defaults
1488953875030	addons.xpi	DEBUG	getModTime: Recursive scan of aushelper@mozilla.org
1488953875031	addons.xpi	DEBUG	New add-on {972ce4c6-7e08-4474-a285-3208198ce6fd} in app-global
1488953875033	addons.xpi	DEBUG	getModTime: Recursive scan of {972ce4c6-7e08-4474-a285-3208198ce6fd}
1488953875034	addons.xpi	DEBUG	getInstallState changed: true, state: {"app-system-defaults":{"e10srollout@mozilla.org":{"d":"/usr/lib/firefox/browser/features/e10srollout@mozilla.org.xpi","st":1485985012000},"webcompat@mozilla.org":{"d":"/usr/lib/firefox/browser/features/webcompat@mozilla.org.xpi","st":1485985013000},"firefox@getpocket.com":{"d":"/usr/lib/firefox/browser/features/firefox@getpocket.com.xpi","st":1485985013000},"aushelper@mozilla.org":{"d":"/usr/lib/firefox/browser/features/aushelper@mozilla.org.xpi","st":1485985012000}},"app-global":{"{972ce4c6-7e08-4474-a285-3208198ce6fd}":{"d":"/usr/lib/firefox/browser/extensions/{972ce4c6-7e08-4474-a285-3208198ce6fd}.xpi","st":1485985012000}}}
1488953875057	addons.xpi-utils	DEBUG	Opening XPI database /tmp/rust_mozprofile.w6jebai1VMqW/extensions.json
1488953875061	addons.xpi-utils	DEBUG	New add-on e10srollout@mozilla.org installed in app-system-defaults
*** Blocklist::_loadBlocklistFromFile: blocklist is disabled
1488953875091	DeferredSave.extensions.json	DEBUG	Save changes
1488953875093	addons.xpi-utils	DEBUG	New add-on webcompat@mozilla.org installed in app-system-defaults
1488953875103	DeferredSave.extensions.json	DEBUG	Starting timer
1488953875108	DeferredSave.extensions.json	DEBUG	Save changes
1488953875108	addons.xpi-utils	DEBUG	New add-on firefox@getpocket.com installed in app-system-defaults
1488953875128	DeferredSave.extensions.json	DEBUG	Save changes
1488953875128	addons.xpi-utils	DEBUG	New add-on aushelper@mozilla.org installed in app-system-defaults
1488953875136	DeferredSave.extensions.json	DEBUG	Save changes
1488953875139	addons.xpi-utils	DEBUG	New add-on {972ce4c6-7e08-4474-a285-3208198ce6fd} installed in app-global
1488953875149	DeferredSave.extensions.json	DEBUG	Save changes
1488953875150	addons.manager	DEBUG	Registering startup change 'installed' for e10srollout@mozilla.org
1488953875171	addons.xpi	DEBUG	Loading bootstrap scope from /usr/lib/firefox/browser/features/e10srollout@mozilla.org.xpi
1488953875184	addons.xpi	DEBUG	Calling bootstrap method install on e10srollout@mozilla.org version 1.7
1488953875187	addons.xpi-utils	DEBUG	Make addon app-system-defaults:e10srollout@mozilla.org visible
1488953875187	DeferredSave.extensions.json	DEBUG	Save changes
1488953875189	addons.manager	DEBUG	Registering startup change 'installed' for webcompat@mozilla.org
1488953875191	addons.xpi	DEBUG	Loading bootstrap scope from /usr/lib/firefox/browser/features/webcompat@mozilla.org.xpi
1488953875195	addons.xpi	DEBUG	Calling bootstrap method install on webcompat@mozilla.org version 1.0
1488953875195	addons.xpi-utils	DEBUG	Make addon app-system-defaults:webcompat@mozilla.org visible
1488953875199	DeferredSave.extensions.json	DEBUG	Save changes
1488953875200	addons.manager	DEBUG	Registering startup change 'installed' for firefox@getpocket.com
1488953875204	addons.xpi	DEBUG	Loading bootstrap scope from /usr/lib/firefox/browser/features/firefox@getpocket.com.xpi
1488953875216	addons.xpi	DEBUG	Calling bootstrap method install on firefox@getpocket.com version 1.0.5
1488953875216	addons.xpi-utils	DEBUG	Make addon app-system-defaults:firefox@getpocket.com visible
1488953875218	DeferredSave.extensions.json	DEBUG	Save changes
1488953875219	addons.manager	DEBUG	Registering startup change 'installed' for aushelper@mozilla.org
1488953875221	addons.xpi	DEBUG	Loading bootstrap scope from /usr/lib/firefox/browser/features/aushelper@mozilla.org.xpi
1488953875227	addons.xpi	DEBUG	Calling bootstrap method install on aushelper@mozilla.org version 1.0
1488953875227	addons.xpi-utils	DEBUG	Make addon app-system-defaults:aushelper@mozilla.org visible
1488953875228	DeferredSave.extensions.json	DEBUG	Save changes
1488953875229	addons.xpi-utils	DEBUG	Make addon app-global:{972ce4c6-7e08-4474-a285-3208198ce6fd} visible
1488953875230	DeferredSave.extensions.json	DEBUG	Save changes
1488953875232	addons.xpi	DEBUG	Updating XPIState for {"id":"e10srollout@mozilla.org","syncGUID":"{d7506a55-576a-48e9-9282-a9741770c889}","location":"app-system-defaults","version":"1.7","type":"extension","internalName":null,"updateURL":null,"updateKey":null,"optionsURL":null,"optionsType":null,"aboutURL":null,"icons":{},"iconURL":null,"icon64URL":null,"defaultLocale":{"name":"Multi-process staged rollout","description":"Staged rollout of Firefox multi-process feature.","creator":null,"homepageURL":null},"visible":true,"active":true,"userDisabled":false,"appDisabled":false,"descriptor":"/usr/lib/firefox/browser/features/e10srollout@mozilla.org.xpi","installDate":1485985012000,"updateDate":1485985012000,"applyBackgroundUpdates":1,"bootstrap":true,"skinnable":false,"size":6997,"sourceURI":null,"releaseNotesURI":null,"softDisabled":false,"foreignInstall":false,"hasBinaryComponents":false,"strictCompatibility":false,"locales":[],"targetApplications":[{"id":"{ec8030f7-c20a-464f-9b0e-13a3a9e97384}","minVersion":"51.0.1","maxVersion":"51.*"}],"targetPlatforms":[],"multiprocessCompatible":true,"seen":true,"dependencies":[],"hasEmbeddedWebExtension":false,"mpcOptedOut":false}
1488953875233	addons.xpi	DEBUG	getModTime: Recursive scan of e10srollout@mozilla.org
1488953875234	addons.xpi	DEBUG	Updating XPIState for {"id":"webcompat@mozilla.org","syncGUID":"{028e676d-4716-4ce9-9ec9-1e8feec1b0a9}","location":"app-system-defaults","version":"1.0","type":"extension","internalName":null,"updateURL":null,"updateKey":null,"optionsURL":null,"optionsType":null,"aboutURL":null,"icons":{},"iconURL":null,"icon64URL":null,"defaultLocale":{"name":"Web Compat","description":"Urgent post-release fixes for web compatibility.","creator":null,"homepageURL":null},"visible":true,"active":true,"userDisabled":false,"appDisabled":false,"descriptor":"/usr/lib/firefox/browser/features/webcompat@mozilla.org.xpi","installDate":1485985013000,"updateDate":1485985013000,"applyBackgroundUpdates":1,"bootstrap":true,"skinnable":false,"size":1570,"sourceURI":null,"releaseNotesURI":null,"softDisabled":false,"foreignInstall":false,"hasBinaryComponents":false,"strictCompatibility":false,"locales":[],"targetApplications":[{"id":"{ec8030f7-c20a-464f-9b0e-13a3a9e97384}","minVersion":"51.0.1","maxVersion":"51.*"}],"targetPlatforms":[],"multiprocessCompatible":true,"seen":true,"dependencies":[],"hasEmbeddedWebExtension":false,"mpcOptedOut":false}
1488953875235	addons.xpi	DEBUG	getModTime: Recursive scan of webcompat@mozilla.org
1488953875237	addons.xpi	DEBUG	Updating XPIState for {"id":"firefox@getpocket.com","syncGUID":"{c33c584a-4b7e-4d2a-9a0b-d8064f5a2306}","location":"app-system-defaults","version":"1.0.5","type":"extension","internalName":null,"updateURL":null,"updateKey":null,"optionsURL":null,"optionsType":null,"aboutURL":null,"icons":{},"iconURL":null,"icon64URL":null,"defaultLocale":{"name":"Pocket","description":"When you find something you want to view later, put it in Pocket.","creator":null,"homepageURL":null},"visible":true,"active":true,"userDisabled":false,"appDisabled":false,"descriptor":"/usr/lib/firefox/browser/features/firefox@getpocket.com.xpi","installDate":1485985013000,"updateDate":1485985013000,"applyBackgroundUpdates":1,"bootstrap":true,"skinnable":false,"size":921011,"sourceURI":null,"releaseNotesURI":null,"softDisabled":false,"foreignInstall":false,"hasBinaryComponents":false,"strictCompatibility":false,"locales":[],"targetApplications":[{"id":"{ec8030f7-c20a-464f-9b0e-13a3a9e97384}","minVersion":"51.0.1","maxVersion":"51.*"}],"targetPlatforms":[],"multiprocessCompatible":true,"seen":true,"dependencies":[],"hasEmbeddedWebExtension":false,"mpcOptedOut":false}
1488953875238	addons.xpi	DEBUG	getModTime: Recursive scan of firefox@getpocket.com
1488953875239	addons.xpi	DEBUG	Updating XPIState for {"id":"aushelper@mozilla.org","syncGUID":"{f9fe929f-ae8d-45ff-ae5e-5805c05d4551}","location":"app-system-defaults","version":"1.0","type":"extension","internalName":null,"updateURL":null,"updateKey":null,"optionsURL":null,"optionsType":null,"aboutURL":null,"icons":{},"iconURL":null,"icon64URL":null,"defaultLocale":{"name":"Application Update Service Helper","description":"Sets value(s) in the update url based on custom checks.","creator":null,"homepageURL":null},"visible":true,"active":true,"userDisabled":false,"appDisabled":false,"descriptor":"/usr/lib/firefox/browser/features/aushelper@mozilla.org.xpi","installDate":1485985012000,"updateDate":1485985012000,"applyBackgroundUpdates":1,"bootstrap":true,"skinnable":false,"size":5975,"sourceURI":null,"releaseNotesURI":null,"softDisabled":false,"foreignInstall":false,"hasBinaryComponents":false,"strictCompatibility":false,"locales":[],"targetApplications":[{"id":"{ec8030f7-c20a-464f-9b0e-13a3a9e97384}","minVersion":"51.0.1","maxVersion":"51.*"}],"targetPlatforms":[],"multiprocessCompatible":true,"seen":true,"dependencies":[],"hasEmbeddedWebExtension":false,"mpcOptedOut":false}
1488953875239	addons.xpi	DEBUG	getModTime: Recursive scan of aushelper@mozilla.org
1488953875240	addons.xpi	DEBUG	Updating XPIState for {"id":"{972ce4c6-7e08-4474-a285-3208198ce6fd}","syncGUID":"{6fa889f2-1037-4d2a-ae87-f0674a167557}","location":"app-global","version":"51.0.1","type":"theme","internalName":"classic/1.0","updateURL":null,"updateKey":null,"optionsURL":null,"optionsType":null,"aboutURL":null,"icons":{"32":"icon.png","48":"icon.png"},"iconURL":null,"icon64URL":null,"defaultLocale":{"name":"Default","description":"The default theme.","creator":"Mozilla","homepageURL":null,"contributors":["Mozilla Contributors"]},"visible":true,"active":true,"userDisabled":false,"appDisabled":false,"descriptor":"/usr/lib/firefox/browser/extensions/{972ce4c6-7e08-4474-a285-3208198ce6fd}.xpi","installDate":1485985012000,"updateDate":1485985012000,"applyBackgroundUpdates":1,"skinnable":true,"size":4932,"sourceURI":null,"releaseNotesURI":null,"softDisabled":false,"foreignInstall":false,"hasBinaryComponents":false,"strictCompatibility":true,"locales":[],"targetApplications":[{"id":"{ec8030f7-c20a-464f-9b0e-13a3a9e97384}","minVersion":"51.0.1","maxVersion":"51.0.1"}],"targetPlatforms":[],"seen":true,"dependencies":[],"hasEmbeddedWebExtension":false}
1488953875240	addons.xpi	DEBUG	getModTime: Recursive scan of {972ce4c6-7e08-4474-a285-3208198ce6fd}
1488953875245	DeferredSave.extensions.json	DEBUG	Save changes
1488953875245	addons.xpi	DEBUG	Updating database with changes to installed add-ons
1488953875245	addons.xpi-utils	DEBUG	Updating add-on states
1488953875247	addons.xpi-utils	DEBUG	Writing add-ons list
1488953875251	addons.xpi	DEBUG	Registering manifest for /usr/lib/firefox/browser/features/aushelper@mozilla.org.xpi
1488953875252	addons.xpi	DEBUG	Calling bootstrap method startup on aushelper@mozilla.org version 1.0
1488953875255	addons.xpi	DEBUG	Registering manifest for /usr/lib/firefox/browser/features/e10srollout@mozilla.org.xpi
1488953875257	addons.xpi	DEBUG	Calling bootstrap method startup on e10srollout@mozilla.org version 1.7
1488953875259	addons.xpi	DEBUG	Registering manifest for /usr/lib/firefox/browser/features/firefox@getpocket.com.xpi
1488953875261	addons.xpi	DEBUG	Calling bootstrap method startup on firefox@getpocket.com version 1.0.5
1488953875265	addons.xpi	DEBUG	Registering manifest for /usr/lib/firefox/browser/features/webcompat@mozilla.org.xpi
1488953875265	addons.xpi	DEBUG	Calling bootstrap method startup on webcompat@mozilla.org version 1.0
1488953875275	addons.manager	DEBUG	Registering shutdown blocker for XPIProvider
1488953875276	addons.manager	DEBUG	Provider finished startup: XPIProvider
1488953875276	addons.manager	DEBUG	Starting provider: LightweightThemeManager
1488953875276	addons.manager	DEBUG	Registering shutdown blocker for LightweightThemeManager
1488953875277	addons.manager	DEBUG	Provider finished startup: LightweightThemeManager
1488953875278	addons.manager	DEBUG	Starting provider: GMPProvider
1488953875302	addons.manager	DEBUG	Registering shutdown blocker for GMPProvider
1488953875303	addons.manager	DEBUG	Provider finished startup: GMPProvider
1488953875303	addons.manager	DEBUG	Starting provider: PluginProvider
1488953875304	addons.manager	DEBUG	Registering shutdown blocker for PluginProvider
1488953875305	addons.manager	DEBUG	Provider finished startup: PluginProvider
1488953875306	addons.manager	DEBUG	Completed startup sequence
1488953876063	Marionette	INFO	Listening on port 37609
1488953876241	Marionette	INFO	Listening on port 34087
1488953876285	Marionette	INFO	Listening on port 34782
1488953877729	addons.manager	DEBUG	Starting provider: <unnamed-provider>
1488953877729	addons.manager	DEBUG	Registering shutdown blocker for <unnamed-provider>
1488953877729	addons.manager	DEBUG	Provider finished startup: <unnamed-provider>
1488953877755	addons.manager	DEBUG	Starting provider: PreviousExperimentProvider
1488953877756	addons.manager	DEBUG	Registering shutdown blocker for PreviousExperimentProvider
1488953877757	addons.manager	DEBUG	Provider finished startup: PreviousExperimentProvider
1488953877761	DeferredSave.extensions.json	DEBUG	Starting write
1488953877938	DeferredSave.extensions.json	DEBUG	Write succeeded
1488953877949	addons.xpi-utils	DEBUG	XPI Database saved, setting schema version preference to 19
[Child 9717] ###!!! ABORT: Aborting on channel error.: file /build/firefox-z5GTBX/firefox-51.0.1+build2/ipc/glue/MessageChannel.cpp, line 2056
[Child 9717] ###!!! ABORT: Aborting on channel error.: file /build/firefox-z5GTBX/firefox-51.0.1+build2/ipc/glue/MessageChannel.cpp, line 2056
[Child 9714] ###!!! ABORT: Aborting on channel error.: file /build/firefox-z5GTBX/firefox-51.0.1+build2/ipc/glue/MessageChannel.cpp, line 2056
[Child 9714] ###!!! ABORT: Aborting on channel error.: file /build/firefox-z5GTBX/firefox-51.0.1+build2/ipc/glue/MessageChannel.cpp, line 2056
[Child 9704] ###!!! ABORT: Aborting on channel error.: file /build/firefox-z5GTBX/firefox-51.0.1+build2/ipc/glue/MessageChannel.cpp, line 2056
[Child 9704] ###!!! ABORT: Aborting on channel error.: file /build/firefox-z5GTBX/firefox-51.0.1+build2/ipc/glue/MessageChannel.cpp, line 2056
1488953902964	geckodriver	INFO	Listening on 127.0.0.1:52013
1488953902971	geckodriver	INFO	Listening on 127.0.0.1:38116
1488953902972	geckodriver	INFO	Listening on 127.0.0.1:40394
1488953903966	mozprofile::profile	INFO	Using profile path /tmp/rust_mozprofile.7nlgvgJAcGKZ
1488953903967	geckodriver::marionette	INFO	Starting browser /usr/bin/firefox
1488953903971	mozprofile::profile	INFO	Using profile path /tmp/rust_mozprofile.HXOGIf7KcuKu
1488953903973	geckodriver::marionette	INFO	Connecting to Marionette on localhost:45166
1488953903973	mozprofile::profile	INFO	Using profile path /tmp/rust_mozprofile.KDGxzxWAir0Y
1488953903974	geckodriver::marionette	INFO	Starting browser /usr/bin/firefox
1488953903974	geckodriver::marionette	INFO	Starting browser /usr/bin/firefox
1488953903977	geckodriver::marionette	INFO	Connecting to Marionette on localhost:40347
1488953903977	geckodriver::marionette	INFO	Connecting to Marionette on localhost:36785
1488953904512	addons.manager	DEBUG	Application has been upgraded
1488953904544	addons.manager	DEBUG	Loaded provider scope for resource://gre/modules/addons/XPIProvider.jsm: ["XPIProvider"]
1488953904549	addons.manager	DEBUG	Loaded provider scope for resource://gre/modules/LightweightThemeManager.jsm: ["LightweightThemeManager"]
1488953904559	addons.manager	DEBUG	Loaded provider scope for resource://gre/modules/addons/GMPProvider.jsm
1488953904564	addons.manager	DEBUG	Loaded provider scope for resource://gre/modules/addons/PluginProvider.jsm
1488953904565	addons.manager	DEBUG	Starting provider: XPIProvider
1488953904566	addons.xpi	DEBUG	startup
1488953904568	addons.xpi	INFO	SystemAddonInstallLocation directory is missing
1488953904570	addons.xpi	INFO	Mapping e10srollout@mozilla.org to /usr/lib/firefox/browser/features/e10srollout@mozilla.org.xpi
1488953904570	addons.xpi	INFO	Mapping webcompat@mozilla.org to /usr/lib/firefox/browser/features/webcompat@mozilla.org.xpi
1488953904571	addons.xpi	INFO	Mapping firefox@getpocket.com to /usr/lib/firefox/browser/features/firefox@getpocket.com.xpi
1488953904572	addons.xpi	INFO	Mapping aushelper@mozilla.org to /usr/lib/firefox/browser/features/aushelper@mozilla.org.xpi
1488953904573	addons.xpi	INFO	Mapping {972ce4c6-7e08-4474-a285-3208198ce6fd} to /usr/lib/firefox/browser/extensions/{972ce4c6-7e08-4474-a285-3208198ce6fd}.xpi
1488953904574	addons.xpi	DEBUG	checkForChanges
1488953904576	addons.xpi	DEBUG	Loaded add-on state from prefs: {}
1488953904578	addons.xpi	DEBUG	New add-on e10srollout@mozilla.org in app-system-defaults
1488953904580	addons.xpi	DEBUG	getModTime: Recursive scan of e10srollout@mozilla.org
1488953904581	addons.xpi	DEBUG	New add-on webcompat@mozilla.org in app-system-defaults
1488953904582	addons.xpi	DEBUG	getModTime: Recursive scan of webcompat@mozilla.org
1488953904583	addons.xpi	DEBUG	New add-on firefox@getpocket.com in app-system-defaults
1488953904584	addons.xpi	DEBUG	getModTime: Recursive scan of firefox@getpocket.com
1488953904585	addons.xpi	DEBUG	New add-on aushelper@mozilla.org in app-system-defaults
1488953904586	addons.xpi	DEBUG	getModTime: Recursive scan of aushelper@mozilla.org
1488953904587	addons.xpi	DEBUG	New add-on {972ce4c6-7e08-4474-a285-3208198ce6fd} in app-global
1488953904588	addons.xpi	DEBUG	getModTime: Recursive scan of {972ce4c6-7e08-4474-a285-3208198ce6fd}
1488953904589	addons.xpi	DEBUG	getInstallState changed: true, state: {"app-system-defaults":{"e10srollout@mozilla.org":{"d":"/usr/lib/firefox/browser/features/e10srollout@mozilla.org.xpi","st":1485985012000},"webcompat@mozilla.org":{"d":"/usr/lib/firefox/browser/features/webcompat@mozilla.org.xpi","st":1485985013000},"firefox@getpocket.com":{"d":"/usr/lib/firefox/browser/features/firefox@getpocket.com.xpi","st":1485985013000},"aushelper@mozilla.org":{"d":"/usr/lib/firefox/browser/features/aushelper@mozilla.org.xpi","st":1485985012000}},"app-global":{"{972ce4c6-7e08-4474-a285-3208198ce6fd}":{"d":"/usr/lib/firefox/browser/extensions/{972ce4c6-7e08-4474-a285-3208198ce6fd}.xpi","st":1485985012000}}}
1488953904608	addons.xpi-utils	DEBUG	Opening XPI database /tmp/rust_mozprofile.HXOGIf7KcuKu/extensions.json
1488953904610	addons.xpi-utils	DEBUG	New add-on e10srollout@mozilla.org installed in app-system-defaults
*** Blocklist::_loadBlocklistFromFile: blocklist is disabled
1488953904635	DeferredSave.extensions.json	DEBUG	Save changes
1488953904637	addons.xpi-utils	DEBUG	New add-on webcompat@mozilla.org installed in app-system-defaults
1488953904644	DeferredSave.extensions.json	DEBUG	Starting timer
1488953904648	DeferredSave.extensions.json	DEBUG	Save changes
1488953904648	addons.xpi-utils	DEBUG	New add-on firefox@getpocket.com installed in app-system-defaults
1488953904661	DeferredSave.extensions.json	DEBUG	Save changes
1488953904661	addons.xpi-utils	DEBUG	New add-on aushelper@mozilla.org installed in app-system-defaults
1488953904668	DeferredSave.extensions.json	DEBUG	Save changes
1488953904669	addons.xpi-utils	DEBUG	New add-on {972ce4c6-7e08-4474-a285-3208198ce6fd} installed in app-global
1488953904675	DeferredSave.extensions.json	DEBUG	Save changes
1488953904676	addons.manager	DEBUG	Registering startup change 'installed' for e10srollout@mozilla.org
1488953904687	addons.xpi	DEBUG	Loading bootstrap scope from /usr/lib/firefox/browser/features/e10srollout@mozilla.org.xpi
1488953904694	addons.xpi	DEBUG	Calling bootstrap method install on e10srollout@mozilla.org version 1.7
1488953904695	addons.xpi-utils	DEBUG	Make addon app-system-defaults:e10srollout@mozilla.org visible
1488953904696	DeferredSave.extensions.json	DEBUG	Save changes
1488953904696	addons.manager	DEBUG	Registering startup change 'installed' for webcompat@mozilla.org
1488953904697	addons.xpi	DEBUG	Loading bootstrap scope from /usr/lib/firefox/browser/features/webcompat@mozilla.org.xpi
1488953904700	addons.xpi	DEBUG	Calling bootstrap method install on webcompat@mozilla.org version 1.0
1488953904701	addons.xpi-utils	DEBUG	Make addon app-system-defaults:webcompat@mozilla.org visible
1488953904704	DeferredSave.extensions.json	DEBUG	Save changes
1488953904705	addons.manager	DEBUG	Registering startup change 'installed' for firefox@getpocket.com
1488953904707	addons.xpi	DEBUG	Loading bootstrap scope from /usr/lib/firefox/browser/features/firefox@getpocket.com.xpi
1488953904715	addons.xpi	DEBUG	Calling bootstrap method install on firefox@getpocket.com version 1.0.5
1488953904715	addons.xpi-utils	DEBUG	Make addon app-system-defaults:firefox@getpocket.com visible
1488953904716	DeferredSave.extensions.json	DEBUG	Save changes
1488953904717	addons.manager	DEBUG	Registering startup change 'installed' for aushelper@mozilla.org
1488953904718	addons.xpi	DEBUG	Loading bootstrap scope from /usr/lib/firefox/browser/features/aushelper@mozilla.org.xpi
1488953904723	addons.xpi	DEBUG	Calling bootstrap method install on aushelper@mozilla.org version 1.0
1488953904724	addons.xpi-utils	DEBUG	Make addon app-system-defaults:aushelper@mozilla.org visible
1488953904724	DeferredSave.extensions.json	DEBUG	Save changes
1488953904725	addons.xpi-utils	DEBUG	Make addon app-global:{972ce4c6-7e08-4474-a285-3208198ce6fd} visible
1488953904726	DeferredSave.extensions.json	DEBUG	Save changes
1488953904727	addons.xpi	DEBUG	Updating XPIState for {"id":"e10srollout@mozilla.org","syncGUID":"{a62b8a25-d09d-4bfb-a0b6-1ad94fbbcb6c}","location":"app-system-defaults","version":"1.7","type":"extension","internalName":null,"updateURL":null,"updateKey":null,"optionsURL":null,"optionsType":null,"aboutURL":null,"icons":{},"iconURL":null,"icon64URL":null,"defaultLocale":{"name":"Multi-process staged rollout","description":"Staged rollout of Firefox multi-process feature.","creator":null,"homepageURL":null},"visible":true,"active":true,"userDisabled":false,"appDisabled":false,"descriptor":"/usr/lib/firefox/browser/features/e10srollout@mozilla.org.xpi","installDate":1485985012000,"updateDate":1485985012000,"applyBackgroundUpdates":1,"bootstrap":true,"skinnable":false,"size":6997,"sourceURI":null,"releaseNotesURI":null,"softDisabled":false,"foreignInstall":false,"hasBinaryComponents":false,"strictCompatibility":false,"locales":[],"targetApplications":[{"id":"{ec8030f7-c20a-464f-9b0e-13a3a9e97384}","minVersion":"51.0.1","maxVersion":"51.*"}],"targetPlatforms":[],"multiprocessCompatible":true,"seen":true,"dependencies":[],"hasEmbeddedWebExtension":false,"mpcOptedOut":false}
1488953904727	addons.xpi	DEBUG	getModTime: Recursive scan of e10srollout@mozilla.org
1488953904728	addons.xpi	DEBUG	Updating XPIState for {"id":"webcompat@mozilla.org","syncGUID":"{403b9277-d3cd-45e3-9f84-82defca261d4}","location":"app-system-defaults","version":"1.0","type":"extension","internalName":null,"updateURL":null,"updateKey":null,"optionsURL":null,"optionsType":null,"aboutURL":null,"icons":{},"iconURL":null,"icon64URL":null,"defaultLocale":{"name":"Web Compat","description":"Urgent post-release fixes for web compatibility.","creator":null,"homepageURL":null},"visible":true,"active":true,"userDisabled":false,"appDisabled":false,"descriptor":"/usr/lib/firefox/browser/features/webcompat@mozilla.org.xpi","installDate":1485985013000,"updateDate":1485985013000,"applyBackgroundUpdates":1,"bootstrap":true,"skinnable":false,"size":1570,"sourceURI":null,"releaseNotesURI":null,"softDisabled":false,"foreignInstall":false,"hasBinaryComponents":false,"strictCompatibility":false,"locales":[],"targetApplications":[{"id":"{ec8030f7-c20a-464f-9b0e-13a3a9e97384}","minVersion":"51.0.1","maxVersion":"51.*"}],"targetPlatforms":[],"multiprocessCompatible":true,"seen":true,"dependencies":[],"hasEmbeddedWebExtension":false,"mpcOptedOut":false}
1488953904728	addons.xpi	DEBUG	getModTime: Recursive scan of webcompat@mozilla.org
1488953904729	addons.xpi	DEBUG	Updating XPIState for {"id":"firefox@getpocket.com","syncGUID":"{aeabbee4-104f-426f-b8ea-8ebdd25bd8b7}","location":"app-system-defaults","version":"1.0.5","type":"extension","internalName":null,"updateURL":null,"updateKey":null,"optionsURL":null,"optionsType":null,"aboutURL":null,"icons":{},"iconURL":null,"icon64URL":null,"defaultLocale":{"name":"Pocket","description":"When you find something you want to view later, put it in Pocket.","creator":null,"homepageURL":null},"visible":true,"active":true,"userDisabled":false,"appDisabled":false,"descriptor":"/usr/lib/firefox/browser/features/firefox@getpocket.com.xpi","installDate":1485985013000,"updateDate":1485985013000,"applyBackgroundUpdates":1,"bootstrap":true,"skinnable":false,"size":921011,"sourceURI":null,"releaseNotesURI":null,"softDisabled":false,"foreignInstall":false,"hasBinaryComponents":false,"strictCompatibility":false,"locales":[],"targetApplications":[{"id":"{ec8030f7-c20a-464f-9b0e-13a3a9e97384}","minVersion":"51.0.1","maxVersion":"51.*"}],"targetPlatforms":[],"multiprocessCompatible":true,"seen":true,"dependencies":[],"hasEmbeddedWebExtension":false,"mpcOptedOut":false}
1488953904729	addons.xpi	DEBUG	getModTime: Recursive scan of firefox@getpocket.com
1488953904730	addons.xpi	DEBUG	Updating XPIState for {"id":"aushelper@mozilla.org","syncGUID":"{861b3a3c-1c00-40e7-a5e4-838298dc6a42}","location":"app-system-defaults","version":"1.0","type":"extension","internalName":null,"updateURL":null,"updateKey":null,"optionsURL":null,"optionsType":null,"aboutURL":null,"icons":{},"iconURL":null,"icon64URL":null,"defaultLocale":{"name":"Application Update Service Helper","description":"Sets value(s) in the update url based on custom checks.","creator":null,"homepageURL":null},"visible":true,"active":true,"userDisabled":false,"appDisabled":false,"descriptor":"/usr/lib/firefox/browser/features/aushelper@mozilla.org.xpi","installDate":1485985012000,"updateDate":1485985012000,"applyBackgroundUpdates":1,"bootstrap":true,"skinnable":false,"size":5975,"sourceURI":null,"releaseNotesURI":null,"softDisabled":false,"foreignInstall":false,"hasBinaryComponents":false,"strictCompatibility":false,"locales":[],"targetApplications":[{"id":"{ec8030f7-c20a-464f-9b0e-13a3a9e97384}","minVersion":"51.0.1","maxVersion":"51.*"}],"targetPlatforms":[],"multiprocessCompatible":true,"seen":true,"dependencies":[],"hasEmbeddedWebExtension":false,"mpcOptedOut":false}
1488953904731	addons.xpi	DEBUG	getModTime: Recursive scan of aushelper@mozilla.org
1488953904732	addons.xpi	DEBUG	Updating XPIState for {"id":"{972ce4c6-7e08-4474-a285-3208198ce6fd}","syncGUID":"{ee9f21ab-a6c0-4c19-abfe-0930ac01beb0}","location":"app-global","version":"51.0.1","type":"theme","internalName":"classic/1.0","updateURL":null,"updateKey":null,"optionsURL":null,"optionsType":null,"aboutURL":null,"icons":{"32":"icon.png","48":"icon.png"},"iconURL":null,"icon64URL":null,"defaultLocale":{"name":"Default","description":"The default theme.","creator":"Mozilla","homepageURL":null,"contributors":["Mozilla Contributors"]},"visible":true,"active":true,"userDisabled":false,"appDisabled":false,"descriptor":"/usr/lib/firefox/browser/extensions/{972ce4c6-7e08-4474-a285-3208198ce6fd}.xpi","installDate":1485985012000,"updateDate":1485985012000,"applyBackgroundUpdates":1,"skinnable":true,"size":4932,"sourceURI":null,"releaseNotesURI":null,"softDisabled":false,"foreignInstall":false,"hasBinaryComponents":false,"strictCompatibility":true,"locales":[],"targetApplications":[{"id":"{ec8030f7-c20a-464f-9b0e-13a3a9e97384}","minVersion":"51.0.1","maxVersion":"51.0.1"}],"targetPlatforms":[],"seen":true,"dependencies":[],"hasEmbeddedWebExtension":false}
1488953904732	addons.xpi	DEBUG	getModTime: Recursive scan of {972ce4c6-7e08-4474-a285-3208198ce6fd}
1488953904735	DeferredSave.extensions.json	DEBUG	Save changes
1488953904735	addons.xpi	DEBUG	Updating database with changes to installed add-ons
1488953904735	addons.xpi-utils	DEBUG	Updating add-on states
1488953904737	addons.xpi-utils	DEBUG	Writing add-ons list
1488953904740	addons.xpi	DEBUG	Registering manifest for /usr/lib/firefox/browser/features/aushelper@mozilla.org.xpi
1488953904741	addons.xpi	DEBUG	Calling bootstrap method startup on aushelper@mozilla.org version 1.0
1488953904743	addons.xpi	DEBUG	Registering manifest for /usr/lib/firefox/browser/features/e10srollout@mozilla.org.xpi
1488953904744	addons.xpi	DEBUG	Calling bootstrap method startup on e10srollout@mozilla.org version 1.7
1488953904746	addons.xpi	DEBUG	Registering manifest for /usr/lib/firefox/browser/features/firefox@getpocket.com.xpi
1488953904747	addons.xpi	DEBUG	Calling bootstrap method startup on firefox@getpocket.com version 1.0.5
1488953904751	addons.xpi	DEBUG	Registering manifest for /usr/lib/firefox/browser/features/webcompat@mozilla.org.xpi
1488953904752	addons.xpi	DEBUG	Calling bootstrap method startup on webcompat@mozilla.org version 1.0
1488953904757	addons.manager	DEBUG	Registering shutdown blocker for XPIProvider
1488953904758	addons.manager	DEBUG	Provider finished startup: XPIProvider
1488953904758	addons.manager	DEBUG	Starting provider: LightweightThemeManager
1488953904758	addons.manager	DEBUG	Registering shutdown blocker for LightweightThemeManager
1488953904758	addons.manager	DEBUG	Provider finished startup: LightweightThemeManager
1488953904760	addons.manager	DEBUG	Starting provider: GMPProvider
1488953904776	addons.manager	DEBUG	Registering shutdown blocker for GMPProvider
1488953904777	addons.manager	DEBUG	Provider finished startup: GMPProvider
1488953904777	addons.manager	DEBUG	Starting provider: PluginProvider
1488953904777	addons.manager	DEBUG	Registering shutdown blocker for PluginProvider
1488953904778	addons.manager	DEBUG	Provider finished startup: PluginProvider
1488953904778	addons.manager	DEBUG	Completed startup sequence
1488953905474	Marionette	INFO	Listening on port 40347
1488953905760	Marionette	INFO	Listening on port 45166
1488953906256	Marionette	INFO	Listening on port 36785
1488953907766	addons.manager	DEBUG	Starting provider: <unnamed-provider>
1488953907766	addons.manager	DEBUG	Registering shutdown blocker for <unnamed-provider>
1488953907767	addons.manager	DEBUG	Provider finished startup: <unnamed-provider>
1488953907813	addons.manager	DEBUG	Starting provider: PreviousExperimentProvider
1488953907814	addons.manager	DEBUG	Registering shutdown blocker for PreviousExperimentProvider
1488953907816	addons.manager	DEBUG	Provider finished startup: PreviousExperimentProvider
1488953907823	DeferredSave.extensions.json	DEBUG	Starting write
1488953908123	DeferredSave.extensions.json	DEBUG	Write succeeded
1488953908128	addons.xpi-utils	DEBUG	XPI Database saved, setting schema version preference to 19
JavaScript error: http://cdn.advanseads.com/dnaFiles/js/html_render_v4.min.js?v=1481205962105, line 1: Error: Permission denied to access property "href"
JavaScript error: http://cdn.advanseads.com/dnaFiles/js/html_render_v4.min.js?v=1481205962177, line 1: Error: Permission denied to access property "href"
JavaScript error: http://cdn.advanseads.com/dnaFiles/js/html_render_v4.min.js?v=1481205962177, line 1: Error: Permission denied to access property "href"

(firefox:9911): GLib-GObject-CRITICAL **: g_type_add_interface_static: assertion 'g_type_parent (interface_type) == G_TYPE_INTERFACE' failed

(firefox:9911): GLib-GObject-CRITICAL **: g_type_add_interface_static: assertion 'g_type_parent (interface_type) == G_TYPE_INTERFACE' failed

(firefox:9911): GLib-GObject-CRITICAL **: g_type_add_interface_static: assertion 'g_type_parent (interface_type) == G_TYPE_INTERFACE' failed

(firefox:9911): GLib-GObject-CRITICAL **: g_type_add_interface_static: assertion 'g_type_parent (interface_type) == G_TYPE_INTERFACE' failed

(firefox:9911): GLib-GObject-CRITICAL **: g_type_add_interface_static: assertion 'g_type_parent (interface_type) == G_TYPE_INTERFACE' failed

(firefox:9911): GLib-GObject-CRITICAL **: g_type_add_interface_static: assertion 'g_type_parent (interface_type) == G_TYPE_INTERFACE' failed
JavaScript error: http://cdn.advanseads.com/dnaFiles/js/html_render_v4.min.js?v=1481205962105, line 1: Error: Permission denied to access property "href"
JavaScript error: http://cdn.advanseads.com/dnaFiles/js/html_render_v4.min.js?v=1481205962177, line 1: Error: Permission denied to access property "href"
JavaScript error: http://cdn.advanseads.com/dnaFiles/js/html_render_v4.min.js?v=1481205962177, line 1: Error: Permission denied to access property "href"
JavaScript error: http://cdn.advanseads.com/dnaFiles/js/html_render_v4.min.js?v=1481205962177, line 1: Error: Permission denied to access property "href"
JavaScript error: http://cdn.advanseads.com/dnaFiles/js/html_render_v4.min.js?v=1481205962177, line 1: Error: Permission denied to access property "href"
JavaScript error: http://cdn.advanseads.com/dnaFiles/js/html_render_v4.min.js?v=1481205962105, line 1: Error: Permission denied to access property "href"
1488953969683	addons.productaddons	INFO	sending request to: https://aus5.mozilla.org/update/3/GMP/51.0.1/20170201180315/Linux_x86_64-gcc3/null/release-cck- ubuntu/Linux%204.4.0-57-generic%20(GTK%203.18.9%2Clibpulse%208.0.0)/canonical/1.0/update.xml
1488953970618	addons.productaddons	INFO	Completed downloading document
JavaScript error: http://cdn.advanseads.com/dnaFiles/js/html_render_v4.min.js?v=1481205962105, line 1: Error: Permission denied to access property "href"
JavaScript error: http://cdn.advanseads.com/dnaFiles/js/html_render_v4.min.js?v=1481205962177, line 1: Error: Permission denied to access property "href"
1488953971570	addons.productaddons	INFO	downloadXHR File download. status=200
1488953971576	addons.productaddons	INFO	Downloaded file will be saved to /tmp/tmpaddon
JavaScript error: http://cdn.advanseads.com/dnaFiles/js/html_render_v4.min.js?v=1481205962177, line 1: Error: Permission denied to access property "href"
JavaScript error: http://cdn.advanseads.com/dnaFiles/js/html_render_v4.min.js?v=1481205962177, line 1: Error: Permission denied to access property "href"
JavaScript error: http://cdn.advanseads.com/dnaFiles/js/html_render_v4.min.js?v=1481205962105, line 1: Error: Permission denied to access property "href"
JavaScript error: http://cdn.advanseads.com/dnaFiles/js/html_render_v4.min.js?v=1481205962177, line 1: Error: Permission denied to access property "href"
JavaScript error: http://cdn.advanseads.com/dnaFiles/js/html_render_v4.min.js?v=1481205962177, line 1: Error: Permission denied to access property "href"
JavaScript error: http://cdn.advanseads.com/dnaFiles/js/html_render_v4.min.js?v=1481205962105, line 1: Error: Permission denied to access property "href"
JavaScript error: http://cdn.advanseads.com/dnaFiles/js/html_render_v4.min.js?v=1481205962177, line 1: Error: Permission denied to access property "href"
JavaScript error: http://cdn.advanseads.com/dnaFiles/js/html_render_v4.min.js?v=1481205962105, line 1: Error: Permission denied to access property "href"
JavaScript error: http://cdn.advanseads.com/dnaFiles/js/html_render_v4.min.js?v=1481205962177, line 1: Error: Permission denied to access property "href"
JavaScript error: http://cdn.advanseads.com/dnaFiles/js/html_render_v4.min.js?v=1481205962177, line 1: Error: Permission denied to access property "href"
JavaScript error: http://cdn.advanseads.com/dnaFiles/js/html_render_v4.min.js?v=1481205962177, line 1: Error: Permission denied to access property "href"
JavaScript error: http://cdn.advanseads.com/dnaFiles/js/html_render_v4.min.js?v=1481205962177, line 1: Error: Permission denied to access property "href"
JavaScript error: http://cdn.advanseads.com/dnaFiles/js/html_render_v4.min.js?v=1481205962105, line 1: Error: Permission denied to access property "href"
JavaScript error: http://cdn.advanseads.com/dnaFiles/js/html_render_v4.min.js?v=1481205962105, line 1: Error: Permission denied to access property "href"
JavaScript error: http://cdn.advanseads.com/dnaFiles/js/html_render_v4.min.js?v=1481205962177, line 1: Error: Permission denied to access property "href"
JavaScript error: http://cdn.advanseads.com/dnaFiles/js/html_render_v4.min.js?v=1481205962177, line 1: Error: Permission denied to access property "href"
JavaScript error: http://cdn.advanseads.com/dnaFiles/js/html_render_v4.min.js?v=1481205962105, line 1: Error: Permission denied to access property "href"
JavaScript error: http://cdn.advanseads.com/dnaFiles/js/html_render_v4.min.js?v=1481205962177, line 1: Error: Permission denied to access property "href"
JavaScript error: http://cdn.advanseads.com/dnaFiles/js/html_render_v4.min.js?v=1481205962177, line 1: Error: Permission denied to access property "href"
JavaScript error: http://cdn.advanseads.com/dnaFiles/js/html_render_v4.min.js?v=1481205962105, line 1: Error: Permission denied to access property "href"
JavaScript error: http://j.adlooxtracking.com/ads/js/tfav_infectiousg_banoneinf.js, line 31: NS_ERROR_FAILURE: 
JavaScript error: http://j.adlooxtracking.com/ads/js/tfav_infectiousg_banoneinf.js, line 31: NS_ERROR_FAILURE: 
JavaScript error: http://j.adlooxtracking.com/ads/js/tfav_infectiousg_banoneinf.js, line 31: NS_ERROR_FAILURE: 
JavaScript error: http://j.adlooxtracking.com/ads/js/tfav_infectiousg_banoneinf.js, line 31: NS_ERROR_FAILURE: 
JavaScript error: http://j.adlooxtracking.com/ads/js/tfav_infectiousg_banoneinf.js, line 31: NS_ERROR_FAILURE: 
JavaScript error: http://j.adlooxtracking.com/ads/js/tfav_infectiousg_banoneinf.js, line 31: NS_ERROR_FAILURE: 
JavaScript error: http://j.adlooxtracking.com/ads/js/tfav_infectiousg_banoneinf.js, line 31: NS_ERROR_FAILURE: 
JavaScript error: http://j.adlooxtracking.com/ads/js/tfav_infectiousg_banoneinf.js, line 31: NS_ERROR_FAILURE: 
JavaScript error: http://j.adlooxtracking.com/ads/js/tfav_infectiousg_banoneinf.js, line 31: NS_ERROR_FAILURE: 
JavaScript error: http://j.adlooxtracking.com/ads/js/tfav_infectiousg_banoneinf.js, line 31: NS_ERROR_FAILURE: 
JavaScript error: http://j.adlooxtracking.com/ads/js/tfav_infectiousg_banoneinf.js, line 31: NS_ERROR_FAILURE: 
JavaScript error: http://j.adlooxtracking.com/ads/js/tfav_infectiousg_banoneinf.js, line 31: NS_ERROR_FAILURE: 
JavaScript error: http://cdn.advanseads.com/dnaFiles/js/html_render_v4.min.js?v=1481205962105, line 1: Error: Permission denied to access property "href"
JavaScript error: https://www.dice.com/jobs/sort-date-limit-30-startPage-6-limit-120-jobs, line 1: ReferenceError: errorImg is not defined
JavaScript error: https://www.dice.com/jobs/sort-date-limit-30-startPage-6-limit-120-jobs, line 1: ReferenceError: errorImg is not defined
JavaScript error: https://www.dice.com/jobs/sort-date-limit-30-startPage-6-limit-120-jobs, line 1: ReferenceError: errorImg is not defined
JavaScript error: https://www.dice.com/jobs/sort-date-limit-30-startPage-6-limit-120-jobs, line 1: ReferenceError: errorImg is not defined
JavaScript error: https://www.dice.com/jobs/sort-date-limit-30-startPage-6-limit-120-jobs, line 1: ReferenceError: errorImg is not defined
JavaScript error: https://www.dice.com/jobs/sort-date-limit-30-startPage-6-limit-120-jobs, line 1: ReferenceError: errorImg is not defined
JavaScript error: http://j.adlooxtracking.com/ads/js/tfav_infectiousg_banoneinf.js, line 31: NS_ERROR_FAILURE: 
JavaScript error: http://j.adlooxtracking.com/ads/js/tfav_infectiousg_banoneinf.js, line 31: NS_ERROR_FAILURE: 
JavaScript error: http://j.adlooxtracking.com/ads/js/tfav_infectiousg_banoneinf.js, line 31: NS_ERROR_FAILURE: 
JavaScript error: http://j.adlooxtracking.com/ads/js/tfav_infectiousg_banoneinf.js, line 31: NS_ERROR_FAILURE: 
JavaScript error: http://j.adlooxtracking.com/ads/js/tfav_infectiousg_banoneinf.js, line 31: NS_ERROR_FAILURE: 
JavaScript error: http://j.adlooxtracking.com/ads/js/tfav_infectiousg_banoneinf.js, line 31: NS_ERROR_FAILURE: 
JavaScript error: http://j.adlooxtracking.com/ads/js/tfav_infectiousg_banoneinf.js, line 31: NS_ERROR_FAILURE: 
JavaScript error: http://j.adlooxtracking.com/ads/js/tfav_infectiousg_banoneinf.js, line 31: NS_ERROR_FAILURE: 
JavaScript error: http://j.adlooxtracking.com/ads/js/tfav_infectiousg_banoneinf.js, line 31: NS_ERROR_FAILURE: 
JavaScript error: http://j.adlooxtracking.com/ads/js/tfav_infectiousg_banoneinf.js, line 31: NS_ERROR_FAILURE: 
JavaScript error: http://cdn.advanseads.com/dnaFiles/js/html_render_v4.min.js?v=1481205962105, line 1: Error: Permission denied to access property "href"
JavaScript error: https://www.dice.com/jobs/sort-date-limit-30-startPage-7-limit-120-jobs, line 1: ReferenceError: errorImg is not defined
JavaScript error: https://www.dice.com/jobs/sort-date-limit-30-startPage-7-limit-120-jobs, line 1: ReferenceError: errorImg is not defined
JavaScript error: https://www.dice.com/jobs/sort-date-limit-30-startPage-7-limit-120-jobs, line 1: ReferenceError: errorImg is not defined
JavaScript error: https://www.dice.com/jobs/sort-date-limit-30-startPage-7-limit-120-jobs, line 1: ReferenceError: errorImg is not defined
JavaScript error: https://www.dice.com/jobs/sort-date-limit-30-startPage-7-limit-120-jobs, line 1: ReferenceError: errorImg is not defined
JavaScript error: https://www.dice.com/jobs/sort-date-limit-30-startPage-7-limit-120-jobs, line 1: ReferenceError: errorImg is not defined
JavaScript error: https://www.dice.com/jobs/sort-date-limit-30-startPage-7-limit-120-jobs, line 1: ReferenceError: errorImg is not defined
JavaScript error: https://www.dice.com/jobs/sort-date-limit-30-startPage-7-limit-120-jobs, line 1: ReferenceError: errorImg is not defined
JavaScript error: https://www.dice.com/jobs/sort-date-limit-30-startPage-7-limit-120-jobs, line 1: ReferenceError: errorImg is not defined
JavaScript error: https://www.dice.com/jobs/sort-date-limit-30-startPage-7-limit-120-jobs, line 1: ReferenceError: errorImg is not defined
JavaScript error: https://www.dice.com/jobs/sort-date-limit-30-startPage-7-limit-120-jobs, line 1: ReferenceError: errorImg is not defined
JavaScript error: https://www.dice.com/jobs/sort-date-limit-30-startPage-7-limit-120-jobs, line 1: ReferenceError: errorImg is not defined
JavaScript error: https://www.dice.com/jobs/sort-date-limit-30-startPage-7-limit-120-jobs, line 1: ReferenceError: errorImg is not defined
JavaScript error: https://www.dice.com/jobs/sort-date-limit-30-startPage-7-limit-120-jobs, line 1: ReferenceError: errorImg is not defined
JavaScript error: https://www.dice.com/jobs/sort-date-limit-30-startPage-7-limit-120-jobs, line 1: ReferenceError: errorImg is not defined
JavaScript error: https://www.dice.com/jobs/sort-date-limit-30-startPage-7-limit-120-jobs, line 1: ReferenceError: errorImg is not defined
JavaScript error: http://j.adlooxtracking.com/ads/js/tfav_infectiousg_banoneinf.js, line 31: NS_ERROR_FAILURE: 
JavaScript error: http://j.adlooxtracking.com/ads/js/tfav_infectiousg_banoneinf.js, line 31: NS_ERROR_FAILURE: 
JavaScript error: http://j.adlooxtracking.com/ads/js/tfav_infectiousg_banoneinf.js, line 31: NS_ERROR_FAILURE: 
JavaScript error: http://j.adlooxtracking.com/ads/js/tfav_infectiousg_banoneinf.js, line 31: NS_ERROR_FAILURE: 
JavaScript error: http://j.adlooxtracking.com/ads/js/tfav_infectiousg_banoneinf.js, line 31: NS_ERROR_FAILURE: 
JavaScript error: http://j.adlooxtracking.com/ads/js/tfav_infectiousg_banoneinf.js, line 31: NS_ERROR_FAILURE: 
JavaScript error: http://j.adlooxtracking.com/ads/js/tfav_infectiousg_banoneinf.js, line 31: NS_ERROR_FAILURE: 
JavaScript error: http://j.adlooxtracking.com/ads/js/tfav_infectiousg_banoneinf.js, line 31: NS_ERROR_FAILURE: 
JavaScript error: http://j.adlooxtracking.com/ads/js/tfav_infectiousg_banoneinf.js, line 31: NS_ERROR_FAILURE: 
JavaScript error: http://j.adlooxtracking.com/ads/js/tfav_infectiousg_banoneinf.js, line 31: NS_ERROR_FAILURE: 
JavaScript error: http://j.adlooxtracking.com/ads/js/tfav_infectiousg_banoneinf.js, line 31: NS_ERROR_FAILURE: 
JavaScript error: http://j.adlooxtracking.com/ads/js/tfav_infectiousg_banoneinf.js, line 31: NS_ERROR_FAILURE: 
JavaScript error: http://cdn.advanseads.com/dnaFiles/js/html_render_v4.min.js?v=1481205962105, line 1: Error: Permission denied to access property "href"
JavaScript error: http://j.adlooxtracking.com/ads/js/tfav_infectiousg_banoneinf.js, line 31: NS_ERROR_FAILURE: 
JavaScript error: http://j.adlooxtracking.com/ads/js/tfav_infectiousg_banoneinf.js, line 31: NS_ERROR_FAILURE: 
JavaScript error: http://j.adlooxtracking.com/ads/js/tfav_infectiousg_banoneinf.js, line 31: NS_ERROR_FAILURE: 
JavaScript error: http://j.adlooxtracking.com/ads/js/tfav_infectiousg_banoneinf.js, line 31: NS_ERROR_FAILURE: 
JavaScript error: http://j.adlooxtracking.com/ads/js/tfav_infectiousg_banoneinf.js, line 31: NS_ERROR_FAILURE: 
JavaScript error: http://j.adlooxtracking.com/ads/js/tfav_infectiousg_banoneinf.js, line 31: NS_ERROR_FAILURE: 
JavaScript error: http://j.adlooxtracking.com/ads/js/tfav_infectiousg_banoneinf.js, line 31: NS_ERROR_FAILURE: 
JavaScript error: http://j.adlooxtracking.com/ads/js/tfav_infectiousg_banoneinf.js, line 31: NS_ERROR_FAILURE: 
JavaScript error: http://j.adlooxtracking.com/ads/js/tfav_infectiousg_banoneinf.js, line 31: NS_ERROR_FAILURE: 
JavaScript error: http://j.adlooxtracking.com/ads/js/tfav_infectiousg_banoneinf.js, line 31: NS_ERROR_FAILURE: 
JavaScript error: http://j.adlooxtracking.com/ads/js/tfav_infectiousg_banoneinf.js, line 31: NS_ERROR_FAILURE: 
JavaScript error: http://j.adlooxtracking.com/ads/js/tfav_infectiousg_banoneinf.js, line 31: NS_ERROR_FAILURE: 
JavaScript error: http://cdn.advanseads.com/dnaFiles/js/html_render_v4.min.js?v=1481205962105, line 1: Error: Permission denied to access property "href"
JavaScript error: https://www.dice.com/jobs/sort-date-limit-30-startPage-8-limit-120-jobs, line 1: ReferenceError: errorImg is not defined
JavaScript error: https://www.dice.com/jobs/sort-date-limit-30-startPage-8-limit-120-jobs, line 1: ReferenceError: errorImg is not defined
JavaScript error: https://www.dice.com/jobs/sort-date-limit-30-startPage-8-limit-120-jobs, line 1: ReferenceError: errorImg is not defined
JavaScript error: https://www.dice.com/jobs/sort-date-limit-30-startPage-8-limit-120-jobs, line 1: ReferenceError: errorImg is not defined
JavaScript error: https://www.dice.com/jobs/sort-date-limit-30-startPage-8-limit-120-jobs, line 1: ReferenceError: errorImg is not defined
JavaScript error: https://www.dice.com/jobs/sort-date-limit-30-startPage-8-limit-120-jobs, line 1: ReferenceError: errorImg is not defined
JavaScript error: http://j.adlooxtracking.com/ads/js/tfav_infectiousg_banoneinf.js, line 31: NS_ERROR_FAILURE: 
JavaScript error: http://j.adlooxtracking.com/ads/js/tfav_infectiousg_banoneinf.js, line 31: NS_ERROR_FAILURE: 
JavaScript error: http://j.adlooxtracking.com/ads/js/tfav_infectiousg_banoneinf.js, line 31: NS_ERROR_FAILURE: 
JavaScript error: http://j.adlooxtracking.com/ads/js/tfav_infectiousg_banoneinf.js, line 31: NS_ERROR_FAILURE: 
JavaScript error: http://j.adlooxtracking.com/ads/js/tfav_infectiousg_banoneinf.js, line 31: NS_ERROR_FAILURE: 
JavaScript error: http://j.adlooxtracking.com/ads/js/tfav_infectiousg_banoneinf.js, line 31: NS_ERROR_FAILURE: 
JavaScript error: http://j.adlooxtracking.com/ads/js/tfav_infectiousg_banoneinf.js, line 31: NS_ERROR_FAILURE: 
JavaScript error: http://j.adlooxtracking.com/ads/js/tfav_infectiousg_banoneinf.js, line 31: NS_ERROR_FAILURE: 
JavaScript error: http://j.adlooxtracking.com/ads/js/tfav_infectiousg_banoneinf.js, line 31: NS_ERROR_FAILURE: 
JavaScript error: http://j.adlooxtracking.com/ads/js/tfav_infectiousg_banoneinf.js, line 31: NS_ERROR_FAILURE: 
JavaScript error: http://j.adlooxtracking.com/ads/js/tfav_infectiousg_banoneinf.js, line 31: NS_ERROR_FAILURE: 
JavaScript error: http://j.adlooxtracking.com/ads/js/tfav_infectiousg_banoneinf.js, line 31: NS_ERROR_FAILURE: 
JavaScript error: http://cdn.advanseads.com/dnaFiles/js/html_render_v4.min.js?v=1481205962105, line 1: Error: Permission denied to access property "href"
JavaScript error: https://www.dice.com/jobs/sort-date-limit-30-startPage-9-limit-120-jobs, line 1: ReferenceError: errorImg is not defined
JavaScript error: https://www.dice.com/jobs/sort-date-limit-30-startPage-9-limit-120-jobs, line 1: ReferenceError: errorImg is not defined
JavaScript error: https://www.dice.com/jobs/sort-date-limit-30-startPage-9-limit-120-jobs, line 1: ReferenceError: errorImg is not defined
JavaScript error: https://www.dice.com/jobs/sort-date-limit-30-startPage-9-limit-120-jobs, line 1: ReferenceError: errorImg is not defined
JavaScript error: https://www.dice.com/jobs/sort-date-limit-30-startPage-9-limit-120-jobs, line 1: ReferenceError: errorImg is not defined
JavaScript error: https://www.dice.com/jobs/sort-date-limit-30-startPage-9-limit-120-jobs, line 1: ReferenceError: errorImg is not defined
JavaScript error: https://www.dice.com/jobs/sort-date-limit-30-startPage-9-limit-120-jobs, line 1: ReferenceError: errorImg is not defined
JavaScript error: https://www.dice.com/jobs/sort-date-limit-30-startPage-9-limit-120-jobs, line 1: ReferenceError: errorImg is not defined
JavaScript error: https://www.dice.com/jobs/sort-date-limit-30-startPage-9-limit-120-jobs, line 1: ReferenceError: errorImg is not defined
JavaScript error: https://www.dice.com/jobs/sort-date-limit-30-startPage-9-limit-120-jobs, line 1: ReferenceError: errorImg is not defined
JavaScript error: https://www.dice.com/jobs/sort-date-limit-30-startPage-9-limit-120-jobs, line 1: ReferenceError: errorImg is not defined
JavaScript error: https://www.dice.com/jobs/sort-date-limit-30-startPage-9-limit-120-jobs, line 1: ReferenceError: errorImg is not defined
JavaScript error: https://www.dice.com/jobs/sort-date-limit-30-startPage-9-limit-120-jobs, line 1: ReferenceError: errorImg is not defined
JavaScript error: https://www.dice.com/jobs/sort-date-limit-30-startPage-9-limit-120-jobs, line 1: ReferenceError: errorImg is not defined
JavaScript error: https://www.dice.com/jobs/sort-date-limit-30-startPage-9-limit-120-jobs, line 1: ReferenceError: errorImg is not defined
JavaScript error: https://www.dice.com/jobs/sort-date-limit-30-startPage-9-limit-120-jobs, line 1: ReferenceError: errorImg is not defined
JavaScript error: https://www.dice.com/jobs/sort-date-limit-30-startPage-9-limit-120-jobs, line 1: ReferenceError: errorImg is not defined
JavaScript error: https://www.dice.com/jobs/sort-date-limit-30-startPage-9-limit-120-jobs, line 1: ReferenceError: errorImg is not defined
JavaScript error: https://www.dice.com/jobs/sort-date-limit-30-startPage-9-limit-120-jobs, line 1: ReferenceError: errorImg is not defined
JavaScript error: https://www.dice.com/jobs/sort-date-limit-30-startPage-9-limit-120-jobs, line 1: ReferenceError: errorImg is not defined
JavaScript error: https://www.dice.com/jobs/sort-date-limit-30-startPage-9-limit-120-jobs, line 1: ReferenceError: errorImg is not defined
JavaScript error: https://www.dice.com/jobs/sort-date-limit-30-startPage-9-limit-120-jobs, line 1: ReferenceError: errorImg is not defined
JavaScript error: https://www.dice.com/jobs/sort-date-limit-30-startPage-9-limit-120-jobs, line 1: ReferenceError: errorImg is not defined
JavaScript error: https://www.dice.com/jobs/sort-date-limit-30-startPage-9-limit-120-jobs, line 1: ReferenceError: errorImg is not defined
JavaScript error: https://www.dice.com/jobs/sort-date-limit-30-startPage-9-limit-120-jobs, line 1: ReferenceError: errorImg is not defined
JavaScript error: https://www.dice.com/jobs/sort-date-limit-30-startPage-9-limit-120-jobs, line 1: ReferenceError: errorImg is not defined
JavaScript error: https://www.dice.com/jobs/sort-date-limit-30-startPage-9-limit-120-jobs, line 1: ReferenceError: errorImg is not defined
JavaScript error: https://www.dice.com/jobs/sort-date-limit-30-startPage-9-limit-120-jobs, line 1: ReferenceError: errorImg is not defined
JavaScript error: https://www.dice.com/jobs/sort-date-limit-30-startPage-9-limit-120-jobs, line 1: ReferenceError: errorImg is not defined
JavaScript error: https://www.dice.com/jobs/sort-date-limit-30-startPage-9-limit-120-jobs, line 1: ReferenceError: errorImg is not defined
JavaScript error: http://cdn.advanseads.com/dnaFiles/js/html_render_v4.min.js?v=1481205962105, line 1: Error: Permission denied to access property "href"
JavaScript error: http://cdn.advanseads.com/dnaFiles/js/html_render_v4.min.js?v=1481205962105, line 1: Error: Permission denied to access property "href"
JavaScript error: https://www.dice.com/jobs/sort-date-limit-30-startPage-11-limit-120-jobs, line 1: ReferenceError: errorImg is not defined
JavaScript error: https://www.dice.com/jobs/sort-date-limit-30-startPage-11-limit-120-jobs, line 1: ReferenceError: errorImg is not defined
JavaScript error: https://www.dice.com/jobs/sort-date-limit-30-startPage-11-limit-120-jobs, line 1: ReferenceError: errorImg is not defined
JavaScript error: https://www.dice.com/jobs/sort-date-limit-30-startPage-11-limit-120-jobs, line 1: ReferenceError: errorImg is not defined
JavaScript error: https://www.dice.com/jobs/sort-date-limit-30-startPage-11-limit-120-jobs, line 1: ReferenceError: errorImg is not defined
JavaScript error: https://www.dice.com/jobs/sort-date-limit-30-startPage-11-limit-120-jobs, line 1: ReferenceError: errorImg is not defined
JavaScript error: http://j.adlooxtracking.com/ads/js/tfav_infectiousg_banoneinf.js, line 31: NS_ERROR_FAILURE: 
JavaScript error: http://j.adlooxtracking.com/ads/js/tfav_infectiousg_banoneinf.js, line 31: NS_ERROR_FAILURE: 
JavaScript error: http://j.adlooxtracking.com/ads/js/tfav_infectiousg_banoneinf.js, line 31: NS_ERROR_FAILURE: 
JavaScript error: http://j.adlooxtracking.com/ads/js/tfav_infectiousg_banoneinf.js, line 31: NS_ERROR_FAILURE: 
JavaScript error: http://j.adlooxtracking.com/ads/js/tfav_infectiousg_banoneinf.js, line 31: NS_ERROR_FAILURE: 
JavaScript error: http://j.adlooxtracking.com/ads/js/tfav_infectiousg_banoneinf.js, line 31: NS_ERROR_FAILURE: 
JavaScript error: https://www.dice.com/jobs/sort-date-limit-30-startPage-13-limit-120-jobs, line 1: ReferenceError: errorImg is not defined
JavaScript error: https://www.dice.com/jobs/sort-date-limit-30-startPage-13-limit-120-jobs, line 1: ReferenceError: errorImg is not defined
JavaScript error: https://www.dice.com/jobs/sort-date-limit-30-startPage-13-limit-120-jobs, line 1: ReferenceError: errorImg is not defined
JavaScript error: https://www.dice.com/jobs/sort-date-limit-30-startPage-13-limit-120-jobs, line 1: ReferenceError: errorImg is not defined
JavaScript error: https://www.dice.com/jobs/sort-date-limit-30-startPage-13-limit-120-jobs, line 1: ReferenceError: errorImg is not defined
JavaScript error: https://www.dice.com/jobs/sort-date-limit-30-startPage-13-limit-120-jobs, line 1: ReferenceError: errorImg is not defined
JavaScript error: https://www.dice.com/jobs/sort-date-limit-30-startPage-13-limit-120-jobs, line 1: ReferenceError: errorImg is not defined
JavaScript error: https://www.dice.com/jobs/sort-date-limit-30-startPage-13-limit-120-jobs, line 1: ReferenceError: errorImg is not defined
JavaScript error: https://www.dice.com/jobs/sort-date-limit-30-startPage-13-limit-120-jobs, line 1: ReferenceError: errorImg is not defined
JavaScript error: https://www.dice.com/jobs/sort-date-limit-30-startPage-13-limit-120-jobs, line 1: ReferenceError: errorImg is not defined
JavaScript error: https://www.dice.com/jobs/sort-date-limit-30-startPage-13-limit-120-jobs, line 1: ReferenceError: errorImg is not defined
JavaScript error: https://www.dice.com/jobs/sort-date-limit-30-startPage-13-limit-120-jobs, line 1: ReferenceError: errorImg is not defined
JavaScript error: https://www.dice.com/jobs/sort-date-limit-30-startPage-13-limit-120-jobs, line 1: ReferenceError: errorImg is not defined
JavaScript error: https://www.dice.com/jobs/sort-date-limit-30-startPage-13-limit-120-jobs, line 1: ReferenceError: errorImg is not defined
JavaScript error: https://www.dice.com/jobs/sort-date-limit-30-startPage-13-limit-120-jobs, line 1: ReferenceError: errorImg is not defined
JavaScript error: https://www.dice.com/jobs/sort-date-limit-30-startPage-13-limit-120-jobs, line 1: ReferenceError: errorImg is not defined
JavaScript error: http://j.adlooxtracking.com/ads/js/tfav_infectiousg_banoneinf.js, line 31: NS_ERROR_FAILURE: 
JavaScript error: http://j.adlooxtracking.com/ads/js/tfav_infectiousg_banoneinf.js, line 31: NS_ERROR_FAILURE: 
JavaScript error: http://j.adlooxtracking.com/ads/js/tfav_infectiousg_banoneinf.js, line 31: NS_ERROR_FAILURE: 
JavaScript error: http://j.adlooxtracking.com/ads/js/tfav_infectiousg_banoneinf.js, line 31: NS_ERROR_FAILURE: 
JavaScript error: http://j.adlooxtracking.com/ads/js/tfav_infectiousg_banoneinf.js, line 31: NS_ERROR_FAILURE: 
JavaScript error: http://j.adlooxtracking.com/ads/js/tfav_infectiousg_banoneinf.js, line 31: NS_ERROR_FAILURE: 
JavaScript error: https://www.dice.com/jobs/sort-date-limit-30-startPage-14-limit-120-jobs, line 1: ReferenceError: errorImg is not defined
JavaScript error: https://www.dice.com/jobs/sort-date-limit-30-startPage-14-limit-120-jobs, line 1: ReferenceError: errorImg is not defined
JavaScript error: https://www.dice.com/jobs/sort-date-limit-30-startPage-14-limit-120-jobs, line 1: ReferenceError: errorImg is not defined
JavaScript error: https://www.dice.com/jobs/sort-date-limit-30-startPage-14-limit-120-jobs, line 1: ReferenceError: errorImg is not defined
JavaScript error: https://www.dice.com/jobs/sort-date-limit-30-startPage-14-limit-120-jobs, line 1: ReferenceError: errorImg is not defined
JavaScript error: https://www.dice.com/jobs/sort-date-limit-30-startPage-14-limit-120-jobs, line 1: ReferenceError: errorImg is not defined
JavaScript error: https://www.dice.com/jobs/sort-date-limit-30-startPage-14-limit-120-jobs, line 1: ReferenceError: errorImg is not defined
JavaScript error: https://www.dice.com/jobs/sort-date-limit-30-startPage-14-limit-120-jobs, line 1: ReferenceError: errorImg is not defined
JavaScript error: https://www.dice.com/jobs/sort-date-limit-30-startPage-14-limit-120-jobs, line 1: ReferenceError: errorImg is not defined
JavaScript error: https://www.dice.com/jobs/sort-date-limit-30-startPage-14-limit-120-jobs, line 1: ReferenceError: errorImg is not defined
JavaScript error: https://www.dice.com/jobs/sort-date-limit-30-startPage-14-limit-120-jobs, line 1: ReferenceError: errorImg is not defined
JavaScript error: https://www.dice.com/jobs/sort-date-limit-30-startPage-14-limit-120-jobs, line 1: ReferenceError: errorImg is not defined
JavaScript error: https://www.dice.com/jobs/sort-date-limit-30-startPage-14-limit-120-jobs, line 1: ReferenceError: errorImg is not defined
JavaScript error: https://www.dice.com/jobs/sort-date-limit-30-startPage-14-limit-120-jobs, line 1: ReferenceError: errorImg is not defined
JavaScript error: https://www.dice.com/jobs/sort-date-limit-30-startPage-14-limit-120-jobs, line 1: ReferenceError: errorImg is not defined
JavaScript error: https://www.dice.com/jobs/sort-date-limit-30-startPage-14-limit-120-jobs, line 1: ReferenceError: errorImg is not defined
JavaScript error: https://www.dice.com/jobs/sort-date-limit-30-startPage-15-limit-120-jobs, line 1: ReferenceError: errorImg is not defined
JavaScript error: https://www.dice.com/jobs/sort-date-limit-30-startPage-15-limit-120-jobs, line 1: ReferenceError: errorImg is not defined
JavaScript error: https://www.dice.com/jobs/sort-date-limit-30-startPage-15-limit-120-jobs, line 1: ReferenceError: errorImg is not defined
JavaScript error: https://www.dice.com/jobs/sort-date-limit-30-startPage-15-limit-120-jobs, line 1: ReferenceError: errorImg is not defined
JavaScript error: https://www.dice.com/jobs/sort-date-limit-30-startPage-15-limit-120-jobs, line 1: ReferenceError: errorImg is not defined
JavaScript error: https://www.dice.com/jobs/sort-date-limit-30-startPage-15-limit-120-jobs, line 1: ReferenceError: errorImg is not defined
JavaScript error: https://www.dice.com/jobs/sort-date-limit-30-startPage-15-limit-120-jobs, line 1: ReferenceError: errorImg is not defined
JavaScript error: https://www.dice.com/jobs/sort-date-limit-30-startPage-15-limit-120-jobs, line 1: ReferenceError: errorImg is not defined
JavaScript error: https://www.dice.com/jobs/sort-date-limit-30-startPage-15-limit-120-jobs, line 1: ReferenceError: errorImg is not defined
JavaScript error: https://www.dice.com/jobs/sort-date-limit-30-startPage-15-limit-120-jobs, line 1: ReferenceError: errorImg is not defined
JavaScript error: https://www.dice.com/jobs/sort-date-limit-30-startPage-18-limit-120-jobs, line 1: ReferenceError: errorImg is not defined
JavaScript error: https://www.dice.com/jobs/sort-date-limit-30-startPage-18-limit-120-jobs, line 1: ReferenceError: errorImg is not defined
JavaScript error: https://www.dice.com/jobs/sort-date-limit-30-startPage-18-limit-120-jobs, line 1: ReferenceError: errorImg is not defined
JavaScript error: https://www.dice.com/jobs/sort-date-limit-30-startPage-18-limit-120-jobs, line 1: ReferenceError: errorImg is not defined
JavaScript error: https://www.dice.com/jobs/sort-date-limit-30-startPage-18-limit-120-jobs, line 1: ReferenceError: errorImg is not defined
JavaScript error: https://www.dice.com/jobs/sort-date-limit-30-startPage-18-limit-120-jobs, line 1: ReferenceError: errorImg is not defined
JavaScript error: , line 0: Error: Permission denied to access property "href"
JavaScript error: https://www.dice.com/jobs/sort-date-limit-30-startPage-19-limit-120-jobs, line 1: ReferenceError: errorImg is not defined
JavaScript error: https://www.dice.com/jobs/sort-date-limit-30-startPage-19-limit-120-jobs, line 1: ReferenceError: errorImg is not defined
JavaScript error: https://www.dice.com/jobs/sort-date-limit-30-startPage-19-limit-120-jobs, line 1: ReferenceError: errorImg is not defined
JavaScript error: https://www.dice.com/jobs/sort-date-limit-30-startPage-19-limit-120-jobs, line 1: ReferenceError: errorImg is not defined
JavaScript error: https://www.dice.com/jobs/sort-date-limit-30-startPage-19-limit-120-jobs, line 1: ReferenceError: errorImg is not defined
JavaScript error: https://www.dice.com/jobs/sort-date-limit-30-startPage-19-limit-120-jobs, line 1: ReferenceError: errorImg is not defined
JavaScript error: https://www.dice.com/jobs/sort-date-limit-30-startPage-19-limit-120-jobs, line 1: ReferenceError: errorImg is not defined
JavaScript error: https://www.dice.com/jobs/sort-date-limit-30-startPage-19-limit-120-jobs, line 1: ReferenceError: errorImg is not defined
JavaScript error: https://www.dice.com/jobs/sort-date-limit-30-startPage-19-limit-120-jobs, line 1: ReferenceError: errorImg is not defined
JavaScript error: https://www.dice.com/jobs/sort-date-limit-30-startPage-19-limit-120-jobs, line 1: ReferenceError: errorImg is not defined
JavaScript error: https://www.dice.com/jobs/sort-date-limit-30-startPage-19-limit-120-jobs, line 1: ReferenceError: errorImg is not defined
JavaScript error: https://www.dice.com/jobs/sort-date-limit-30-startPage-19-limit-120-jobs, line 1: ReferenceError: errorImg is not defined
JavaScript error: https://www.dice.com/jobs/sort-date-limit-30-startPage-19-limit-120-jobs, line 1: ReferenceError: errorImg is not defined
JavaScript error: https://www.dice.com/jobs/sort-date-limit-30-startPage-19-limit-120-jobs, line 1: ReferenceError: errorImg is not defined
JavaScript error: https://www.dice.com/jobs/sort-date-limit-30-startPage-19-limit-120-jobs, line 1: ReferenceError: errorImg is not defined
JavaScript error: https://www.dice.com/jobs/sort-date-limit-30-startPage-19-limit-120-jobs, line 1: ReferenceError: errorImg is not defined
JavaScript error: https://www.dice.com/jobs/sort-date-limit-30-startPage-19-limit-120-jobs, line 1: ReferenceError: errorImg is not defined
JavaScript error: https://www.dice.com/jobs/sort-date-limit-30-startPage-19-limit-120-jobs, line 1: ReferenceError: errorImg is not defined
1488954385268	addons.manager	INFO	Skipping background update check
JavaScript error: https://www.dice.com/jobs/sort-date-limit-30-startPage-21-limit-120-jobs, line 1: ReferenceError: errorImg is not defined
JavaScript error: https://www.dice.com/jobs/sort-date-limit-30-startPage-21-limit-120-jobs, line 1: ReferenceError: errorImg is not defined
JavaScript error: https://www.dice.com/jobs/sort-date-limit-30-startPage-21-limit-120-jobs, line 1: ReferenceError: errorImg is not defined
JavaScript error: https://www.dice.com/jobs/sort-date-limit-30-startPage-21-limit-120-jobs, line 1: ReferenceError: errorImg is not defined
JavaScript error: https://www.dice.com/jobs/sort-date-limit-30-startPage-21-limit-120-jobs, line 1: ReferenceError: errorImg is not defined
JavaScript error: https://www.dice.com/jobs/sort-date-limit-30-startPage-21-limit-120-jobs, line 1: ReferenceError: errorImg is not defined
JavaScript error: https://www.dice.com/jobs/sort-date-limit-30-startPage-21-limit-120-jobs, line 1: ReferenceError: errorImg is not defined
JavaScript error: https://www.dice.com/jobs/sort-date-limit-30-startPage-21-limit-120-jobs, line 1: ReferenceError: errorImg is not defined
JavaScript error: https://www.dice.com/jobs/sort-date-limit-30-startPage-21-limit-120-jobs, line 1: ReferenceError: errorImg is not defined
JavaScript error: https://www.dice.com/jobs/sort-date-limit-30-startPage-21-limit-120-jobs, line 1: ReferenceError: errorImg is not defined
JavaScript error: https://www.dice.com/jobs/sort-date-limit-30-startPage-21-limit-120-jobs, line 1: ReferenceError: errorImg is not defined
JavaScript error: https://www.dice.com/jobs/sort-date-limit-30-startPage-21-limit-120-jobs, line 1: ReferenceError: errorImg is not defined
JavaScript error: https://www.dice.com/jobs/sort-date-limit-30-startPage-21-limit-120-jobs, line 1: ReferenceError: errorImg is not defined
JavaScript error: https://www.dice.com/jobs/sort-date-limit-30-startPage-21-limit-120-jobs, line 1: ReferenceError: errorImg is not defined
JavaScript error: http://j.adlooxtracking.com/ads/js/tfav_infectiousg_banoneinf.js, line 31: NS_ERROR_FAILURE: 
JavaScript error: http://j.adlooxtracking.com/ads/js/tfav_infectiousg_banoneinf.js, line 31: NS_ERROR_FAILURE: 
JavaScript error: http://j.adlooxtracking.com/ads/js/tfav_infectiousg_banoneinf.js, line 31: NS_ERROR_FAILURE: 
JavaScript error: http://j.adlooxtracking.com/ads/js/tfav_infectiousg_banoneinf.js, line 31: NS_ERROR_FAILURE: 
JavaScript error: http://j.adlooxtracking.com/ads/js/tfav_infectiousg_banoneinf.js, line 31: NS_ERROR_FAILURE: 
JavaScript error: http://j.adlooxtracking.com/ads/js/tfav_infectiousg_banoneinf.js, line 31: NS_ERROR_FAILURE: 
JavaScript error: http://j.adlooxtracking.com/ads/js/tfav_infectiousg_banoneinf.js, line 31: NS_ERROR_FAILURE: 
JavaScript error: http://j.adlooxtracking.com/ads/js/tfav_infectiousg_banoneinf.js, line 31: NS_ERROR_FAILURE: 
JavaScript error: http://j.adlooxtracking.com/ads/js/tfav_infectiousg_banoneinf.js, line 31: NS_ERROR_FAILURE: 
JavaScript error: http://j.adlooxtracking.com/ads/js/tfav_infectiousg_banoneinf.js, line 31: NS_ERROR_FAILURE: 
JavaScript error: https://www.dice.com/jobs/sort-date-limit-30-startPage-22-limit-120-jobs, line 1: ReferenceError: errorImg is not defined
JavaScript error: https://www.dice.com/jobs/sort-date-limit-30-startPage-22-limit-120-jobs, line 1: ReferenceError: errorImg is not defined
JavaScript error: https://www.dice.com/jobs/sort-date-limit-30-startPage-22-limit-120-jobs, line 1: ReferenceError: errorImg is not defined
JavaScript error: https://www.dice.com/jobs/sort-date-limit-30-startPage-22-limit-120-jobs, line 1: ReferenceError: errorImg is not defined
JavaScript error: https://www.dice.com/jobs/sort-date-limit-30-startPage-22-limit-120-jobs, line 1: ReferenceError: errorImg is not defined
JavaScript error: https://www.dice.com/jobs/sort-date-limit-30-startPage-22-limit-120-jobs, line 1: ReferenceError: errorImg is not defined
JavaScript error: https://www.dice.com/jobs/sort-date-limit-30-startPage-22-limit-120-jobs, line 1: ReferenceError: errorImg is not defined
JavaScript error: https://www.dice.com/jobs/sort-date-limit-30-startPage-22-limit-120-jobs, line 1: ReferenceError: errorImg is not defined
JavaScript error: https://www.dice.com/jobs/sort-date-limit-30-startPage-22-limit-120-jobs, line 1: ReferenceError: errorImg is not defined
JavaScript error: https://www.dice.com/jobs/sort-date-limit-30-startPage-22-limit-120-jobs, line 1: ReferenceError: errorImg is not defined
JavaScript error: https://www.dice.com/jobs/sort-date-limit-30-startPage-22-limit-120-jobs, line 1: ReferenceError: errorImg is not defined
JavaScript error: https://www.dice.com/jobs/sort-date-limit-30-startPage-22-limit-120-jobs, line 1: ReferenceError: errorImg is not defined
JavaScript error: https://www.dice.com/jobs/sort-date-limit-30-startPage-22-limit-120-jobs, line 1: ReferenceError: errorImg is not defined
JavaScript error: https://www.dice.com/jobs/sort-date-limit-30-startPage-22-limit-120-jobs, line 1: ReferenceError: errorImg is not defined
JavaScript error: http://j.adlooxtracking.com/ads/js/tfav_infectiousg_banoneinf.js, line 31: NS_ERROR_FAILURE: 
JavaScript error: http://j.adlooxtracking.com/ads/js/tfav_infectiousg_banoneinf.js, line 31: NS_ERROR_FAILURE: 
JavaScript error: http://j.adlooxtracking.com/ads/js/tfav_infectiousg_banoneinf.js, line 31: NS_ERROR_FAILURE: 
JavaScript error: http://j.adlooxtracking.com/ads/js/tfav_infectiousg_banoneinf.js, line 31: NS_ERROR_FAILURE: 
JavaScript error: http://j.adlooxtracking.com/ads/js/tfav_infectiousg_banoneinf.js, line 31: NS_ERROR_FAILURE: 
JavaScript error: https://www.dice.com/jobs/sort-date-limit-30-startPage-23-limit-120-jobs, line 1: ReferenceError: errorImg is not defined
JavaScript error: https://www.dice.com/jobs/sort-date-limit-30-startPage-23-limit-120-jobs, line 1: ReferenceError: errorImg is not defined
JavaScript error: https://www.dice.com/jobs/sort-date-limit-30-startPage-23-limit-120-jobs, line 1: ReferenceError: errorImg is not defined
JavaScript error: https://www.dice.com/jobs/sort-date-limit-30-startPage-23-limit-120-jobs, line 1: ReferenceError: errorImg is not defined
JavaScript error: https://www.dice.com/jobs/sort-date-limit-30-startPage-23-limit-120-jobs, line 1: ReferenceError: errorImg is not defined
JavaScript error: https://www.dice.com/jobs/sort-date-limit-30-startPage-23-limit-120-jobs, line 1: ReferenceError: errorImg is not defined
JavaScript error: https://www.dice.com/jobs/sort-date-limit-30-startPage-23-limit-120-jobs, line 1: ReferenceError: errorImg is not defined
JavaScript error: https://www.dice.com/jobs/sort-date-limit-30-startPage-23-limit-120-jobs, line 1: ReferenceError: errorImg is not defined
JavaScript error: https://www.dice.com/jobs/sort-date-limit-30-startPage-23-limit-120-jobs, line 1: ReferenceError: errorImg is not defined
JavaScript error: https://www.dice.com/jobs/sort-date-limit-30-startPage-23-limit-120-jobs, line 1: ReferenceError: errorImg is not defined
JavaScript error: https://www.dice.com/jobs/sort-date-limit-30-startPage-23-limit-120-jobs, line 1: ReferenceError: errorImg is not defined
JavaScript error: https://www.dice.com/jobs/sort-date-limit-30-startPage-23-limit-120-jobs, line 1: ReferenceError: errorImg is not defined
JavaScript error: https://www.dice.com/jobs/sort-date-limit-30-startPage-23-limit-120-jobs, line 1: ReferenceError: errorImg is not defined
JavaScript error: https://www.dice.com/jobs/sort-date-limit-30-startPage-23-limit-120-jobs, line 1: ReferenceError: errorImg is not defined
JavaScript error: https://www.dice.com/jobs/sort-date-limit-30-startPage-23-limit-120-jobs, line 1: ReferenceError: errorImg is not defined
JavaScript error: https://www.dice.com/jobs/sort-date-limit-30-startPage-23-limit-120-jobs, line 1: ReferenceError: errorImg is not defined
JavaScript error: http://j.adlooxtracking.com/ads/js/tfav_infectiousg_banoneinf.js, line 31: NS_ERROR_FAILURE: 
JavaScript error: http://j.adlooxtracking.com/ads/js/tfav_infectiousg_banoneinf.js, line 31: NS_ERROR_FAILURE: 
JavaScript error: http://j.adlooxtracking.com/ads/js/tfav_infectiousg_banoneinf.js, line 31: NS_ERROR_FAILURE: 
JavaScript error: http://j.adlooxtracking.com/ads/js/tfav_infectiousg_banoneinf.js, line 31: NS_ERROR_FAILURE: 
JavaScript error: http://j.adlooxtracking.com/ads/js/tfav_infectiousg_banoneinf.js, line 31: NS_ERROR_FAILURE: 
JavaScript error: http://j.adlooxtracking.com/ads/js/tfav_infectiousg_banoneinf.js, line 31: NS_ERROR_FAILURE: 
JavaScript error: https://www.dice.com/jobs/sort-date-limit-30-startPage-24-limit-120-jobs, line 1: ReferenceError: errorImg is not defined
JavaScript error: https://www.dice.com/jobs/sort-date-limit-30-startPage-24-limit-120-jobs, line 1: ReferenceError: errorImg is not defined
JavaScript error: https://www.dice.com/jobs/sort-date-limit-30-startPage-24-limit-120-jobs, line 1: ReferenceError: errorImg is not defined
JavaScript error: https://www.dice.com/jobs/sort-date-limit-30-startPage-24-limit-120-jobs, line 1: ReferenceError: errorImg is not defined
JavaScript error: https://www.dice.com/jobs/sort-date-limit-30-startPage-24-limit-120-jobs, line 1: ReferenceError: errorImg is not defined
JavaScript error: https://www.dice.com/jobs/sort-date-limit-30-startPage-24-limit-120-jobs, line 1: ReferenceError: errorImg is not defined
JavaScript error: https://www.dice.com/jobs/sort-date-limit-30-startPage-24-limit-120-jobs, line 1: ReferenceError: errorImg is not defined
JavaScript error: https://www.dice.com/jobs/sort-date-limit-30-startPage-24-limit-120-jobs, line 1: ReferenceError: errorImg is not defined
JavaScript error: https://www.dice.com/jobs/sort-date-limit-30-startPage-24-limit-120-jobs, line 1: ReferenceError: errorImg is not defined
JavaScript error: https://www.dice.com/jobs/sort-date-limit-30-startPage-24-limit-120-jobs, line 1: ReferenceError: errorImg is not defined
JavaScript error: http://j.adlooxtracking.com/ads/js/tfav_infectiousg_banoneinf.js, line 31: NS_ERROR_FAILURE: 
JavaScript error: http://j.adlooxtracking.com/ads/js/tfav_infectiousg_banoneinf.js, line 31: NS_ERROR_FAILURE: 
JavaScript error: http://j.adlooxtracking.com/ads/js/tfav_infectiousg_banoneinf.js, line 31: NS_ERROR_FAILURE: 
JavaScript error: http://j.adlooxtracking.com/ads/js/tfav_infectiousg_banoneinf.js, line 31: NS_ERROR_FAILURE: 
JavaScript error: http://j.adlooxtracking.com/ads/js/tfav_infectiousg_banoneinf.js, line 31: NS_ERROR_FAILURE: 
JavaScript error: http://j.adlooxtracking.com/ads/js/tfav_infectiousg_banoneinf.js, line 31: NS_ERROR_FAILURE: 
JavaScript error: https://www.dice.com/jobs/sort-date-limit-30-startPage-25-limit-120-jobs, line 1: ReferenceError: errorImg is not defined
JavaScript error: https://www.dice.com/jobs/sort-date-limit-30-startPage-25-limit-120-jobs, line 1: ReferenceError: errorImg is not defined
JavaScript error: https://www.dice.com/jobs/sort-date-limit-30-startPage-25-limit-120-jobs, line 1: ReferenceError: errorImg is not defined
JavaScript error: https://www.dice.com/jobs/sort-date-limit-30-startPage-25-limit-120-jobs, line 1: ReferenceError: errorImg is not defined
JavaScript error: https://www.dice.com/jobs/sort-date-limit-30-startPage-25-limit-120-jobs, line 1: ReferenceError: errorImg is not defined
JavaScript error: https://www.dice.com/jobs/sort-date-limit-30-startPage-25-limit-120-jobs, line 1: ReferenceError: errorImg is not defined
JavaScript error: http://j.adlooxtracking.com/ads/js/tfav_infectiousg_banoneinf.js, line 31: NS_ERROR_FAILURE: 
JavaScript error: http://j.adlooxtracking.com/ads/js/tfav_infectiousg_banoneinf.js, line 31: NS_ERROR_FAILURE: 
JavaScript error: http://j.adlooxtracking.com/ads/js/tfav_infectiousg_banoneinf.js, line 31: NS_ERROR_FAILURE: 
JavaScript error: http://j.adlooxtracking.com/ads/js/tfav_infectiousg_banoneinf.js, line 31: NS_ERROR_FAILURE: 
JavaScript error: http://j.adlooxtracking.com/ads/js/tfav_infectiousg_banoneinf.js, line 31: NS_ERROR_FAILURE: 
JavaScript error: http://j.adlooxtracking.com/ads/js/tfav_infectiousg_banoneinf.js, line 31: NS_ERROR_FAILURE: 
JavaScript error: http://j.adlooxtracking.com/ads/js/tfav_infectiousg_banoneinf.js, line 31: NS_ERROR_FAILURE: 
JavaScript error: http://j.adlooxtracking.com/ads/js/tfav_infectiousg_banoneinf.js, line 31: NS_ERROR_FAILURE: 
JavaScript error: http://j.adlooxtracking.com/ads/js/tfav_infectiousg_banoneinf.js, line 31: NS_ERROR_FAILURE: 
JavaScript error: http://j.adlooxtracking.com/ads/js/tfav_infectiousg_banoneinf.js, line 31: NS_ERROR_FAILURE: 
JavaScript error: http://j.adlooxtracking.com/ads/js/tfav_infectiousg_banoneinf.js, line 31: NS_ERROR_FAILURE: 
JavaScript error: http://j.adlooxtracking.com/ads/js/tfav_infectiousg_banoneinf.js, line 31: NS_ERROR_FAILURE: 
JavaScript error: http://j.adlooxtracking.com/ads/js/tfav_infectiousg_banoneinf.js, line 31: NS_ERROR_FAILURE: 
JavaScript error: http://j.adlooxtracking.com/ads/js/tfav_infectiousg_banoneinf.js, line 31: NS_ERROR_FAILURE: 
JavaScript error: http://j.adlooxtracking.com/ads/js/tfav_infectiousg_banoneinf.js, line 31: NS_ERROR_FAILURE: 
JavaScript error: http://j.adlooxtracking.com/ads/js/tfav_infectiousg_banoneinf.js, line 31: NS_ERROR_FAILURE: 
JavaScript error: http://j.adlooxtracking.com/ads/js/tfav_infectiousg_banoneinf.js, line 31: NS_ERROR_FAILURE: 
JavaScript error: http://j.adlooxtracking.com/ads/js/tfav_infectiousg_banoneinf.js, line 31: NS_ERROR_FAILURE: 
JavaScript error: http://j.adlooxtracking.com/ads/js/tfav_infectiousg_banoneinf.js, line 31: NS_ERROR_FAILURE: 
JavaScript error: http://j.adlooxtracking.com/ads/js/tfav_infectiousg_banoneinf.js, line 31: NS_ERROR_FAILURE: 
JavaScript error: http://j.adlooxtracking.com/ads/js/tfav_infectiousg_banoneinf.js, line 31: NS_ERROR_FAILURE: 
JavaScript error: http://j.adlooxtracking.com/ads/js/tfav_infectiousg_banoneinf.js, line 31: NS_ERROR_FAILURE: 
JavaScript error: http://j.adlooxtracking.com/ads/js/tfav_infectiousg_banoneinf.js, line 31: NS_ERROR_FAILURE: 
JavaScript error: http://j.adlooxtracking.com/ads/js/tfav_infectiousg_banoneinf.js, line 31: NS_ERROR_FAILURE: 
JavaScript error: http://j.adlooxtracking.com/ads/js/tfav_infectiousg_banoneinf.js, line 31: NS_ERROR_FAILURE: 
JavaScript error: http://j.adlooxtracking.com/ads/js/tfav_infectiousg_banoneinf.js, line 31: NS_ERROR_FAILURE: 
JavaScript error: http://j.adlooxtracking.com/ads/js/tfav_infectiousg_banoneinf.js, line 31: NS_ERROR_FAILURE: 
JavaScript error: http://j.adlooxtracking.com/ads/js/tfav_infectiousg_banoneinf.js, line 31: NS_ERROR_FAILURE: 
JavaScript error: http://j.adlooxtracking.com/ads/js/tfav_infectiousg_banoneinf.js, line 31: NS_ERROR_FAILURE: 
JavaScript error: http://j.adlooxtracking.com/ads/js/tfav_infectiousg_banoneinf.js, line 31: NS_ERROR_FAILURE: 
JavaScript error: http://j.adlooxtracking.com/ads/js/tfav_infectiousg_banoneinf.js, line 31: NS_ERROR_FAILURE: 
JavaScript error: http://j.adlooxtracking.com/ads/js/tfav_infectiousg_banoneinf.js, line 31: NS_ERROR_FAILURE: 
JavaScript error: http://j.adlooxtracking.com/ads/js/tfav_infectiousg_banoneinf.js, line 31: NS_ERROR_FAILURE: 
JavaScript error: http://j.adlooxtracking.com/ads/js/tfav_infectiousg_banoneinf.js, line 31: NS_ERROR_FAILURE: 
JavaScript error: http://j.adlooxtracking.com/ads/js/tfav_infectiousg_banoneinf.js, line 31: NS_ERROR_FAILURE: 
JavaScript error: http://j.adlooxtracking.com/ads/js/tfav_infectiousg_banoneinf.js, line 31: NS_ERROR_FAILURE: 
JavaScript error: http://j.adlooxtracking.com/ads/js/tfav_infectiousg_banoneinf.js, line 31: NS_ERROR_FAILURE: 
JavaScript error: http://j.adlooxtracking.com/ads/js/tfav_infectiousg_banoneinf.js, line 31: NS_ERROR_FAILURE: 
JavaScript error: http://j.adlooxtracking.com/ads/js/tfav_infectiousg_banoneinf.js, line 31: NS_ERROR_FAILURE: 
JavaScript error: http://j.adlooxtracking.com/ads/js/tfav_infectiousg_banoneinf.js, line 31: NS_ERROR_FAILURE: 
JavaScript error: http://j.adlooxtracking.com/ads/js/tfav_infectiousg_banoneinf.js, line 31: NS_ERROR_FAILURE: 
JavaScript error: http://j.adlooxtracking.com/ads/js/tfav_infectiousg_banoneinf.js, line 31: NS_ERROR_FAILURE: 
JavaScript error: http://j.adlooxtracking.com/ads/js/tfav_infectiousg_banoneinf.js, line 31: NS_ERROR_FAILURE: 
JavaScript error: http://j.adlooxtracking.com/ads/js/tfav_infectiousg_banoneinf.js, line 31: NS_ERROR_FAILURE: 
JavaScript error: http://j.adlooxtracking.com/ads/js/tfav_infectiousg_banoneinf.js, line 31: NS_ERROR_FAILURE: 
JavaScript error: http://j.adlooxtracking.com/ads/js/tfav_infectiousg_banoneinf.js, line 31: NS_ERROR_FAILURE: 
JavaScript error: http://j.adlooxtracking.com/ads/js/tfav_infectiousg_banoneinf.js, line 31: NS_ERROR_FAILURE: 
JavaScript error: http://j.adlooxtracking.com/ads/js/tfav_infectiousg_banoneinf.js, line 31: NS_ERROR_FAILURE: 
JavaScript error: http://j.adlooxtracking.com/ads/js/tfav_infectiousg_banoneinf.js, line 31: NS_ERROR_FAILURE: 
JavaScript error: http://j.adlooxtracking.com/ads/js/tfav_infectiousg_banoneinf.js, line 31: NS_ERROR_FAILURE: 
JavaScript error: http://j.adlooxtracking.com/ads/js/tfav_infectiousg_banoneinf.js, line 31: NS_ERROR_FAILURE: 
JavaScript error: http://j.adlooxtracking.com/ads/js/tfav_infectiousg_banoneinf.js, line 31: NS_ERROR_FAILURE: 
JavaScript error: http://j.adlooxtracking.com/ads/js/tfav_infectiousg_banoneinf.js, line 31: NS_ERROR_FAILURE: 
JavaScript error: http://j.adlooxtracking.com/ads/js/tfav_infectiousg_banoneinf.js, line 31: NS_ERROR_FAILURE: 
JavaScript error: http://j.adlooxtracking.com/ads/js/tfav_infectiousg_banoneinf.js, line 31: NS_ERROR_FAILURE: 
JavaScript error: http://j.adlooxtracking.com/ads/js/tfav_infectiousg_banoneinf.js, line 31: NS_ERROR_FAILURE: 
JavaScript error: http://j.adlooxtracking.com/ads/js/tfav_infectiousg_banoneinf.js, line 31: NS_ERROR_FAILURE: 
JavaScript error: http://j.adlooxtracking.com/ads/js/tfav_infectiousg_banoneinf.js, line 31: NS_ERROR_FAILURE: 
JavaScript error: http://j.adlooxtracking.com/ads/js/tfav_infectiousg_banoneinf.js, line 31: NS_ERROR_FAILURE: 
JavaScript error: http://j.adlooxtracking.com/ads/js/tfav_infectiousg_banoneinf.js, line 31: NS_ERROR_FAILURE: 
JavaScript error: http://j.adlooxtracking.com/ads/js/tfav_infectiousg_banoneinf.js, line 31: NS_ERROR_FAILURE: 
JavaScript error: http://j.adlooxtracking.com/ads/js/tfav_infectiousg_banoneinf.js, line 31: NS_ERROR_FAILURE: 
JavaScript error: http://j.adlooxtracking.com/ads/js/tfav_infectiousg_banoneinf.js, line 31: NS_ERROR_FAILURE: 
JavaScript error: http://j.adlooxtracking.com/ads/js/tfav_infectiousg_banoneinf.js, line 31: NS_ERROR_FAILURE: 
JavaScript error: http://j.adlooxtracking.com/ads/js/tfav_infectiousg_banoneinf.js, line 31: NS_ERROR_FAILURE: 
1488954625304	DeferredSave.extensions.json	DEBUG	Save changes
1488954625306	DeferredSave.extensions.json	DEBUG	Starting timer
1488954625336	DeferredSave.extensions.json	DEBUG	Starting write
1488954625344	DeferredSave.extensions.json	DEBUG	Write succeeded
1488954646009	geckodriver	INFO	Listening on 127.0.0.1:46161
1488954646031	geckodriver	INFO	Listening on 127.0.0.1:42101
1488954646049	geckodriver	INFO	Listening on 127.0.0.1:36410
1488954647001	mozprofile::profile	INFO	Using profile path /tmp/rust_mozprofile.qZ3lry4onqjV
1488954647002	geckodriver::marionette	INFO	Starting browser /usr/bin/firefox
1488954647004	geckodriver::marionette	INFO	Connecting to Marionette on localhost:34374
1488954647023	mozprofile::profile	INFO	Using profile path /tmp/rust_mozprofile.1uGWCRFev3eW
1488954647024	geckodriver::marionette	INFO	Starting browser /usr/bin/firefox
1488954647033	geckodriver::marionette	INFO	Connecting to Marionette on localhost:41696
1488954647032	mozprofile::profile	INFO	Using profile path /tmp/rust_mozprofile.wFuJSe3lQrvC
1488954647033	geckodriver::marionette	INFO	Starting browser /usr/bin/firefox
1488954647037	geckodriver::marionette	INFO	Connecting to Marionette on localhost:34220
1488954649291	Marionette	INFO	Listening on port 34374
1488954649419	Marionette	INFO	Listening on port 41696
1488954649422	Marionette	INFO	Listening on port 34220
JavaScript error: https://www.dice.com/jobs/sort-date-limit-30-startPage-34-limit-120-jobs, line 1: ReferenceError: errorImg is not defined
JavaScript error: https://www.dice.com/jobs/sort-date-limit-30-startPage-34-limit-120-jobs, line 1: ReferenceError: errorImg is not defined
JavaScript error: https://www.dice.com/jobs/sort-date-limit-30-startPage-34-limit-120-jobs, line 1: ReferenceError: errorImg is not defined
JavaScript error: https://www.dice.com/jobs/sort-date-limit-30-startPage-34-limit-120-jobs, line 1: ReferenceError: errorImg is not defined
JavaScript error: https://www.dice.com/jobs/sort-date-limit-30-startPage-34-limit-120-jobs, line 1: ReferenceError: errorImg is not defined
JavaScript error: https://www.dice.com/jobs/sort-date-limit-30-startPage-34-limit-120-jobs, line 1: ReferenceError: errorImg is not defined
JavaScript error: https://www.dice.com/jobs/sort-date-limit-30-startPage-34-limit-120-jobs, line 1: ReferenceError: errorImg is not defined
JavaScript error: https://www.dice.com/jobs/sort-date-limit-30-startPage-34-limit-120-jobs, line 1: ReferenceError: errorImg is not defined
JavaScript error: https://www.dice.com/jobs/sort-date-limit-30-startPage-34-limit-120-jobs, line 1: ReferenceError: errorImg is not defined
JavaScript error: https://www.dice.com/jobs/sort-date-limit-30-startPage-34-limit-120-jobs, line 1: ReferenceError: errorImg is not defined
JavaScript error: https://www.dice.com/jobs/sort-date-limit-30-startPage-34-limit-120-jobs, line 1: ReferenceError: errorImg is not defined
JavaScript error: https://www.dice.com/jobs/sort-date-limit-30-startPage-34-limit-120-jobs, line 1: ReferenceError: errorImg is not defined
JavaScript error: https://www.dice.com/jobs/sort-date-limit-30-startPage-34-limit-120-jobs, line 1: ReferenceError: errorImg is not defined
JavaScript error: https://www.dice.com/jobs/sort-date-limit-30-startPage-34-limit-120-jobs, line 1: ReferenceError: errorImg is not defined
JavaScript error: http://cdn.mplxtms.com/s/MasterTMS.min.js#500, line 15: too much recursion
JavaScript error: https://www.dice.com/jobs/sort-date-limit-30-startPage-35-limit-120-jobs, line 1: ReferenceError: errorImg is not defined
JavaScript error: https://www.dice.com/jobs/sort-date-limit-30-startPage-35-limit-120-jobs, line 1: ReferenceError: errorImg is not defined
JavaScript error: https://www.dice.com/jobs/sort-date-limit-30-startPage-35-limit-120-jobs, line 1: ReferenceError: errorImg is not defined
JavaScript error: https://www.dice.com/jobs/sort-date-limit-30-startPage-35-limit-120-jobs, line 1: ReferenceError: errorImg is not defined
JavaScript error: https://www.dice.com/jobs/sort-date-limit-30-startPage-35-limit-120-jobs, line 1: ReferenceError: errorImg is not defined
JavaScript error: https://www.dice.com/jobs/sort-date-limit-30-startPage-35-limit-120-jobs, line 1: ReferenceError: errorImg is not defined
JavaScript error: https://www.dice.com/jobs/sort-date-limit-30-startPage-35-limit-120-jobs, line 1: ReferenceError: errorImg is not defined
JavaScript error: https://www.dice.com/jobs/sort-date-limit-30-startPage-35-limit-120-jobs, line 1: ReferenceError: errorImg is not defined
JavaScript error: https://www.dice.com/jobs/sort-date-limit-30-startPage-35-limit-120-jobs, line 1: ReferenceError: errorImg is not defined
JavaScript error: https://www.dice.com/jobs/sort-date-limit-30-startPage-35-limit-120-jobs, line 1: ReferenceError: errorImg is not defined
JavaScript error: https://www.dice.com/jobs/sort-date-limit-30-startPage-35-limit-120-jobs, line 1: ReferenceError: errorImg is not defined
JavaScript error: https://www.dice.com/jobs/sort-date-limit-30-startPage-35-limit-120-jobs, line 1: ReferenceError: errorImg is not defined
JavaScript error: https://www.dice.com/jobs/sort-date-limit-30-startPage-35-limit-120-jobs, line 1: ReferenceError: errorImg is not defined
JavaScript error: https://www.dice.com/jobs/sort-date-limit-30-startPage-35-limit-120-jobs, line 1: ReferenceError: errorImg is not defined
JavaScript error: http://cdn.mplxtms.com/s/MasterTMS.min.js#500, line 15: too much recursion
JavaScript error: http://cdn.mplxtms.com/s/MasterTMS.min.js#500, line 15: too much recursion
JavaScript error: http://cdn.mplxtms.com/s/MasterTMS.min.js#500, line 15: too much recursion
JavaScript error: http://cdn.mplxtms.com/s/MasterTMS.min.js#500, line 15: too much recursion
JavaScript error: http://cdn.mplxtms.com/s/MasterTMS.min.js#500, line 15: too much recursion
JavaScript error: http://cdn.mplxtms.com/s/MasterTMS.min.js#500, line 15: too much recursion
JavaScript error: http://cdn.mplxtms.com/s/MasterTMS.min.js#500, line 15: too much recursion
JavaScript error: http://cdn.mplxtms.com/s/MasterTMS.min.js#500, line 15: too much recursion
JavaScript error: http://cdn.mplxtms.com/s/MasterTMS.min.js#500, line 15: too much recursion
JavaScript error: , line 0: Error: Permission denied to access property "href"
JavaScript error: http://cdn.mplxtms.com/s/MasterTMS.min.js#500, line 15: too much recursion
JavaScript error: http://cdn.mplxtms.com/s/MasterTMS.min.js#500, line 15: too much recursion
JavaScript error: http://cdn.mplxtms.com/s/MasterTMS.min.js#500, line 15: too much recursion
JavaScript error: http://cdn.mplxtms.com/s/MasterTMS.min.js#500, line 15: too much recursion
JavaScript error: http://cdn.mplxtms.com/s/MasterTMS.min.js#500, line 15: too much recursion
JavaScript error: http://cdn.mplxtms.com/s/MasterTMS.min.js#500, line 15: too much recursion
JavaScript error: http://cdn.mplxtms.com/s/MasterTMS.min.js#500, line 15: too much recursion
JavaScript error: http://cdn.mplxtms.com/s/MasterTMS.min.js#500, line 15: too much recursion
JavaScript error: http://cdn.mplxtms.com/s/MasterTMS.min.js#500, line 15: too much recursion
JavaScript error: http://cdn.mplxtms.com/s/MasterTMS.min.js#500, line 15: too much recursion
JavaScript error: http://cdn.mplxtms.com/s/MasterTMS.min.js#500, line 15: too much recursion
JavaScript error: http://cdn.mplxtms.com/s/MasterTMS.min.js#500, line 15: too much recursion
JavaScript error: , line 0: Error: Permission denied to access property "href"
JavaScript error: http://cdn.mplxtms.com/s/MasterTMS.min.js#500, line 15: too much recursion
JavaScript error: , line 0: Error: Permission denied to access property "href"
JavaScript error: http://cdn.mplxtms.com/s/MasterTMS.min.js#500, line 15: too much recursion
JavaScript error: http://cdn.mplxtms.com/s/MasterTMS.min.js#500, line 15: too much recursion
JavaScript error: http://cdn.mplxtms.com/s/MasterTMS.min.js#500, line 15: too much recursion
JavaScript error: http://cdn.mplxtms.com/s/MasterTMS.min.js#500, line 15: too much recursion
JavaScript error: http://cdn.mplxtms.com/s/MasterTMS.min.js#500, line 15: too much recursion
JavaScript error: http://cdn.mplxtms.com/s/MasterTMS.min.js#500, line 15: too much recursion
JavaScript error: http://j.adlooxtracking.com/ads/js/tfav_infectiousg_banoneinf.js, line 31: NS_ERROR_FAILURE: 
JavaScript error: http://j.adlooxtracking.com/ads/js/tfav_infectiousg_banoneinf.js, line 31: NS_ERROR_FAILURE: 
JavaScript error: http://j.adlooxtracking.com/ads/js/tfav_infectiousg_banoneinf.js, line 31: NS_ERROR_FAILURE: 
JavaScript error: http://j.adlooxtracking.com/ads/js/tfav_infectiousg_banoneinf.js, line 31: NS_ERROR_FAILURE: 
JavaScript error: http://j.adlooxtracking.com/ads/js/tfav_infectiousg_banoneinf.js, line 31: NS_ERROR_FAILURE: 
JavaScript error: http://cdn.mplxtms.com/s/MasterTMS.min.js#500, line 15: too much recursion
JavaScript error: http://cdn.mplxtms.com/s/MasterTMS.min.js#500, line 15: too much recursion
JavaScript error: http://cdn.mplxtms.com/s/MasterTMS.min.js#500, line 15: too much recursion
JavaScript error: http://cdn.mplxtms.com/s/MasterTMS.min.js#500, line 15: too much recursion
JavaScript error: http://j.adlooxtracking.com/ads/js/tfav_infectiousg_banoneinf.js, line 31: NS_ERROR_FAILURE: 
JavaScript error: http://j.adlooxtracking.com/ads/js/tfav_infectiousg_banoneinf.js, line 31: NS_ERROR_FAILURE: 
JavaScript error: http://j.adlooxtracking.com/ads/js/tfav_infectiousg_banoneinf.js, line 31: NS_ERROR_FAILURE: 
JavaScript error: http://j.adlooxtracking.com/ads/js/tfav_infectiousg_banoneinf.js, line 31: NS_ERROR_FAILURE: 
JavaScript error: http://j.adlooxtracking.com/ads/js/tfav_infectiousg_banoneinf.js, line 31: NS_ERROR_FAILURE: 
JavaScript error: http://j.adlooxtracking.com/ads/js/tfav_infectiousg_banoneinf.js, line 31: NS_ERROR_FAILURE: 
JavaScript error: http://j.adlooxtracking.com/ads/js/tfav_infectiousg_banoneinf.js, line 31: NS_ERROR_FAILURE: 
JavaScript error: http://j.adlooxtracking.com/ads/js/tfav_infectiousg_banoneinf.js, line 31: NS_ERROR_FAILURE: 
JavaScript error: http://j.adlooxtracking.com/ads/js/tfav_infectiousg_banoneinf.js, line 31: NS_ERROR_FAILURE: 
JavaScript error: http://j.adlooxtracking.com/ads/js/tfav_infectiousg_banoneinf.js, line 31: NS_ERROR_FAILURE: 
JavaScript error: http://j.adlooxtracking.com/ads/js/tfav_infectiousg_banoneinf.js, line 31: NS_ERROR_FAILURE: 
JavaScript error: http://cdn.advanseads.com/dnaFiles/js/html_render_v4.min.js?v=1481205962177, line 1: Error: Permission denied to access property "href"
JavaScript error: http://cdn.advanseads.com/dnaFiles/js/html_render_v4.min.js?v=1481205962177, line 1: Error: Permission denied to access property "href"
JavaScript error: http://cdn.advanseads.com/dnaFiles/js/html_render_v4.min.js?v=1481205962105, line 1: Error: Permission denied to access property "href"
JavaScript error: http://cdn.advanseads.com/dnaFiles/js/html_render_v4.min.js?v=1481205962177, line 1: Error: Permission denied to access property "href"
JavaScript error: http://cdn.advanseads.com/dnaFiles/js/html_render_v4.min.js?v=1481205962105, line 1: Error: Permission denied to access property "href"
JavaScript error: http://cdn.advanseads.com/dnaFiles/js/html_render_v4.min.js?v=1481205962177, line 1: Error: Permission denied to access property "href"
JavaScript error: http://cdn.advanseads.com/dnaFiles/js/html_render_v4.min.js?v=1481205962177, line 1: Error: Permission denied to access property "href"
JavaScript error: http://cdn.advanseads.com/dnaFiles/js/html_render_v4.min.js?v=1481205962177, line 1: Error: Permission denied to access property "href"
JavaScript error: http://cdn.advanseads.com/dnaFiles/js/html_render_v4.min.js?v=1481205962105, line 1: Error: Permission denied to access property "href"
JavaScript error: http://cdn.advanseads.com/dnaFiles/js/html_render_v4.min.js?v=1481205962177, line 1: Error: Permission denied to access property "href"
JavaScript error: http://cdn.advanseads.com/dnaFiles/js/html_render_v4.min.js?v=1481205962105, line 1: Error: Permission denied to access property "href"
JavaScript error: http://cdn.advanseads.com/dnaFiles/js/html_render_v4.min.js?v=1481205962177, line 1: Error: Permission denied to access property "href"
JavaScript error: http://cdn.mplxtms.com/s/MasterTMS.min.js#500, line 15: too much recursion
JavaScript error: http://cdn.advanseads.com/dnaFiles/js/html_render_v4.min.js?v=1481205962105, line 1: Error: Permission denied to access property "href"
JavaScript error: http://cdn.advanseads.com/dnaFiles/js/html_render_v4.min.js?v=1481205962177, line 1: Error: Permission denied to access property "href"
JavaScript error: http://cdn.advanseads.com/dnaFiles/js/html_render_v4.min.js?v=1481205962177, line 1: Error: Permission denied to access property "href"
JavaScript error: http://cdn.mplxtms.com/s/MasterTMS.min.js#500, line 15: too much recursion
JavaScript error: http://cdn.mplxtms.com/s/MasterTMS.min.js#500, line 15: too much recursion
JavaScript error: http://cdn.mplxtms.com/s/MasterTMS.min.js#500, line 15: too much recursion
JavaScript error: http://cdn.advanseads.com/dnaFiles/js/html_render_v4.min.js?v=1481205962177, line 1: Error: Permission denied to access property "href"
JavaScript error: http://cdn.advanseads.com/dnaFiles/js/html_render_v4.min.js?v=1481205962105, line 1: Error: Permission denied to access property "href"
JavaScript error: http://cdn.advanseads.com/dnaFiles/js/html_render_v4.min.js?v=1481205962177, line 1: Error: Permission denied to access property "href"
JavaScript error: http://cdn.mplxtms.com/s/MasterTMS.min.js#500, line 15: too much recursion
JavaScript error: http://cdn.mplxtms.com/s/MasterTMS.min.js#500, line 15: too much recursion
JavaScript error: http://cdn.advanseads.com/dnaFiles/js/html_render_v4.min.js?v=1481205962177, line 1: Error: Permission denied to access property "href"
JavaScript error: http://cdn.advanseads.com/dnaFiles/js/html_render_v4.min.js?v=1481205962105, line 1: Error: Permission denied to access property "href"
JavaScript error: http://cdn.advanseads.com/dnaFiles/js/html_render_v4.min.js?v=1481205962177, line 1: Error: Permission denied to access property "href"
JavaScript error: http://cdn.mplxtms.com/s/MasterTMS.min.js#500, line 15: too much recursion
JavaScript error: http://cdn.mplxtms.com/s/MasterTMS.min.js#500, line 15: too much recursion
JavaScript error: http://cdn.advanseads.com/dnaFiles/js/html_render_v4.min.js?v=1481205962177, line 1: Error: Permission denied to access property "href"
JavaScript error: http://cdn.advanseads.com/dnaFiles/js/html_render_v4.min.js?v=1481205962105, line 1: Error: Permission denied to access property "href"
JavaScript error: http://cdn.advanseads.com/dnaFiles/js/html_render_v4.min.js?v=1481205962177, line 1: Error: Permission denied to access property "href"
JavaScript error: http://cdn.advanseads.com/dnaFiles/js/html_render_v4.min.js?v=1481205962105, line 1: Error: Permission denied to access property "href"
JavaScript error: http://cdn.advanseads.com/dnaFiles/js/html_render_v4.min.js?v=1481205962177, line 1: Error: Permission denied to access property "href"
JavaScript error: http://cdn.mplxtms.com/s/MasterTMS.min.js#500, line 15: too much recursion
JavaScript error: http://cdn.mplxtms.com/s/MasterTMS.min.js#500, line 15: too much recursion
JavaScript error: https://www.dice.com/jobs/sort-date-limit-30-startPage-68-limit-120-jobs, line 1: ReferenceError: errorImg is not defined
JavaScript error: https://www.dice.com/jobs/sort-date-limit-30-startPage-68-limit-120-jobs, line 1: ReferenceError: errorImg is not defined
JavaScript error: https://www.dice.com/jobs/sort-date-limit-30-startPage-68-limit-120-jobs, line 1: ReferenceError: errorImg is not defined
JavaScript error: https://www.dice.com/jobs/sort-date-limit-30-startPage-68-limit-120-jobs, line 1: ReferenceError: errorImg is not defined
JavaScript error: https://www.dice.com/jobs/sort-date-limit-30-startPage-68-limit-120-jobs, line 1: ReferenceError: errorImg is not defined
JavaScript error: https://www.dice.com/jobs/sort-date-limit-30-startPage-69-limit-120-jobs, line 1: ReferenceError: errorImg is not defined
JavaScript error: https://www.dice.com/jobs/sort-date-limit-30-startPage-69-limit-120-jobs, line 1: ReferenceError: errorImg is not defined
JavaScript error: https://www.dice.com/jobs/sort-date-limit-30-startPage-69-limit-120-jobs, line 1: ReferenceError: errorImg is not defined
JavaScript error: https://www.dice.com/jobs/sort-date-limit-30-startPage-69-limit-120-jobs, line 1: ReferenceError: errorImg is not defined
JavaScript error: https://www.dice.com/jobs/sort-date-limit-30-startPage-69-limit-120-jobs, line 1: ReferenceError: errorImg is not defined
JavaScript error: https://www.dice.com/jobs/sort-date-limit-30-startPage-69-limit-120-jobs, line 1: ReferenceError: errorImg is not defined
JavaScript error: https://www.dice.com/jobs/sort-date-limit-30-startPage-69-limit-120-jobs, line 1: ReferenceError: errorImg is not defined
JavaScript error: https://www.dice.com/jobs/sort-date-limit-30-startPage-69-limit-120-jobs, line 1: ReferenceError: errorImg is not defined
JavaScript error: http://cdn.mplxtms.com/s/MasterTMS.min.js#500, line 15: too much recursion
JavaScript error: http://cdn.mplxtms.com/s/MasterTMS.min.js#500, line 15: too much recursion
JavaScript error: http://cdn.mplxtms.com/s/MasterTMS.min.js#500, line 15: too much recursion
JavaScript error: http://cdn.mplxtms.com/s/MasterTMS.min.js#500, line 15: too much recursion
JavaScript error: http://cdn.mplxtms.com/s/MasterTMS.min.js#500, line 15: too much recursion
JavaScript error: http://cdn.mplxtms.com/s/MasterTMS.min.js#500, line 15: too much recursion
JavaScript error: http://cdn.mplxtms.com/s/MasterTMS.min.js#500, line 15: too much recursion
JavaScript error: http://cdn.mplxtms.com/s/MasterTMS.min.js#500, line 15: too much recursion
JavaScript error: http://cdn.mplxtms.com/s/MasterTMS.min.js#500, line 15: too much recursion
JavaScript error: http://cdn.mplxtms.com/s/MasterTMS.min.js#500, line 15: too much recursion
[NPAPI 12247] ###!!! ABORT: Aborting on channel error.: file /build/firefox-z5GTBX/firefox-51.0.1+build2/ipc/glue/MessageChannel.cpp, line 2056
[NPAPI 12247] ###!!! ABORT: Aborting on channel error.: file /build/firefox-z5GTBX/firefox-51.0.1+build2/ipc/glue/MessageChannel.cpp, line 2056
[Child 10948] ###!!! ABORT: Aborting on channel error.: file /build/firefox-z5GTBX/firefox-51.0.1+build2/ipc/glue/MessageChannel.cpp, line 2056
[Child 10948] ###!!! ABORT: Aborting on channel error.: file /build/firefox-z5GTBX/firefox-51.0.1+build2/ipc/glue/MessageChannel.cpp, line 2056
[NPAPI 12153] ###!!! ABORT: Aborting on channel error.: file /build/firefox-z5GTBX/firefox-51.0.1+build2/ipc/glue/MessageChannel.cpp, line 2056
[NPAPI 12153] ###!!! ABORT: Aborting on channel error.: file /build/firefox-z5GTBX/firefox-51.0.1+build2/ipc/glue/MessageChannel.cpp, line 2056
[Child 10958] ###!!! ABORT: Aborting on channel error.: file /build/firefox-z5GTBX/firefox-51.0.1+build2/ipc/glue/MessageChannel.cpp, line 2056
[Child 10958] ###!!! ABORT: Aborting on channel error.: file /build/firefox-z5GTBX/firefox-51.0.1+build2/ipc/glue/MessageChannel.cpp, line 2056
[Child 10101] ###!!! ABORT: Aborting on channel error.: file /build/firefox-z5GTBX/firefox-51.0.1+build2/ipc/glue/MessageChannel.cpp, line 2056
[Child 10101] ###!!! ABORT: Aborting on channel error.: file /build/firefox-z5GTBX/firefox-51.0.1+build2/ipc/glue/MessageChannel.cpp, line 2056
[Child 10084] ###!!! ABORT: Aborting on channel error.: file /build/firefox-z5GTBX/firefox-51.0.1+build2/ipc/glue/MessageChannel.cpp, line 2056
[Child 10084] ###!!! ABORT: Aborting on channel error.: file /build/firefox-z5GTBX/firefox-51.0.1+build2/ipc/glue/MessageChannel.cpp, line 2056
1488957018743	geckodriver	INFO	Listening on 127.0.0.1:60286
1488957019746	mozprofile::profile	INFO	Using profile path /tmp/rust_mozprofile.fwEJVJ54GgyK
1488957019747	geckodriver::marionette	INFO	Starting browser /usr/bin/firefox
1488957019750	geckodriver::marionette	INFO	Connecting to Marionette on localhost:37035
1488957021473	Marionette	INFO	Listening on port 37035
1488957093584	geckodriver	INFO	Listening on 127.0.0.1:40770
1488957094583	mozprofile::profile	INFO	Using profile path /tmp/rust_mozprofile.G6aOWJlaAgzf
1488957094584	geckodriver::marionette	INFO	Starting browser /usr/bin/firefox
1488957094587	geckodriver::marionette	INFO	Connecting to Marionette on localhost:42491
1488957095922	Marionette	INFO	Listening on port 42491
[Child 13436] ###!!! ABORT: Aborting on channel error.: file /build/firefox-z5GTBX/firefox-51.0.1+build2/ipc/glue/MessageChannel.cpp, line 2056
[Child 13436] ###!!! ABORT: Aborting on channel error.: file /build/firefox-z5GTBX/firefox-51.0.1+build2/ipc/glue/MessageChannel.cpp, line 2056

###!!! [Child][MessageChannel] Error: (msgtype=0x420003,name=PCompositable::Msg_Destroy) Channel error: cannot send/recv

1488957272253	geckodriver	INFO	Listening on 127.0.0.1:56568
1488957273252	mozprofile::profile	INFO	Using profile path /tmp/rust_mozprofile.xAUVROlaBBsC
1488957273252	geckodriver::marionette	INFO	Starting browser /usr/bin/firefox
1488957273255	geckodriver::marionette	INFO	Connecting to Marionette on localhost:45927
1488957274718	Marionette	INFO	Listening on port 45927
1488972219591	geckodriver	INFO	Listening on 127.0.0.1:54010
1488972220514	mozprofile::profile	INFO	Using profile path /tmp/rust_mozprofile.ZsNggyw9dlcU
1488972220530	geckodriver::marionette	INFO	Starting browser /usr/bin/firefox
1488972220534	geckodriver::marionette	INFO	Connecting to Marionette on localhost:38733
1488972225782	addons.manager	DEBUG	Application has been upgraded
1488972225928	addons.manager	DEBUG	Loaded provider scope for resource://gre/modules/addons/XPIProvider.jsm: ["XPIProvider"]
1488972225930	addons.manager	DEBUG	Loaded provider scope for resource://gre/modules/LightweightThemeManager.jsm: ["LightweightThemeManager"]
1488972225950	addons.manager	DEBUG	Loaded provider scope for resource://gre/modules/addons/GMPProvider.jsm
1488972225953	addons.manager	DEBUG	Loaded provider scope for resource://gre/modules/addons/PluginProvider.jsm
1488972225954	addons.manager	DEBUG	Starting provider: XPIProvider
1488972225954	addons.xpi	DEBUG	startup
1488972225955	addons.xpi	INFO	SystemAddonInstallLocation directory is missing
1488972225968	addons.xpi	INFO	Mapping e10srollout@mozilla.org to /usr/lib/firefox/browser/features/e10srollout@mozilla.org.xpi
1488972225968	addons.xpi	INFO	Mapping webcompat@mozilla.org to /usr/lib/firefox/browser/features/webcompat@mozilla.org.xpi
1488972225969	addons.xpi	INFO	Mapping firefox@getpocket.com to /usr/lib/firefox/browser/features/firefox@getpocket.com.xpi
1488972225969	addons.xpi	INFO	Mapping aushelper@mozilla.org to /usr/lib/firefox/browser/features/aushelper@mozilla.org.xpi
1488972225974	addons.xpi	INFO	Mapping {972ce4c6-7e08-4474-a285-3208198ce6fd} to /usr/lib/firefox/browser/extensions/{972ce4c6-7e08-4474-a285-3208198ce6fd}.xpi
1488972225975	addons.xpi	DEBUG	checkForChanges
1488972225976	addons.xpi	DEBUG	Loaded add-on state from prefs: {}
1488972225977	addons.xpi	DEBUG	New add-on e10srollout@mozilla.org in app-system-defaults
1488972225978	addons.xpi	DEBUG	getModTime: Recursive scan of e10srollout@mozilla.org
1488972225979	addons.xpi	DEBUG	New add-on webcompat@mozilla.org in app-system-defaults
1488972225980	addons.xpi	DEBUG	getModTime: Recursive scan of webcompat@mozilla.org
1488972225980	addons.xpi	DEBUG	New add-on firefox@getpocket.com in app-system-defaults
1488972225981	addons.xpi	DEBUG	getModTime: Recursive scan of firefox@getpocket.com
1488972225981	addons.xpi	DEBUG	New add-on aushelper@mozilla.org in app-system-defaults
1488972225982	addons.xpi	DEBUG	getModTime: Recursive scan of aushelper@mozilla.org
1488972225982	addons.xpi	DEBUG	New add-on {972ce4c6-7e08-4474-a285-3208198ce6fd} in app-global
1488972225983	addons.xpi	DEBUG	getModTime: Recursive scan of {972ce4c6-7e08-4474-a285-3208198ce6fd}
1488972225984	addons.xpi	DEBUG	getInstallState changed: true, state: {"app-system-defaults":{"e10srollout@mozilla.org":{"d":"/usr/lib/firefox/browser/features/e10srollout@mozilla.org.xpi","st":1485985012000},"webcompat@mozilla.org":{"d":"/usr/lib/firefox/browser/features/webcompat@mozilla.org.xpi","st":1485985013000},"firefox@getpocket.com":{"d":"/usr/lib/firefox/browser/features/firefox@getpocket.com.xpi","st":1485985013000},"aushelper@mozilla.org":{"d":"/usr/lib/firefox/browser/features/aushelper@mozilla.org.xpi","st":1485985012000}},"app-global":{"{972ce4c6-7e08-4474-a285-3208198ce6fd}":{"d":"/usr/lib/firefox/browser/extensions/{972ce4c6-7e08-4474-a285-3208198ce6fd}.xpi","st":1485985012000}}}
1488972226007	addons.xpi-utils	DEBUG	Opening XPI database /tmp/rust_mozprofile.ZsNggyw9dlcU/extensions.json
1488972226008	addons.xpi-utils	DEBUG	New add-on e10srollout@mozilla.org installed in app-system-defaults
*** Blocklist::_loadBlocklistFromFile: blocklist is disabled
1488972226049	DeferredSave.extensions.json	DEBUG	Save changes
1488972226050	addons.xpi-utils	DEBUG	New add-on webcompat@mozilla.org installed in app-system-defaults
1488972226054	DeferredSave.extensions.json	DEBUG	Starting timer
1488972226058	DeferredSave.extensions.json	DEBUG	Save changes
1488972226058	addons.xpi-utils	DEBUG	New add-on firefox@getpocket.com installed in app-system-defaults
1488972226073	DeferredSave.extensions.json	DEBUG	Save changes
1488972226073	addons.xpi-utils	DEBUG	New add-on aushelper@mozilla.org installed in app-system-defaults
1488972226079	DeferredSave.extensions.json	DEBUG	Save changes
1488972226080	addons.xpi-utils	DEBUG	New add-on {972ce4c6-7e08-4474-a285-3208198ce6fd} installed in app-global
1488972226122	DeferredSave.extensions.json	DEBUG	Save changes
1488972226123	addons.manager	DEBUG	Registering startup change 'installed' for e10srollout@mozilla.org
1488972226159	addons.xpi	DEBUG	Loading bootstrap scope from /usr/lib/firefox/browser/features/e10srollout@mozilla.org.xpi
1488972226225	addons.xpi	DEBUG	Calling bootstrap method install on e10srollout@mozilla.org version 1.7
1488972226226	addons.xpi-utils	DEBUG	Make addon app-system-defaults:e10srollout@mozilla.org visible
1488972226227	DeferredSave.extensions.json	DEBUG	Save changes
1488972226227	addons.manager	DEBUG	Registering startup change 'installed' for webcompat@mozilla.org
1488972226228	addons.xpi	DEBUG	Loading bootstrap scope from /usr/lib/firefox/browser/features/webcompat@mozilla.org.xpi
1488972226230	addons.xpi	DEBUG	Calling bootstrap method install on webcompat@mozilla.org version 1.0
1488972226230	addons.xpi-utils	DEBUG	Make addon app-system-defaults:webcompat@mozilla.org visible
1488972226231	DeferredSave.extensions.json	DEBUG	Save changes
1488972226232	addons.manager	DEBUG	Registering startup change 'installed' for firefox@getpocket.com
1488972226233	addons.xpi	DEBUG	Loading bootstrap scope from /usr/lib/firefox/browser/features/firefox@getpocket.com.xpi
1488972226238	addons.xpi	DEBUG	Calling bootstrap method install on firefox@getpocket.com version 1.0.5
1488972226238	addons.xpi-utils	DEBUG	Make addon app-system-defaults:firefox@getpocket.com visible
1488972226239	DeferredSave.extensions.json	DEBUG	Save changes
1488972226239	addons.manager	DEBUG	Registering startup change 'installed' for aushelper@mozilla.org
1488972226240	addons.xpi	DEBUG	Loading bootstrap scope from /usr/lib/firefox/browser/features/aushelper@mozilla.org.xpi
1488972226243	addons.xpi	DEBUG	Calling bootstrap method install on aushelper@mozilla.org version 1.0
1488972226243	addons.xpi-utils	DEBUG	Make addon app-system-defaults:aushelper@mozilla.org visible
1488972226243	DeferredSave.extensions.json	DEBUG	Save changes
1488972226244	addons.xpi-utils	DEBUG	Make addon app-global:{972ce4c6-7e08-4474-a285-3208198ce6fd} visible
1488972226244	DeferredSave.extensions.json	DEBUG	Save changes
1488972226245	addons.xpi	DEBUG	Updating XPIState for {"id":"e10srollout@mozilla.org","syncGUID":"{ad429233-7cfb-4ec0-bec9-404c44fd9a35}","location":"app-system-defaults","version":"1.7","type":"extension","internalName":null,"updateURL":null,"updateKey":null,"optionsURL":null,"optionsType":null,"aboutURL":null,"icons":{},"iconURL":null,"icon64URL":null,"defaultLocale":{"name":"Multi-process staged rollout","description":"Staged rollout of Firefox multi-process feature.","creator":null,"homepageURL":null},"visible":true,"active":true,"userDisabled":false,"appDisabled":false,"descriptor":"/usr/lib/firefox/browser/features/e10srollout@mozilla.org.xpi","installDate":1485985012000,"updateDate":1485985012000,"applyBackgroundUpdates":1,"bootstrap":true,"skinnable":false,"size":6997,"sourceURI":null,"releaseNotesURI":null,"softDisabled":false,"foreignInstall":false,"hasBinaryComponents":false,"strictCompatibility":false,"locales":[],"targetApplications":[{"id":"{ec8030f7-c20a-464f-9b0e-13a3a9e97384}","minVersion":"51.0.1","maxVersion":"51.*"}],"targetPlatforms":[],"multiprocessCompatible":true,"seen":true,"dependencies":[],"hasEmbeddedWebExtension":false,"mpcOptedOut":false}
1488972226245	addons.xpi	DEBUG	getModTime: Recursive scan of e10srollout@mozilla.org
1488972226245	addons.xpi	DEBUG	Updating XPIState for {"id":"webcompat@mozilla.org","syncGUID":"{6a8ec0e1-d6b1-4397-b7db-d96062d7e2bb}","location":"app-system-defaults","version":"1.0","type":"extension","internalName":null,"updateURL":null,"updateKey":null,"optionsURL":null,"optionsType":null,"aboutURL":null,"icons":{},"iconURL":null,"icon64URL":null,"defaultLocale":{"name":"Web Compat","description":"Urgent post-release fixes for web compatibility.","creator":null,"homepageURL":null},"visible":true,"active":true,"userDisabled":false,"appDisabled":false,"descriptor":"/usr/lib/firefox/browser/features/webcompat@mozilla.org.xpi","installDate":1485985013000,"updateDate":1485985013000,"applyBackgroundUpdates":1,"bootstrap":true,"skinnable":false,"size":1570,"sourceURI":null,"releaseNotesURI":null,"softDisabled":false,"foreignInstall":false,"hasBinaryComponents":false,"strictCompatibility":false,"locales":[],"targetApplications":[{"id":"{ec8030f7-c20a-464f-9b0e-13a3a9e97384}","minVersion":"51.0.1","maxVersion":"51.*"}],"targetPlatforms":[],"multiprocessCompatible":true,"seen":true,"dependencies":[],"hasEmbeddedWebExtension":false,"mpcOptedOut":false}
1488972226245	addons.xpi	DEBUG	getModTime: Recursive scan of webcompat@mozilla.org
1488972226246	addons.xpi	DEBUG	Updating XPIState for {"id":"firefox@getpocket.com","syncGUID":"{6c0125c5-e658-4260-8643-e786eade1e8d}","location":"app-system-defaults","version":"1.0.5","type":"extension","internalName":null,"updateURL":null,"updateKey":null,"optionsURL":null,"optionsType":null,"aboutURL":null,"icons":{},"iconURL":null,"icon64URL":null,"defaultLocale":{"name":"Pocket","description":"When you find something you want to view later, put it in Pocket.","creator":null,"homepageURL":null},"visible":true,"active":true,"userDisabled":false,"appDisabled":false,"descriptor":"/usr/lib/firefox/browser/features/firefox@getpocket.com.xpi","installDate":1485985013000,"updateDate":1485985013000,"applyBackgroundUpdates":1,"bootstrap":true,"skinnable":false,"size":921011,"sourceURI":null,"releaseNotesURI":null,"softDisabled":false,"foreignInstall":false,"hasBinaryComponents":false,"strictCompatibility":false,"locales":[],"targetApplications":[{"id":"{ec8030f7-c20a-464f-9b0e-13a3a9e97384}","minVersion":"51.0.1","maxVersion":"51.*"}],"targetPlatforms":[],"multiprocessCompatible":true,"seen":true,"dependencies":[],"hasEmbeddedWebExtension":false,"mpcOptedOut":false}
1488972226246	addons.xpi	DEBUG	getModTime: Recursive scan of firefox@getpocket.com
1488972226247	addons.xpi	DEBUG	Updating XPIState for {"id":"aushelper@mozilla.org","syncGUID":"{bad2c6e1-4ca9-4736-aaff-ea1373a2ba41}","location":"app-system-defaults","version":"1.0","type":"extension","internalName":null,"updateURL":null,"updateKey":null,"optionsURL":null,"optionsType":null,"aboutURL":null,"icons":{},"iconURL":null,"icon64URL":null,"defaultLocale":{"name":"Application Update Service Helper","description":"Sets value(s) in the update url based on custom checks.","creator":null,"homepageURL":null},"visible":true,"active":true,"userDisabled":false,"appDisabled":false,"descriptor":"/usr/lib/firefox/browser/features/aushelper@mozilla.org.xpi","installDate":1485985012000,"updateDate":1485985012000,"applyBackgroundUpdates":1,"bootstrap":true,"skinnable":false,"size":5975,"sourceURI":null,"releaseNotesURI":null,"softDisabled":false,"foreignInstall":false,"hasBinaryComponents":false,"strictCompatibility":false,"locales":[],"targetApplications":[{"id":"{ec8030f7-c20a-464f-9b0e-13a3a9e97384}","minVersion":"51.0.1","maxVersion":"51.*"}],"targetPlatforms":[],"multiprocessCompatible":true,"seen":true,"dependencies":[],"hasEmbeddedWebExtension":false,"mpcOptedOut":false}
1488972226247	addons.xpi	DEBUG	getModTime: Recursive scan of aushelper@mozilla.org
1488972226247	addons.xpi	DEBUG	Updating XPIState for {"id":"{972ce4c6-7e08-4474-a285-3208198ce6fd}","syncGUID":"{c5441497-0497-42bb-9fec-4f3766772fad}","location":"app-global","version":"51.0.1","type":"theme","internalName":"classic/1.0","updateURL":null,"updateKey":null,"optionsURL":null,"optionsType":null,"aboutURL":null,"icons":{"32":"icon.png","48":"icon.png"},"iconURL":null,"icon64URL":null,"defaultLocale":{"name":"Default","description":"The default theme.","creator":"Mozilla","homepageURL":null,"contributors":["Mozilla Contributors"]},"visible":true,"active":true,"userDisabled":false,"appDisabled":false,"descriptor":"/usr/lib/firefox/browser/extensions/{972ce4c6-7e08-4474-a285-3208198ce6fd}.xpi","installDate":1485985012000,"updateDate":1485985012000,"applyBackgroundUpdates":1,"skinnable":true,"size":4932,"sourceURI":null,"releaseNotesURI":null,"softDisabled":false,"foreignInstall":false,"hasBinaryComponents":false,"strictCompatibility":true,"locales":[],"targetApplications":[{"id":"{ec8030f7-c20a-464f-9b0e-13a3a9e97384}","minVersion":"51.0.1","maxVersion":"51.0.1"}],"targetPlatforms":[],"seen":true,"dependencies":[],"hasEmbeddedWebExtension":false}
1488972226247	addons.xpi	DEBUG	getModTime: Recursive scan of {972ce4c6-7e08-4474-a285-3208198ce6fd}
1488972226249	DeferredSave.extensions.json	DEBUG	Save changes
1488972226249	addons.xpi	DEBUG	Updating database with changes to installed add-ons
1488972226249	addons.xpi-utils	DEBUG	Updating add-on states
1488972226250	addons.xpi-utils	DEBUG	Writing add-ons list
1488972226252	addons.xpi	DEBUG	Registering manifest for /usr/lib/firefox/browser/features/aushelper@mozilla.org.xpi
1488972226252	addons.xpi	DEBUG	Calling bootstrap method startup on aushelper@mozilla.org version 1.0
1488972226253	addons.xpi	DEBUG	Registering manifest for /usr/lib/firefox/browser/features/e10srollout@mozilla.org.xpi
1488972226254	addons.xpi	DEBUG	Calling bootstrap method startup on e10srollout@mozilla.org version 1.7
1488972226255	addons.xpi	DEBUG	Registering manifest for /usr/lib/firefox/browser/features/firefox@getpocket.com.xpi
1488972226256	addons.xpi	DEBUG	Calling bootstrap method startup on firefox@getpocket.com version 1.0.5
1488972226258	addons.xpi	DEBUG	Registering manifest for /usr/lib/firefox/browser/features/webcompat@mozilla.org.xpi
1488972226258	addons.xpi	DEBUG	Calling bootstrap method startup on webcompat@mozilla.org version 1.0
1488972226261	addons.manager	DEBUG	Registering shutdown blocker for XPIProvider
1488972226262	addons.manager	DEBUG	Provider finished startup: XPIProvider
1488972226262	addons.manager	DEBUG	Starting provider: LightweightThemeManager
1488972226262	addons.manager	DEBUG	Registering shutdown blocker for LightweightThemeManager
1488972226262	addons.manager	DEBUG	Provider finished startup: LightweightThemeManager
1488972226263	addons.manager	DEBUG	Starting provider: GMPProvider
1488972226272	addons.manager	DEBUG	Registering shutdown blocker for GMPProvider
1488972226272	addons.manager	DEBUG	Provider finished startup: GMPProvider
1488972226272	addons.manager	DEBUG	Starting provider: PluginProvider
1488972226272	addons.manager	DEBUG	Registering shutdown blocker for PluginProvider
1488972226273	addons.manager	DEBUG	Provider finished startup: PluginProvider
1488972226273	addons.manager	DEBUG	Completed startup sequence
1488972227294	Marionette	INFO	Listening on port 38733
1488972228656	addons.manager	DEBUG	Starting provider: <unnamed-provider>
1488972228656	addons.manager	DEBUG	Registering shutdown blocker for <unnamed-provider>
1488972228656	addons.manager	DEBUG	Provider finished startup: <unnamed-provider>
1488972229050	addons.manager	DEBUG	Starting provider: PreviousExperimentProvider
1488972229051	addons.manager	DEBUG	Registering shutdown blocker for PreviousExperimentProvider
1488972229053	addons.manager	DEBUG	Provider finished startup: PreviousExperimentProvider
1488972229059	DeferredSave.extensions.json	DEBUG	Starting write
1488972229458	DeferredSave.extensions.json	DEBUG	Write succeeded
1488972229460	addons.xpi-utils	DEBUG	XPI Database saved, setting schema version preference to 19

(firefox:2268): GLib-GObject-CRITICAL **: g_type_add_interface_static: assertion 'g_type_parent (interface_type) == G_TYPE_INTERFACE' failed

(firefox:2268): GLib-GObject-CRITICAL **: g_type_add_interface_static: assertion 'g_type_parent (interface_type) == G_TYPE_INTERFACE' failed

(firefox:2268): GLib-GObject-CRITICAL **: g_type_add_interface_static: assertion 'g_type_parent (interface_type) == G_TYPE_INTERFACE' failed

(firefox:2268): GLib-GObject-CRITICAL **: g_type_add_interface_static: assertion 'g_type_parent (interface_type) == G_TYPE_INTERFACE' failed

(firefox:2268): GLib-GObject-CRITICAL **: g_type_add_interface_static: assertion 'g_type_parent (interface_type) == G_TYPE_INTERFACE' failed

(firefox:2268): GLib-GObject-CRITICAL **: g_type_add_interface_static: assertion 'g_type_parent (interface_type) == G_TYPE_INTERFACE' failed

(firefox:2268): GLib-GObject-CRITICAL **: g_type_add_interface_static: assertion 'g_type_parent (interface_type) == G_TYPE_INTERFACE' failed
1488972290305	addons.productaddons	INFO	sending request to: https://aus5.mozilla.org/update/3/GMP/51.0.1/20170201180315/Linux_x86_64-gcc3/null/release-cck- ubuntu/Linux%204.4.0-57-generic%20(GTK%203.18.9%2Clibpulse%208.0.0)/canonical/1.0/update.xml
1488972291205	addons.productaddons	INFO	Completed downloading document
1488972292182	addons.productaddons	INFO	downloadXHR File download. status=200
1488972292186	addons.productaddons	INFO	Downloaded file will be saved to /tmp/tmpaddon
1488972292324	addons.xpi	DEBUG	Calling bootstrap method shutdown on webcompat@mozilla.org version 1.0
1488972292325	addons.xpi	DEBUG	Calling bootstrap method shutdown on firefox@getpocket.com version 1.0.5
1488972292325	addons.xpi	DEBUG	Calling bootstrap method shutdown on e10srollout@mozilla.org version 1.7
1488972292326	addons.xpi	DEBUG	Calling bootstrap method shutdown on aushelper@mozilla.org version 1.0
1488972292552	addons.manager	DEBUG	shutdown
1488972292552	addons.manager	DEBUG	Calling shutdown blocker for XPIProvider
1488972292553	addons.xpi	DEBUG	shutdown
1488972292553	addons.xpi-utils	DEBUG	shutdown
1488972292554	addons.manager	DEBUG	Calling shutdown blocker for LightweightThemeManager
1488972292554	addons.manager	DEBUG	Calling shutdown blocker for GMPProvider
1488972292558	addons.manager	DEBUG	Calling shutdown blocker for PluginProvider
1488972292558	addons.manager	DEBUG	Calling shutdown blocker for <unnamed-provider>
1488972292561	addons.manager	DEBUG	Calling shutdown blocker for PreviousExperimentProvider
1488972292567	addons.xpi	DEBUG	Notifying XPI shutdown observers
1488972292573	addons.manager	DEBUG	Async provider shutdown done
